Randomly selected files:
/root/projects/QASMBench/small//qpe_n9/qpe_n9.qasm,/root/projects/QASMBench/small//bb84_n8/bb84_n8.qasm,/root/projects/QASMBench/small//cat_state_n4/cat_state_n4.qasm,/root/projects/QASMBench/small//bell_n4/bell_n4.qasm,/root/projects/QASMBench/small//quantumwalks_n2/quantumwalks_n2.qasm
============================= test session starts ==============================
platform linux -- Python 3.10.6, pytest-7.2.0, pluggy-1.0.0
rootdir: /root/projects/qvm
plugins: anyio-3.6.2
collected 7 items / 6 deselected / 1 selected

tst/qvm/integration/qvm_test.py 
 === Testing ===

==== qasm_list ===

/root/projects/QASMBench/small//qpe_n9/qpe_n9.qasm,/root/projects/QASMBench/small//bb84_n8/bb84_n8.qasm,/root/projects/QASMBench/small//cat_state_n4/cat_state_n4.qasm,/root/projects/QASMBench/small//bell_n4/bell_n4.qasm,/root/projects/QASMBench/small//quantumwalks_n2/quantumwalks_n2.qasm
naive selection time	3.6716461181640625e-05
F

=================================== FAILURES ===================================
_ TestSelectMethods.test_select_methods[/root/projects/QASMBench/small//qpe_n9/qpe_n9.qasm,/root/projects/QASMBench/small//bb84_n8/bb84_n8.qasm,/root/projects/QASMBench/small//cat_state_n4/cat_state_n4.qasm,/root/projects/QASMBench/small//bell_n4/bell_n4.qasm,/root/projects/QASMBench/small//quantumwalks_n2/quantumwalks_n2.qasm-FakeBrooklyn-4] _

self = <qvm_test.TestSelectMethods object at 0x7f56d6c17460>
qasm = '/root/projects/QASMBench/small//qpe_n9/qpe_n9.qasm,/root/projects/QASMBench/small//bb84_n8/bb84_n8.qasm,/root/project...ot/projects/QASMBench/small//bell_n4/bell_n4.qasm,/root/projects/QASMBench/small//quantumwalks_n2/quantumwalks_n2.qasm'
backend = 'FakeBrooklyn', cu_size = '4'

    def test_select_methods(self, qasm, backend, cu_size):
        """
        Args:
            bench: List of qasm file paths
            backend: Backend name
        """
        self._backend = globals().get(backend)()
        back_manager = FrpBackendManagerV2(self._backend)
        back_manager.cu_size = int(cu_size)
        back_manager.init_helpers()
        back_manager.init_cus()
        proc_manager = QvmProcessManagerV2(self._backend)
    
        qasm_list = qasm.split(",")
        circuit_list = [
            self.get_qiskit_circ("qasm", qasm_path=qasm_path) for qasm_path in qasm_list
        ]
        process_list = [back_manager.compile(circ) for circ in circuit_list]
    
        print("\n === Testing ===")
        print("\n==== qasm_list ===\n")
        print(qasm)
    
        # Naive
        st_time = time.time()
        executables = proc_manager._select_naive(process_list)
        print(f"naive selection time\t{time.time() - st_time}")
>       fid = self.get_fidelity(circuit_list, executables)

tst/qvm/integration/qvm_test.py:197: 
_ _ _ _ _ _ _ _ _ _ _ _ _ _ _ _ _ _ _ _ _ _ _ _ _ _ _ _ _ _ _ _ _ _ _ _ _ _ _ _ 
tst/qvm/integration/qvm_test.py:166: in get_fidelity
    fid = fid_calculator.calc_fidelity(circ, results[i], shots=shots)
../qvm/util/circuit.py:247: in calc_fidelity
    pv_noise, _ = counts_to_vector(counts, num_qubits)
_ _ _ _ _ _ _ _ _ _ _ _ _ _ _ _ _ _ _ _ _ _ _ _ _ _ _ _ _ _ _ _ _ _ _ _ _ _ _ _ 

counts = {'0 1 0 0 1 0 1 1': 1, '0 1 0 0 1 1 1 1': 1, '1 1 0 1 0 1 1 0': 3, '0 1 1 1 1 0 1 0': 1, '0 1 1 0 1 1 1 1': 1, '0 0 1 ..., '0 1 0 1 0 1 1 1': 204, '1 0 1 1 0 1 1 1': 5, '0 1 1 1 1 0 0 0': 229, '0 1 0 0 1 0 0 1': 183, '0 1 0 0 1 1 0 1': 206}
num_qubits = 8

    def counts_to_vector(counts: Counts, num_qubits: int) -> Tuple[np.ndarray, int]:
        """Transforms Counts to a probability vector"""
        vec = np.zeros(2**num_qubits, dtype=float)
        shots = 0
        for key, val in counts.items():
            shots += val
>           vec[int(key, 2)] = val
E           ValueError: invalid literal for int() with base 2: '0 1 0 0 1 0 1 1'

/root/anaconda3/envs/qcs-noise/lib/python3.10/site-packages/qiskit/result/mitigation/utils.py:93: ValueError
------------------------------ Captured log call -------------------------------
WARNING  root:graph.py:571 Failed to grow a subgraph from root: 26, current visited status: {0, 1, 3, 4, 5, 6, 8, 10, 12, 13, 18, 19, 20, 21, 22, 23, 25, 26, 34, 35, 36, 37, 42, 43, 44, 45, 49, 50, 51, 54}, error message is 'Cannot grow a graph that satisfy the subgraph size from current root: 26'
WARNING  root:graph.py:571 Failed to grow a subgraph from root: 40, current visited status: {0, 1, 3, 4, 5, 6, 8, 10, 12, 13, 18, 19, 20, 21, 22, 25, 26, 34, 35, 36, 37, 40, 42, 43, 44, 45, 49, 50, 51, 54}, error message is 'Cannot grow a graph that satisfy the subgraph size from current root: 40'
WARNING  root:graph.py:571 Failed to grow a subgraph from root: 9, current visited status: {0, 1, 3, 4, 5, 6, 8, 9, 10, 12, 13, 18, 19, 20, 21, 22, 25, 26, 27, 28, 30, 31, 32, 34, 35, 36, 37, 38, 39, 40, 41, 42, 43, 44, 45, 49, 50, 51, 52, 54, 55, 56, 57}, error message is 'Cannot grow a graph that satisfy the subgraph size from current root: 9'
WARNING  root:graph.py:571 Failed to grow a subgraph from root: 7, current visited status: {0, 1, 3, 4, 5, 6, 7, 8, 9, 10, 12, 13, 14, 15, 18, 19, 20, 21, 22, 24, 25, 26, 27, 28, 29, 30, 31, 32, 34, 35, 36, 37, 38, 39, 40, 41, 42, 43, 44, 45, 46, 47, 48, 49, 50, 51, 52, 53, 54, 55, 56, 57, 58, 59, 60, 61}, error message is 'Cannot grow a graph that satisfy the subgraph size from current root: 7'
WARNING  root:graph.py:571 Failed to grow a subgraph from root: 62, current visited status: {0, 1, 3, 4, 5, 6, 7, 8, 9, 10, 12, 13, 14, 15, 18, 19, 20, 21, 22, 24, 25, 26, 27, 28, 29, 30, 31, 32, 34, 35, 36, 37, 38, 39, 40, 41, 42, 43, 44, 45, 46, 47, 48, 49, 50, 51, 52, 53, 54, 55, 56, 57, 58, 59, 60, 61, 62, 63, 64}, error message is 'Cannot grow a graph that satisfy the subgraph size from current root: 62'
WARNING  root:graph.py:571 Failed to grow a subgraph from root: 16, current visited status: {0, 1, 3, 4, 5, 6, 7, 8, 9, 10, 11, 12, 13, 14, 15, 16, 17, 18, 19, 20, 21, 22, 24, 25, 26, 27, 28, 29, 30, 31, 32, 34, 35, 36, 37, 38, 39, 40, 41, 42, 43, 44, 45, 46, 47, 48, 49, 50, 51, 52, 53, 54, 55, 56, 57, 58, 59, 60, 61, 62}, error message is 'Cannot grow a graph that satisfy the subgraph size from current root: 16'
WARNING  root:graph.py:571 Failed to grow a subgraph from root: 23, current visited status: {0, 1, 3, 4, 5, 6, 7, 8, 9, 10, 12, 13, 14, 15, 16, 18, 19, 20, 21, 22, 23, 24, 25, 26, 27, 28, 29, 30, 31, 32, 34, 35, 36, 37, 38, 39, 40, 41, 42, 43, 44, 45, 46, 47, 48, 49, 50, 51, 52, 53, 54, 55, 56, 57, 58, 59, 60, 61, 62}, error message is 'Cannot grow a graph that satisfy the subgraph size from current root: 23'
WARNING  root:graph.py:571 Failed to grow a subgraph from root: 17, current visited status: {0, 1, 3, 4, 5, 6, 7, 8, 9, 10, 11, 12, 13, 14, 15, 16, 17, 18, 19, 20, 21, 22, 23, 24, 25, 26, 27, 28, 29, 30, 31, 32, 34, 35, 36, 37, 38, 39, 40, 41, 42, 43, 44, 45, 46, 47, 48, 49, 50, 51, 52, 53, 54, 55, 56, 57, 58, 59, 60, 61, 62}, error message is 'Cannot grow a graph that satisfy the subgraph size from current root: 17'
WARNING  root:graph.py:571 Failed to grow a subgraph from root: 63, current visited status: {0, 1, 3, 4, 5, 6, 7, 8, 9, 10, 12, 13, 14, 15, 16, 17, 18, 19, 20, 21, 22, 23, 24, 25, 26, 27, 28, 29, 30, 31, 32, 34, 35, 36, 37, 38, 39, 40, 41, 42, 43, 44, 45, 46, 47, 48, 49, 50, 51, 52, 53, 54, 55, 56, 57, 58, 59, 60, 61, 62, 63, 64}, error message is 'Cannot grow a graph that satisfy the subgraph size from current root: 63'
WARNING  root:graph.py:571 Failed to grow a subgraph from root: 64, current visited status: {0, 1, 3, 4, 5, 6, 7, 8, 9, 10, 12, 13, 14, 15, 16, 17, 18, 19, 20, 21, 22, 23, 24, 25, 26, 27, 28, 29, 30, 31, 32, 34, 35, 36, 37, 38, 39, 40, 41, 42, 43, 44, 45, 46, 47, 48, 49, 50, 51, 52, 53, 54, 55, 56, 57, 58, 59, 60, 61, 62, 63, 64}, error message is 'Cannot grow a graph that satisfy the subgraph size from current root: 64'
WARNING  root:graph.py:571 Failed to grow a subgraph from root: 11, current visited status: {0, 1, 3, 4, 5, 6, 7, 8, 9, 10, 11, 12, 13, 14, 15, 16, 17, 18, 19, 20, 21, 22, 23, 24, 25, 26, 27, 28, 29, 30, 31, 32, 34, 35, 36, 37, 38, 39, 40, 41, 42, 43, 44, 45, 46, 47, 48, 49, 50, 51, 52, 53, 54, 55, 56, 57, 58, 59, 60, 61, 62, 63, 64}, error message is 'Cannot grow a graph that satisfy the subgraph size from current root: 11'
WARNING  root:graph.py:571 Failed to grow a subgraph from root: 33, current visited status: {0, 1, 3, 4, 5, 6, 7, 8, 9, 10, 11, 12, 13, 14, 15, 16, 17, 18, 19, 20, 21, 22, 23, 24, 25, 26, 27, 28, 29, 30, 31, 32, 33, 34, 35, 36, 37, 38, 39, 40, 41, 42, 43, 44, 45, 46, 47, 48, 49, 50, 51, 52, 53, 54, 55, 56, 57, 58, 59, 60, 61, 62, 63, 64}, error message is 'Cannot grow a graph that satisfy the subgraph size from current root: 33'
WARNING  root:graph.py:571 Failed to grow a subgraph from root: 2, current visited status: {0, 1, 2, 3, 4, 5, 6, 7, 8, 9, 10, 11, 12, 13, 14, 15, 16, 17, 18, 19, 20, 21, 22, 23, 24, 25, 26, 27, 28, 29, 30, 31, 32, 33, 34, 35, 36, 37, 38, 39, 40, 41, 42, 43, 44, 45, 46, 47, 48, 49, 50, 51, 52, 53, 54, 55, 56, 57, 58, 59, 60, 61, 62, 63, 64}, error message is 'Cannot grow a graph that satisfy the subgraph size from current root: 2'
WARNING  root:backend_manager.py:407 cannot compile on compute unit <qvm.model.compute_unit.ComputeUnit object at 0x7f56a567beb0>, error: 'Number of qubits (9) in circuit-88 is greater than maximum (4) in the coupling_map'
WARNING  root:backend_manager.py:407 cannot compile on compute unit <qvm.model.compute_unit.ComputeUnit object at 0x7f56821557b0>, error: 'Number of qubits (9) in circuit-88 is greater than maximum (8) in the coupling_map'
WARNING  root:backend_manager.py:407 cannot compile on compute unit <qvm.model.compute_unit.ComputeUnit object at 0x7f56a567bfd0>, error: 'Number of qubits (9) in circuit-88 is greater than maximum (4) in the coupling_map'
WARNING  root:backend_manager.py:407 cannot compile on compute unit <qvm.model.compute_unit.ComputeUnit object at 0x7f56a4d51930>, error: 'Number of qubits (9) in circuit-88 is greater than maximum (8) in the coupling_map'
WARNING  root:backend_manager.py:407 cannot compile on compute unit <qvm.model.compute_unit.ComputeUnit object at 0x7f5682d69120>, error: 'Number of qubits (9) in circuit-88 is greater than maximum (4) in the coupling_map'
WARNING  root:backend_manager.py:407 cannot compile on compute unit <qvm.model.compute_unit.ComputeUnit object at 0x7f5681edffa0>, error: 'Number of qubits (8) in circuit-90 is greater than maximum (4) in the coupling_map'
WARNING  root:backend_manager.py:407 cannot compile on compute unit <qvm.model.compute_unit.ComputeUnit object at 0x7f566c69fd90>, error: 'Number of qubits (8) in circuit-90 is greater than maximum (4) in the coupling_map'
WARNING  root:backend_manager.py:407 cannot compile on compute unit <qvm.model.compute_unit.ComputeUnit object at 0x7f56699c9120>, error: 'Number of qubits (8) in circuit-90 is greater than maximum (4) in the coupling_map'
=============================== warnings summary ===============================
qcs/tst/qvm/integration/qvm_test.py::TestSelectMethods::test_select_methods[/root/projects/QASMBench/small//qpe_n9/qpe_n9.qasm,/root/projects/QASMBench/small//bb84_n8/bb84_n8.qasm,/root/projects/QASMBench/small//cat_state_n4/cat_state_n4.qasm,/root/projects/QASMBench/small//bell_n4/bell_n4.qasm,/root/projects/QASMBench/small//quantumwalks_n2/quantumwalks_n2.qasm-FakeBrooklyn-4]
qcs/tst/qvm/integration/qvm_test.py::TestSelectMethods::test_select_methods[/root/projects/QASMBench/small//qpe_n9/qpe_n9.qasm,/root/projects/QASMBench/small//bb84_n8/bb84_n8.qasm,/root/projects/QASMBench/small//cat_state_n4/cat_state_n4.qasm,/root/projects/QASMBench/small//bell_n4/bell_n4.qasm,/root/projects/QASMBench/small//quantumwalks_n2/quantumwalks_n2.qasm-FakeBrooklyn-4]
qcs/tst/qvm/integration/qvm_test.py::TestSelectMethods::test_select_methods[/root/projects/QASMBench/small//qpe_n9/qpe_n9.qasm,/root/projects/QASMBench/small//bb84_n8/bb84_n8.qasm,/root/projects/QASMBench/small//cat_state_n4/cat_state_n4.qasm,/root/projects/QASMBench/small//bell_n4/bell_n4.qasm,/root/projects/QASMBench/small//quantumwalks_n2/quantumwalks_n2.qasm-FakeBrooklyn-4]
qcs/tst/qvm/integration/qvm_test.py::TestSelectMethods::test_select_methods[/root/projects/QASMBench/small//qpe_n9/qpe_n9.qasm,/root/projects/QASMBench/small//bb84_n8/bb84_n8.qasm,/root/projects/QASMBench/small//cat_state_n4/cat_state_n4.qasm,/root/projects/QASMBench/small//bell_n4/bell_n4.qasm,/root/projects/QASMBench/small//quantumwalks_n2/quantumwalks_n2.qasm-FakeBrooklyn-4]
qcs/tst/qvm/integration/qvm_test.py::TestSelectMethods::test_select_methods[/root/projects/QASMBench/small//qpe_n9/qpe_n9.qasm,/root/projects/QASMBench/small//bb84_n8/bb84_n8.qasm,/root/projects/QASMBench/small//cat_state_n4/cat_state_n4.qasm,/root/projects/QASMBench/small//bell_n4/bell_n4.qasm,/root/projects/QASMBench/small//quantumwalks_n2/quantumwalks_n2.qasm-FakeBrooklyn-4]
  /root/anaconda3/envs/qcs-noise/lib/python3.10/site-packages/qiskit/providers/fake_provider/fake_backend.py:462: PendingDeprecationWarning: "warnings" argument will be deprecated as part of the qiskit-aer 0.12.0 and subsequently removed
    noise_model = NoiseModel.from_backend(self, warnings=False)

qcs/tst/qvm/integration/qvm_test.py::TestSelectMethods::test_select_methods[/root/projects/QASMBench/small//qpe_n9/qpe_n9.qasm,/root/projects/QASMBench/small//bb84_n8/bb84_n8.qasm,/root/projects/QASMBench/small//cat_state_n4/cat_state_n4.qasm,/root/projects/QASMBench/small//bell_n4/bell_n4.qasm,/root/projects/QASMBench/small//quantumwalks_n2/quantumwalks_n2.qasm-FakeBrooklyn-4]
qcs/tst/qvm/integration/qvm_test.py::TestSelectMethods::test_select_methods[/root/projects/QASMBench/small//qpe_n9/qpe_n9.qasm,/root/projects/QASMBench/small//bb84_n8/bb84_n8.qasm,/root/projects/QASMBench/small//cat_state_n4/cat_state_n4.qasm,/root/projects/QASMBench/small//bell_n4/bell_n4.qasm,/root/projects/QASMBench/small//quantumwalks_n2/quantumwalks_n2.qasm-FakeBrooklyn-4]
qcs/tst/qvm/integration/qvm_test.py::TestSelectMethods::test_select_methods[/root/projects/QASMBench/small//qpe_n9/qpe_n9.qasm,/root/projects/QASMBench/small//bb84_n8/bb84_n8.qasm,/root/projects/QASMBench/small//cat_state_n4/cat_state_n4.qasm,/root/projects/QASMBench/small//bell_n4/bell_n4.qasm,/root/projects/QASMBench/small//quantumwalks_n2/quantumwalks_n2.qasm-FakeBrooklyn-4]
qcs/tst/qvm/integration/qvm_test.py::TestSelectMethods::test_select_methods[/root/projects/QASMBench/small//qpe_n9/qpe_n9.qasm,/root/projects/QASMBench/small//bb84_n8/bb84_n8.qasm,/root/projects/QASMBench/small//cat_state_n4/cat_state_n4.qasm,/root/projects/QASMBench/small//bell_n4/bell_n4.qasm,/root/projects/QASMBench/small//quantumwalks_n2/quantumwalks_n2.qasm-FakeBrooklyn-4]
qcs/tst/qvm/integration/qvm_test.py::TestSelectMethods::test_select_methods[/root/projects/QASMBench/small//qpe_n9/qpe_n9.qasm,/root/projects/QASMBench/small//bb84_n8/bb84_n8.qasm,/root/projects/QASMBench/small//cat_state_n4/cat_state_n4.qasm,/root/projects/QASMBench/small//bell_n4/bell_n4.qasm,/root/projects/QASMBench/small//quantumwalks_n2/quantumwalks_n2.qasm-FakeBrooklyn-4]
qcs/tst/qvm/integration/qvm_test.py::TestSelectMethods::test_select_methods[/root/projects/QASMBench/small//qpe_n9/qpe_n9.qasm,/root/projects/QASMBench/small//bb84_n8/bb84_n8.qasm,/root/projects/QASMBench/small//cat_state_n4/cat_state_n4.qasm,/root/projects/QASMBench/small//bell_n4/bell_n4.qasm,/root/projects/QASMBench/small//quantumwalks_n2/quantumwalks_n2.qasm-FakeBrooklyn-4]
  /root/anaconda3/envs/qcs-noise/lib/python3.10/site-packages/qiskit_aer/noise/device/models.py:365: UserWarning: Device model returned an invalid T_2 relaxation time greater than the theoretical maximum value 2 * T_1 (96966.20180926041 > 2 * 40591.82230473617). Truncating to maximum value.
    warn("Device model returned an invalid T_2 relaxation time greater than"

qcs/tst/qvm/integration/qvm_test.py::TestSelectMethods::test_select_methods[/root/projects/QASMBench/small//qpe_n9/qpe_n9.qasm,/root/projects/QASMBench/small//bb84_n8/bb84_n8.qasm,/root/projects/QASMBench/small//cat_state_n4/cat_state_n4.qasm,/root/projects/QASMBench/small//bell_n4/bell_n4.qasm,/root/projects/QASMBench/small//quantumwalks_n2/quantumwalks_n2.qasm-FakeBrooklyn-4]
  /root/anaconda3/envs/qcs-noise/lib/python3.10/site-packages/qiskit_aer/noise/device/models.py:365: UserWarning: Device model returned an invalid T_2 relaxation time greater than the theoretical maximum value 2 * T_1 (9.696620180926042e-05 > 2 * 4.059182230473617e-05). Truncating to maximum value.
    warn("Device model returned an invalid T_2 relaxation time greater than"

-- Docs: https://docs.pytest.org/en/stable/how-to/capture-warnings.html
=========================== short test summary info ============================
FAILED tst/qvm/integration/qvm_test.py::TestSelectMethods::test_select_methods[/root/projects/QASMBench/small/qpe_n9/qpe_n9.qasm,/root/projects/QASMBench/small/bb84_n8/bb84_n8.qasm,/root/projects/QASMBench/small/cat_state_n4/cat_state_n4.qasm,/root/projects/QASMBench/small/bell_n4/bell_n4.qasm,/root/projects/QASMBench/small/quantumwalks_n2/quantumwalks_n2.qasm-FakeBrooklyn-4]
=========== 1 failed, 6 deselected, 12 warnings in 145.95s (0:02:25) ===========
Randomly selected files:
/root/projects/QASMBench/small//adder_n4/adder_n4.qasm,/root/projects/QASMBench/small//bb84_n8/bb84_n8.qasm,/root/projects/QASMBench/small//variational_n4/variational_n4.qasm,/root/projects/QASMBench/small//error_correctiond3_n5/error_correctiond3_n5.qasm,/root/projects/QASMBench/small//qft_n4/qft_n4.qasm
============================= test session starts ==============================
platform linux -- Python 3.10.6, pytest-7.2.0, pluggy-1.0.0
rootdir: /root/projects/qvm
plugins: anyio-3.6.2
collected 7 items / 6 deselected / 1 selected

tst/qvm/integration/qvm_test.py 
 === Testing ===

==== qasm_list ===

/root/projects/QASMBench/small//adder_n4/adder_n4.qasm,/root/projects/QASMBench/small//bb84_n8/bb84_n8.qasm,/root/projects/QASMBench/small//variational_n4/variational_n4.qasm,/root/projects/QASMBench/small//error_correctiond3_n5/error_correctiond3_n5.qasm,/root/projects/QASMBench/small//qft_n4/qft_n4.qasm
naive selection time	1.8835067749023438e-05
F

=================================== FAILURES ===================================
_ TestSelectMethods.test_select_methods[/root/projects/QASMBench/small//adder_n4/adder_n4.qasm,/root/projects/QASMBench/small//bb84_n8/bb84_n8.qasm,/root/projects/QASMBench/small//variational_n4/variational_n4.qasm,/root/projects/QASMBench/small//error_correctiond3_n5/error_correctiond3_n5.qasm,/root/projects/QASMBench/small//qft_n4/qft_n4.qasm-FakeBrooklyn-4] _

self = <qvm_test.TestSelectMethods object at 0x7f560692dc90>
qasm = '/root/projects/QASMBench/small//adder_n4/adder_n4.qasm,/root/projects/QASMBench/small//bb84_n8/bb84_n8.qasm,/root/pro...s/QASMBench/small//error_correctiond3_n5/error_correctiond3_n5.qasm,/root/projects/QASMBench/small//qft_n4/qft_n4.qasm'
backend = 'FakeBrooklyn', cu_size = '4'

    def test_select_methods(self, qasm, backend, cu_size):
        """
        Args:
            bench: List of qasm file paths
            backend: Backend name
        """
        self._backend = globals().get(backend)()
        back_manager = FrpBackendManagerV2(self._backend)
        back_manager.cu_size = int(cu_size)
        back_manager.init_helpers()
        back_manager.init_cus()
        proc_manager = QvmProcessManagerV2(self._backend)
    
        qasm_list = qasm.split(",")
        circuit_list = [
            self.get_qiskit_circ("qasm", qasm_path=qasm_path) for qasm_path in qasm_list
        ]
        process_list = [back_manager.compile(circ) for circ in circuit_list]
    
        print("\n === Testing ===")
        print("\n==== qasm_list ===\n")
        print(qasm)
    
        # Naive
        st_time = time.time()
        executables = proc_manager._select_naive(process_list)
        print(f"naive selection time\t{time.time() - st_time}")
>       fid = self.get_fidelity(circuit_list, executables)

tst/qvm/integration/qvm_test.py:197: 
_ _ _ _ _ _ _ _ _ _ _ _ _ _ _ _ _ _ _ _ _ _ _ _ _ _ _ _ _ _ _ _ _ _ _ _ _ _ _ _ 
tst/qvm/integration/qvm_test.py:166: in get_fidelity
    fid = fid_calculator.calc_fidelity(circ, results[i], shots=shots)
../qvm/util/circuit.py:247: in calc_fidelity
    pv_noise, _ = counts_to_vector(counts, num_qubits)
_ _ _ _ _ _ _ _ _ _ _ _ _ _ _ _ _ _ _ _ _ _ _ _ _ _ _ _ _ _ _ _ _ _ _ _ _ _ _ _ 

counts = {'1 1 0 0 1 1 0 0': 1, '0 0 0 0 1 0 1 1': 1, '1 0 1 0 1 0 0 0': 1, '1 1 1 1 0 0 1 1': 3, '1 1 0 0 0 0 1 0': 1, '0 0 1 ..., '0 1 1 1 0 1 1 0': 192, '0 0 0 1 0 0 1 1': 230, '0 1 1 1 1 0 0 1': 184, '1 0 0 1 1 1 0 1': 4, '0 0 1 0 1 1 0 1': 227}
num_qubits = 8

    def counts_to_vector(counts: Counts, num_qubits: int) -> Tuple[np.ndarray, int]:
        """Transforms Counts to a probability vector"""
        vec = np.zeros(2**num_qubits, dtype=float)
        shots = 0
        for key, val in counts.items():
            shots += val
>           vec[int(key, 2)] = val
E           ValueError: invalid literal for int() with base 2: '1 1 0 0 1 1 0 0'

/root/anaconda3/envs/qcs-noise/lib/python3.10/site-packages/qiskit/result/mitigation/utils.py:93: ValueError
------------------------------ Captured log call -------------------------------
WARNING  root:graph.py:571 Failed to grow a subgraph from root: 26, current visited status: {0, 1, 3, 4, 5, 6, 8, 10, 12, 13, 18, 19, 20, 21, 22, 23, 25, 26, 34, 35, 36, 37, 42, 43, 44, 45, 49, 50, 51, 54}, error message is 'Cannot grow a graph that satisfy the subgraph size from current root: 26'
WARNING  root:graph.py:571 Failed to grow a subgraph from root: 40, current visited status: {0, 1, 3, 4, 5, 6, 8, 10, 12, 13, 18, 19, 20, 21, 22, 25, 26, 34, 35, 36, 37, 40, 42, 43, 44, 45, 49, 50, 51, 54}, error message is 'Cannot grow a graph that satisfy the subgraph size from current root: 40'
WARNING  root:graph.py:571 Failed to grow a subgraph from root: 9, current visited status: {0, 1, 3, 4, 5, 6, 8, 9, 10, 12, 13, 18, 19, 20, 21, 22, 25, 26, 27, 28, 30, 31, 32, 34, 35, 36, 37, 38, 39, 40, 41, 42, 43, 44, 45, 49, 50, 51, 52, 54, 55, 56, 57}, error message is 'Cannot grow a graph that satisfy the subgraph size from current root: 9'
WARNING  root:graph.py:571 Failed to grow a subgraph from root: 7, current visited status: {0, 1, 3, 4, 5, 6, 7, 8, 9, 10, 12, 13, 14, 15, 18, 19, 20, 21, 22, 24, 25, 26, 27, 28, 29, 30, 31, 32, 34, 35, 36, 37, 38, 39, 40, 41, 42, 43, 44, 45, 46, 47, 48, 49, 50, 51, 52, 53, 54, 55, 56, 57, 58, 59, 60, 61}, error message is 'Cannot grow a graph that satisfy the subgraph size from current root: 7'
WARNING  root:graph.py:571 Failed to grow a subgraph from root: 62, current visited status: {0, 1, 3, 4, 5, 6, 7, 8, 9, 10, 12, 13, 14, 15, 18, 19, 20, 21, 22, 24, 25, 26, 27, 28, 29, 30, 31, 32, 34, 35, 36, 37, 38, 39, 40, 41, 42, 43, 44, 45, 46, 47, 48, 49, 50, 51, 52, 53, 54, 55, 56, 57, 58, 59, 60, 61, 62, 63, 64}, error message is 'Cannot grow a graph that satisfy the subgraph size from current root: 62'
WARNING  root:graph.py:571 Failed to grow a subgraph from root: 16, current visited status: {0, 1, 3, 4, 5, 6, 7, 8, 9, 10, 11, 12, 13, 14, 15, 16, 17, 18, 19, 20, 21, 22, 24, 25, 26, 27, 28, 29, 30, 31, 32, 34, 35, 36, 37, 38, 39, 40, 41, 42, 43, 44, 45, 46, 47, 48, 49, 50, 51, 52, 53, 54, 55, 56, 57, 58, 59, 60, 61, 62}, error message is 'Cannot grow a graph that satisfy the subgraph size from current root: 16'
WARNING  root:graph.py:571 Failed to grow a subgraph from root: 23, current visited status: {0, 1, 3, 4, 5, 6, 7, 8, 9, 10, 12, 13, 14, 15, 16, 18, 19, 20, 21, 22, 23, 24, 25, 26, 27, 28, 29, 30, 31, 32, 34, 35, 36, 37, 38, 39, 40, 41, 42, 43, 44, 45, 46, 47, 48, 49, 50, 51, 52, 53, 54, 55, 56, 57, 58, 59, 60, 61, 62}, error message is 'Cannot grow a graph that satisfy the subgraph size from current root: 23'
WARNING  root:graph.py:571 Failed to grow a subgraph from root: 17, current visited status: {0, 1, 3, 4, 5, 6, 7, 8, 9, 10, 11, 12, 13, 14, 15, 16, 17, 18, 19, 20, 21, 22, 23, 24, 25, 26, 27, 28, 29, 30, 31, 32, 34, 35, 36, 37, 38, 39, 40, 41, 42, 43, 44, 45, 46, 47, 48, 49, 50, 51, 52, 53, 54, 55, 56, 57, 58, 59, 60, 61, 62}, error message is 'Cannot grow a graph that satisfy the subgraph size from current root: 17'
WARNING  root:graph.py:571 Failed to grow a subgraph from root: 63, current visited status: {0, 1, 3, 4, 5, 6, 7, 8, 9, 10, 12, 13, 14, 15, 16, 17, 18, 19, 20, 21, 22, 23, 24, 25, 26, 27, 28, 29, 30, 31, 32, 34, 35, 36, 37, 38, 39, 40, 41, 42, 43, 44, 45, 46, 47, 48, 49, 50, 51, 52, 53, 54, 55, 56, 57, 58, 59, 60, 61, 62, 63, 64}, error message is 'Cannot grow a graph that satisfy the subgraph size from current root: 63'
WARNING  root:graph.py:571 Failed to grow a subgraph from root: 64, current visited status: {0, 1, 3, 4, 5, 6, 7, 8, 9, 10, 12, 13, 14, 15, 16, 17, 18, 19, 20, 21, 22, 23, 24, 25, 26, 27, 28, 29, 30, 31, 32, 34, 35, 36, 37, 38, 39, 40, 41, 42, 43, 44, 45, 46, 47, 48, 49, 50, 51, 52, 53, 54, 55, 56, 57, 58, 59, 60, 61, 62, 63, 64}, error message is 'Cannot grow a graph that satisfy the subgraph size from current root: 64'
WARNING  root:graph.py:571 Failed to grow a subgraph from root: 11, current visited status: {0, 1, 3, 4, 5, 6, 7, 8, 9, 10, 11, 12, 13, 14, 15, 16, 17, 18, 19, 20, 21, 22, 23, 24, 25, 26, 27, 28, 29, 30, 31, 32, 34, 35, 36, 37, 38, 39, 40, 41, 42, 43, 44, 45, 46, 47, 48, 49, 50, 51, 52, 53, 54, 55, 56, 57, 58, 59, 60, 61, 62, 63, 64}, error message is 'Cannot grow a graph that satisfy the subgraph size from current root: 11'
WARNING  root:graph.py:571 Failed to grow a subgraph from root: 33, current visited status: {0, 1, 3, 4, 5, 6, 7, 8, 9, 10, 11, 12, 13, 14, 15, 16, 17, 18, 19, 20, 21, 22, 23, 24, 25, 26, 27, 28, 29, 30, 31, 32, 33, 34, 35, 36, 37, 38, 39, 40, 41, 42, 43, 44, 45, 46, 47, 48, 49, 50, 51, 52, 53, 54, 55, 56, 57, 58, 59, 60, 61, 62, 63, 64}, error message is 'Cannot grow a graph that satisfy the subgraph size from current root: 33'
WARNING  root:graph.py:571 Failed to grow a subgraph from root: 2, current visited status: {0, 1, 2, 3, 4, 5, 6, 7, 8, 9, 10, 11, 12, 13, 14, 15, 16, 17, 18, 19, 20, 21, 22, 23, 24, 25, 26, 27, 28, 29, 30, 31, 32, 33, 34, 35, 36, 37, 38, 39, 40, 41, 42, 43, 44, 45, 46, 47, 48, 49, 50, 51, 52, 53, 54, 55, 56, 57, 58, 59, 60, 61, 62, 63, 64}, error message is 'Cannot grow a graph that satisfy the subgraph size from current root: 2'
WARNING  root:backend_manager.py:407 cannot compile on compute unit <qvm.model.compute_unit.ComputeUnit object at 0x7f557f577df0>, error: 'Number of qubits (8) in circuit-90 is greater than maximum (4) in the coupling_map'
WARNING  root:backend_manager.py:407 cannot compile on compute unit <qvm.model.compute_unit.ComputeUnit object at 0x7f5578dfbe20>, error: 'Number of qubits (8) in circuit-90 is greater than maximum (4) in the coupling_map'
WARNING  root:backend_manager.py:407 cannot compile on compute unit <qvm.model.compute_unit.ComputeUnit object at 0x7f5577d9bf40>, error: 'Number of qubits (8) in circuit-90 is greater than maximum (4) in the coupling_map'
WARNING  root:backend_manager.py:407 cannot compile on compute unit <qvm.model.compute_unit.ComputeUnit object at 0x7f5548690460>, error: 'Number of qubits (5) in circuit-94 is greater than maximum (4) in the coupling_map'
WARNING  root:backend_manager.py:407 cannot compile on compute unit <qvm.model.compute_unit.ComputeUnit object at 0x7f553ec7bfa0>, error: 'Number of qubits (5) in circuit-94 is greater than maximum (4) in the coupling_map'
WARNING  root:backend_manager.py:407 cannot compile on compute unit <qvm.model.compute_unit.ComputeUnit object at 0x7f553c50fd60>, error: 'Number of qubits (5) in circuit-94 is greater than maximum (4) in the coupling_map'
=============================== warnings summary ===============================
qcs/tst/qvm/integration/qvm_test.py::TestSelectMethods::test_select_methods[/root/projects/QASMBench/small//adder_n4/adder_n4.qasm,/root/projects/QASMBench/small//bb84_n8/bb84_n8.qasm,/root/projects/QASMBench/small//variational_n4/variational_n4.qasm,/root/projects/QASMBench/small//error_correctiond3_n5/error_correctiond3_n5.qasm,/root/projects/QASMBench/small//qft_n4/qft_n4.qasm-FakeBrooklyn-4]
qcs/tst/qvm/integration/qvm_test.py::TestSelectMethods::test_select_methods[/root/projects/QASMBench/small//adder_n4/adder_n4.qasm,/root/projects/QASMBench/small//bb84_n8/bb84_n8.qasm,/root/projects/QASMBench/small//variational_n4/variational_n4.qasm,/root/projects/QASMBench/small//error_correctiond3_n5/error_correctiond3_n5.qasm,/root/projects/QASMBench/small//qft_n4/qft_n4.qasm-FakeBrooklyn-4]
qcs/tst/qvm/integration/qvm_test.py::TestSelectMethods::test_select_methods[/root/projects/QASMBench/small//adder_n4/adder_n4.qasm,/root/projects/QASMBench/small//bb84_n8/bb84_n8.qasm,/root/projects/QASMBench/small//variational_n4/variational_n4.qasm,/root/projects/QASMBench/small//error_correctiond3_n5/error_correctiond3_n5.qasm,/root/projects/QASMBench/small//qft_n4/qft_n4.qasm-FakeBrooklyn-4]
qcs/tst/qvm/integration/qvm_test.py::TestSelectMethods::test_select_methods[/root/projects/QASMBench/small//adder_n4/adder_n4.qasm,/root/projects/QASMBench/small//bb84_n8/bb84_n8.qasm,/root/projects/QASMBench/small//variational_n4/variational_n4.qasm,/root/projects/QASMBench/small//error_correctiond3_n5/error_correctiond3_n5.qasm,/root/projects/QASMBench/small//qft_n4/qft_n4.qasm-FakeBrooklyn-4]
qcs/tst/qvm/integration/qvm_test.py::TestSelectMethods::test_select_methods[/root/projects/QASMBench/small//adder_n4/adder_n4.qasm,/root/projects/QASMBench/small//bb84_n8/bb84_n8.qasm,/root/projects/QASMBench/small//variational_n4/variational_n4.qasm,/root/projects/QASMBench/small//error_correctiond3_n5/error_correctiond3_n5.qasm,/root/projects/QASMBench/small//qft_n4/qft_n4.qasm-FakeBrooklyn-4]
  /root/anaconda3/envs/qcs-noise/lib/python3.10/site-packages/qiskit/providers/fake_provider/fake_backend.py:462: PendingDeprecationWarning: "warnings" argument will be deprecated as part of the qiskit-aer 0.12.0 and subsequently removed
    noise_model = NoiseModel.from_backend(self, warnings=False)

qcs/tst/qvm/integration/qvm_test.py::TestSelectMethods::test_select_methods[/root/projects/QASMBench/small//adder_n4/adder_n4.qasm,/root/projects/QASMBench/small//bb84_n8/bb84_n8.qasm,/root/projects/QASMBench/small//variational_n4/variational_n4.qasm,/root/projects/QASMBench/small//error_correctiond3_n5/error_correctiond3_n5.qasm,/root/projects/QASMBench/small//qft_n4/qft_n4.qasm-FakeBrooklyn-4]
qcs/tst/qvm/integration/qvm_test.py::TestSelectMethods::test_select_methods[/root/projects/QASMBench/small//adder_n4/adder_n4.qasm,/root/projects/QASMBench/small//bb84_n8/bb84_n8.qasm,/root/projects/QASMBench/small//variational_n4/variational_n4.qasm,/root/projects/QASMBench/small//error_correctiond3_n5/error_correctiond3_n5.qasm,/root/projects/QASMBench/small//qft_n4/qft_n4.qasm-FakeBrooklyn-4]
qcs/tst/qvm/integration/qvm_test.py::TestSelectMethods::test_select_methods[/root/projects/QASMBench/small//adder_n4/adder_n4.qasm,/root/projects/QASMBench/small//bb84_n8/bb84_n8.qasm,/root/projects/QASMBench/small//variational_n4/variational_n4.qasm,/root/projects/QASMBench/small//error_correctiond3_n5/error_correctiond3_n5.qasm,/root/projects/QASMBench/small//qft_n4/qft_n4.qasm-FakeBrooklyn-4]
qcs/tst/qvm/integration/qvm_test.py::TestSelectMethods::test_select_methods[/root/projects/QASMBench/small//adder_n4/adder_n4.qasm,/root/projects/QASMBench/small//bb84_n8/bb84_n8.qasm,/root/projects/QASMBench/small//variational_n4/variational_n4.qasm,/root/projects/QASMBench/small//error_correctiond3_n5/error_correctiond3_n5.qasm,/root/projects/QASMBench/small//qft_n4/qft_n4.qasm-FakeBrooklyn-4]
qcs/tst/qvm/integration/qvm_test.py::TestSelectMethods::test_select_methods[/root/projects/QASMBench/small//adder_n4/adder_n4.qasm,/root/projects/QASMBench/small//bb84_n8/bb84_n8.qasm,/root/projects/QASMBench/small//variational_n4/variational_n4.qasm,/root/projects/QASMBench/small//error_correctiond3_n5/error_correctiond3_n5.qasm,/root/projects/QASMBench/small//qft_n4/qft_n4.qasm-FakeBrooklyn-4]
qcs/tst/qvm/integration/qvm_test.py::TestSelectMethods::test_select_methods[/root/projects/QASMBench/small//adder_n4/adder_n4.qasm,/root/projects/QASMBench/small//bb84_n8/bb84_n8.qasm,/root/projects/QASMBench/small//variational_n4/variational_n4.qasm,/root/projects/QASMBench/small//error_correctiond3_n5/error_correctiond3_n5.qasm,/root/projects/QASMBench/small//qft_n4/qft_n4.qasm-FakeBrooklyn-4]
  /root/anaconda3/envs/qcs-noise/lib/python3.10/site-packages/qiskit_aer/noise/device/models.py:365: UserWarning: Device model returned an invalid T_2 relaxation time greater than the theoretical maximum value 2 * T_1 (96966.20180926041 > 2 * 40591.82230473617). Truncating to maximum value.
    warn("Device model returned an invalid T_2 relaxation time greater than"

qcs/tst/qvm/integration/qvm_test.py::TestSelectMethods::test_select_methods[/root/projects/QASMBench/small//adder_n4/adder_n4.qasm,/root/projects/QASMBench/small//bb84_n8/bb84_n8.qasm,/root/projects/QASMBench/small//variational_n4/variational_n4.qasm,/root/projects/QASMBench/small//error_correctiond3_n5/error_correctiond3_n5.qasm,/root/projects/QASMBench/small//qft_n4/qft_n4.qasm-FakeBrooklyn-4]
  /root/anaconda3/envs/qcs-noise/lib/python3.10/site-packages/qiskit_aer/noise/device/models.py:365: UserWarning: Device model returned an invalid T_2 relaxation time greater than the theoretical maximum value 2 * T_1 (9.696620180926042e-05 > 2 * 4.059182230473617e-05). Truncating to maximum value.
    warn("Device model returned an invalid T_2 relaxation time greater than"

-- Docs: https://docs.pytest.org/en/stable/how-to/capture-warnings.html
=========================== short test summary info ============================
FAILED tst/qvm/integration/qvm_test.py::TestSelectMethods::test_select_methods[/root/projects/QASMBench/small/adder_n4/adder_n4.qasm,/root/projects/QASMBench/small/bb84_n8/bb84_n8.qasm,/root/projects/QASMBench/small/variational_n4/variational_n4.qasm,/root/projects/QASMBench/small/error_correctiond3_n5/error_correctiond3_n5.qasm,/root/projects/QASMBench/small/qft_n4/qft_n4.qasm-FakeBrooklyn-4]
=========== 1 failed, 6 deselected, 12 warnings in 145.41s (0:02:25) ===========
Randomly selected files:
/root/projects/QASMBench/small//ising_n10/ising_n10.qasm,/root/projects/QASMBench/small//dnn_n2/dnn_n2.qasm,/root/projects/QASMBench/small//qrng_n4/qrng_n4.qasm,/root/projects/QASMBench/small//dnn_n8/dnn_n8.qasm,/root/projects/QASMBench/small//wstate_n3/wstate_n3.qasm
============================= test session starts ==============================
platform linux -- Python 3.10.6, pytest-7.2.0, pluggy-1.0.0
rootdir: /root/projects/qvm
plugins: anyio-3.6.2
collected 7 items / 6 deselected / 1 selected

tst/qvm/integration/qvm_test.py 
 === Testing ===

==== qasm_list ===

/root/projects/QASMBench/small//ising_n10/ising_n10.qasm,/root/projects/QASMBench/small//dnn_n2/dnn_n2.qasm,/root/projects/QASMBench/small//qrng_n4/qrng_n4.qasm,/root/projects/QASMBench/small//dnn_n8/dnn_n8.qasm,/root/projects/QASMBench/small//wstate_n3/wstate_n3.qasm
naive selection time	2.5510787963867188e-05
naive selection result	0.2591319919850437
brute_force selection time	0.04611945152282715
brute_force selection result	0.25684871973767565
.

=============================== warnings summary ===============================
qcs/tst/qvm/integration/qvm_test.py::TestSelectMethods::test_select_methods[/root/projects/QASMBench/small//ising_n10/ising_n10.qasm,/root/projects/QASMBench/small//dnn_n2/dnn_n2.qasm,/root/projects/QASMBench/small//qrng_n4/qrng_n4.qasm,/root/projects/QASMBench/small//dnn_n8/dnn_n8.qasm,/root/projects/QASMBench/small//wstate_n3/wstate_n3.qasm-FakeBrooklyn-4]
qcs/tst/qvm/integration/qvm_test.py::TestSelectMethods::test_select_methods[/root/projects/QASMBench/small//ising_n10/ising_n10.qasm,/root/projects/QASMBench/small//dnn_n2/dnn_n2.qasm,/root/projects/QASMBench/small//qrng_n4/qrng_n4.qasm,/root/projects/QASMBench/small//dnn_n8/dnn_n8.qasm,/root/projects/QASMBench/small//wstate_n3/wstate_n3.qasm-FakeBrooklyn-4]
qcs/tst/qvm/integration/qvm_test.py::TestSelectMethods::test_select_methods[/root/projects/QASMBench/small//ising_n10/ising_n10.qasm,/root/projects/QASMBench/small//dnn_n2/dnn_n2.qasm,/root/projects/QASMBench/small//qrng_n4/qrng_n4.qasm,/root/projects/QASMBench/small//dnn_n8/dnn_n8.qasm,/root/projects/QASMBench/small//wstate_n3/wstate_n3.qasm-FakeBrooklyn-4]
qcs/tst/qvm/integration/qvm_test.py::TestSelectMethods::test_select_methods[/root/projects/QASMBench/small//ising_n10/ising_n10.qasm,/root/projects/QASMBench/small//dnn_n2/dnn_n2.qasm,/root/projects/QASMBench/small//qrng_n4/qrng_n4.qasm,/root/projects/QASMBench/small//dnn_n8/dnn_n8.qasm,/root/projects/QASMBench/small//wstate_n3/wstate_n3.qasm-FakeBrooklyn-4]
qcs/tst/qvm/integration/qvm_test.py::TestSelectMethods::test_select_methods[/root/projects/QASMBench/small//ising_n10/ising_n10.qasm,/root/projects/QASMBench/small//dnn_n2/dnn_n2.qasm,/root/projects/QASMBench/small//qrng_n4/qrng_n4.qasm,/root/projects/QASMBench/small//dnn_n8/dnn_n8.qasm,/root/projects/QASMBench/small//wstate_n3/wstate_n3.qasm-FakeBrooklyn-4]
qcs/tst/qvm/integration/qvm_test.py::TestSelectMethods::test_select_methods[/root/projects/QASMBench/small//ising_n10/ising_n10.qasm,/root/projects/QASMBench/small//dnn_n2/dnn_n2.qasm,/root/projects/QASMBench/small//qrng_n4/qrng_n4.qasm,/root/projects/QASMBench/small//dnn_n8/dnn_n8.qasm,/root/projects/QASMBench/small//wstate_n3/wstate_n3.qasm-FakeBrooklyn-4]
qcs/tst/qvm/integration/qvm_test.py::TestSelectMethods::test_select_methods[/root/projects/QASMBench/small//ising_n10/ising_n10.qasm,/root/projects/QASMBench/small//dnn_n2/dnn_n2.qasm,/root/projects/QASMBench/small//qrng_n4/qrng_n4.qasm,/root/projects/QASMBench/small//dnn_n8/dnn_n8.qasm,/root/projects/QASMBench/small//wstate_n3/wstate_n3.qasm-FakeBrooklyn-4]
  /root/anaconda3/envs/qcs-noise/lib/python3.10/site-packages/qiskit/providers/fake_provider/fake_backend.py:462: PendingDeprecationWarning: "warnings" argument will be deprecated as part of the qiskit-aer 0.12.0 and subsequently removed
    noise_model = NoiseModel.from_backend(self, warnings=False)

qcs/tst/qvm/integration/qvm_test.py: 12 warnings
  /root/anaconda3/envs/qcs-noise/lib/python3.10/site-packages/qiskit_aer/noise/device/models.py:365: UserWarning: Device model returned an invalid T_2 relaxation time greater than the theoretical maximum value 2 * T_1 (96966.20180926041 > 2 * 40591.82230473617). Truncating to maximum value.
    warn("Device model returned an invalid T_2 relaxation time greater than"

qcs/tst/qvm/integration/qvm_test.py::TestSelectMethods::test_select_methods[/root/projects/QASMBench/small//ising_n10/ising_n10.qasm,/root/projects/QASMBench/small//dnn_n2/dnn_n2.qasm,/root/projects/QASMBench/small//qrng_n4/qrng_n4.qasm,/root/projects/QASMBench/small//dnn_n8/dnn_n8.qasm,/root/projects/QASMBench/small//wstate_n3/wstate_n3.qasm-FakeBrooklyn-4]
qcs/tst/qvm/integration/qvm_test.py::TestSelectMethods::test_select_methods[/root/projects/QASMBench/small//ising_n10/ising_n10.qasm,/root/projects/QASMBench/small//dnn_n2/dnn_n2.qasm,/root/projects/QASMBench/small//qrng_n4/qrng_n4.qasm,/root/projects/QASMBench/small//dnn_n8/dnn_n8.qasm,/root/projects/QASMBench/small//wstate_n3/wstate_n3.qasm-FakeBrooklyn-4]
  /root/anaconda3/envs/qcs-noise/lib/python3.10/site-packages/qiskit_aer/noise/device/models.py:365: UserWarning: Device model returned an invalid T_2 relaxation time greater than the theoretical maximum value 2 * T_1 (9.696620180926042e-05 > 2 * 4.059182230473617e-05). Truncating to maximum value.
    warn("Device model returned an invalid T_2 relaxation time greater than"

-- Docs: https://docs.pytest.org/en/stable/how-to/capture-warnings.html
=========== 1 passed, 6 deselected, 21 warnings in 190.02s (0:03:10) ===========
Randomly selected files:
/root/projects/QASMBench/small//dnn_n2/dnn_n2.qasm,/root/projects/QASMBench/small//cat_state_n4/cat_state_n4.qasm,/root/projects/QASMBench/small//pea_n5/pea_n5.qasm,/root/projects/QASMBench/small//qpe_n9/qpe_n9.qasm,/root/projects/QASMBench/small//qaoa_n6/qaoa_n6.qasm
============================= test session starts ==============================
platform linux -- Python 3.10.6, pytest-7.2.0, pluggy-1.0.0
rootdir: /root/projects/qvm
plugins: anyio-3.6.2
collected 7 items / 6 deselected / 1 selected

tst/qvm/integration/qvm_test.py 
 === Testing ===

==== qasm_list ===

/root/projects/QASMBench/small//dnn_n2/dnn_n2.qasm,/root/projects/QASMBench/small//cat_state_n4/cat_state_n4.qasm,/root/projects/QASMBench/small//pea_n5/pea_n5.qasm,/root/projects/QASMBench/small//qpe_n9/qpe_n9.qasm,/root/projects/QASMBench/small//qaoa_n6/qaoa_n6.qasm
naive selection time	4.0531158447265625e-05
naive selection result	0.2001650872833535
brute_force selection time	0.022723913192749023
brute_force selection result	0.22287788726822994
.

=============================== warnings summary ===============================
qcs/tst/qvm/integration/qvm_test.py::TestSelectMethods::test_select_methods[/root/projects/QASMBench/small//dnn_n2/dnn_n2.qasm,/root/projects/QASMBench/small//cat_state_n4/cat_state_n4.qasm,/root/projects/QASMBench/small//pea_n5/pea_n5.qasm,/root/projects/QASMBench/small//qpe_n9/qpe_n9.qasm,/root/projects/QASMBench/small//qaoa_n6/qaoa_n6.qasm-FakeBrooklyn-4]
qcs/tst/qvm/integration/qvm_test.py::TestSelectMethods::test_select_methods[/root/projects/QASMBench/small//dnn_n2/dnn_n2.qasm,/root/projects/QASMBench/small//cat_state_n4/cat_state_n4.qasm,/root/projects/QASMBench/small//pea_n5/pea_n5.qasm,/root/projects/QASMBench/small//qpe_n9/qpe_n9.qasm,/root/projects/QASMBench/small//qaoa_n6/qaoa_n6.qasm-FakeBrooklyn-4]
qcs/tst/qvm/integration/qvm_test.py::TestSelectMethods::test_select_methods[/root/projects/QASMBench/small//dnn_n2/dnn_n2.qasm,/root/projects/QASMBench/small//cat_state_n4/cat_state_n4.qasm,/root/projects/QASMBench/small//pea_n5/pea_n5.qasm,/root/projects/QASMBench/small//qpe_n9/qpe_n9.qasm,/root/projects/QASMBench/small//qaoa_n6/qaoa_n6.qasm-FakeBrooklyn-4]
qcs/tst/qvm/integration/qvm_test.py::TestSelectMethods::test_select_methods[/root/projects/QASMBench/small//dnn_n2/dnn_n2.qasm,/root/projects/QASMBench/small//cat_state_n4/cat_state_n4.qasm,/root/projects/QASMBench/small//pea_n5/pea_n5.qasm,/root/projects/QASMBench/small//qpe_n9/qpe_n9.qasm,/root/projects/QASMBench/small//qaoa_n6/qaoa_n6.qasm-FakeBrooklyn-4]
qcs/tst/qvm/integration/qvm_test.py::TestSelectMethods::test_select_methods[/root/projects/QASMBench/small//dnn_n2/dnn_n2.qasm,/root/projects/QASMBench/small//cat_state_n4/cat_state_n4.qasm,/root/projects/QASMBench/small//pea_n5/pea_n5.qasm,/root/projects/QASMBench/small//qpe_n9/qpe_n9.qasm,/root/projects/QASMBench/small//qaoa_n6/qaoa_n6.qasm-FakeBrooklyn-4]
qcs/tst/qvm/integration/qvm_test.py::TestSelectMethods::test_select_methods[/root/projects/QASMBench/small//dnn_n2/dnn_n2.qasm,/root/projects/QASMBench/small//cat_state_n4/cat_state_n4.qasm,/root/projects/QASMBench/small//pea_n5/pea_n5.qasm,/root/projects/QASMBench/small//qpe_n9/qpe_n9.qasm,/root/projects/QASMBench/small//qaoa_n6/qaoa_n6.qasm-FakeBrooklyn-4]
qcs/tst/qvm/integration/qvm_test.py::TestSelectMethods::test_select_methods[/root/projects/QASMBench/small//dnn_n2/dnn_n2.qasm,/root/projects/QASMBench/small//cat_state_n4/cat_state_n4.qasm,/root/projects/QASMBench/small//pea_n5/pea_n5.qasm,/root/projects/QASMBench/small//qpe_n9/qpe_n9.qasm,/root/projects/QASMBench/small//qaoa_n6/qaoa_n6.qasm-FakeBrooklyn-4]
  /root/anaconda3/envs/qcs-noise/lib/python3.10/site-packages/qiskit/providers/fake_provider/fake_backend.py:462: PendingDeprecationWarning: "warnings" argument will be deprecated as part of the qiskit-aer 0.12.0 and subsequently removed
    noise_model = NoiseModel.from_backend(self, warnings=False)

qcs/tst/qvm/integration/qvm_test.py::TestSelectMethods::test_select_methods[/root/projects/QASMBench/small//dnn_n2/dnn_n2.qasm,/root/projects/QASMBench/small//cat_state_n4/cat_state_n4.qasm,/root/projects/QASMBench/small//pea_n5/pea_n5.qasm,/root/projects/QASMBench/small//qpe_n9/qpe_n9.qasm,/root/projects/QASMBench/small//qaoa_n6/qaoa_n6.qasm-FakeBrooklyn-4]
qcs/tst/qvm/integration/qvm_test.py::TestSelectMethods::test_select_methods[/root/projects/QASMBench/small//dnn_n2/dnn_n2.qasm,/root/projects/QASMBench/small//cat_state_n4/cat_state_n4.qasm,/root/projects/QASMBench/small//pea_n5/pea_n5.qasm,/root/projects/QASMBench/small//qpe_n9/qpe_n9.qasm,/root/projects/QASMBench/small//qaoa_n6/qaoa_n6.qasm-FakeBrooklyn-4]
qcs/tst/qvm/integration/qvm_test.py::TestSelectMethods::test_select_methods[/root/projects/QASMBench/small//dnn_n2/dnn_n2.qasm,/root/projects/QASMBench/small//cat_state_n4/cat_state_n4.qasm,/root/projects/QASMBench/small//pea_n5/pea_n5.qasm,/root/projects/QASMBench/small//qpe_n9/qpe_n9.qasm,/root/projects/QASMBench/small//qaoa_n6/qaoa_n6.qasm-FakeBrooklyn-4]
qcs/tst/qvm/integration/qvm_test.py::TestSelectMethods::test_select_methods[/root/projects/QASMBench/small//dnn_n2/dnn_n2.qasm,/root/projects/QASMBench/small//cat_state_n4/cat_state_n4.qasm,/root/projects/QASMBench/small//pea_n5/pea_n5.qasm,/root/projects/QASMBench/small//qpe_n9/qpe_n9.qasm,/root/projects/QASMBench/small//qaoa_n6/qaoa_n6.qasm-FakeBrooklyn-4]
qcs/tst/qvm/integration/qvm_test.py::TestSelectMethods::test_select_methods[/root/projects/QASMBench/small//dnn_n2/dnn_n2.qasm,/root/projects/QASMBench/small//cat_state_n4/cat_state_n4.qasm,/root/projects/QASMBench/small//pea_n5/pea_n5.qasm,/root/projects/QASMBench/small//qpe_n9/qpe_n9.qasm,/root/projects/QASMBench/small//qaoa_n6/qaoa_n6.qasm-FakeBrooklyn-4]
qcs/tst/qvm/integration/qvm_test.py::TestSelectMethods::test_select_methods[/root/projects/QASMBench/small//dnn_n2/dnn_n2.qasm,/root/projects/QASMBench/small//cat_state_n4/cat_state_n4.qasm,/root/projects/QASMBench/small//pea_n5/pea_n5.qasm,/root/projects/QASMBench/small//qpe_n9/qpe_n9.qasm,/root/projects/QASMBench/small//qaoa_n6/qaoa_n6.qasm-FakeBrooklyn-4]
  /root/anaconda3/envs/qcs-noise/lib/python3.10/site-packages/qiskit_aer/noise/device/models.py:365: UserWarning: Device model returned an invalid T_2 relaxation time greater than the theoretical maximum value 2 * T_1 (96966.20180926041 > 2 * 40591.82230473617). Truncating to maximum value.
    warn("Device model returned an invalid T_2 relaxation time greater than"

qcs/tst/qvm/integration/qvm_test.py::TestSelectMethods::test_select_methods[/root/projects/QASMBench/small//dnn_n2/dnn_n2.qasm,/root/projects/QASMBench/small//cat_state_n4/cat_state_n4.qasm,/root/projects/QASMBench/small//pea_n5/pea_n5.qasm,/root/projects/QASMBench/small//qpe_n9/qpe_n9.qasm,/root/projects/QASMBench/small//qaoa_n6/qaoa_n6.qasm-FakeBrooklyn-4]
  /root/anaconda3/envs/qcs-noise/lib/python3.10/site-packages/qiskit_aer/noise/device/models.py:365: UserWarning: Device model returned an invalid T_2 relaxation time greater than the theoretical maximum value 2 * T_1 (9.696620180926042e-05 > 2 * 4.059182230473617e-05). Truncating to maximum value.
    warn("Device model returned an invalid T_2 relaxation time greater than"

-- Docs: https://docs.pytest.org/en/stable/how-to/capture-warnings.html
=========== 1 passed, 6 deselected, 14 warnings in 156.11s (0:02:36) ===========
Randomly selected files:
/root/projects/QASMBench/small//bb84_n8/bb84_n8.qasm,/root/projects/QASMBench/small//ising_n10/ising_n10.qasm,/root/projects/QASMBench/small//iswap_n2/iswap_n2.qasm,/root/projects/QASMBench/small//qpe_n9/qpe_n9.qasm,/root/projects/QASMBench/small//dnn_n8/dnn_n8.qasm
============================= test session starts ==============================
platform linux -- Python 3.10.6, pytest-7.2.0, pluggy-1.0.0
rootdir: /root/projects/qvm
plugins: anyio-3.6.2
collected 7 items / 6 deselected / 1 selected

tst/qvm/integration/qvm_test.py 
 === Testing ===

==== qasm_list ===

/root/projects/QASMBench/small//bb84_n8/bb84_n8.qasm,/root/projects/QASMBench/small//ising_n10/ising_n10.qasm,/root/projects/QASMBench/small//iswap_n2/iswap_n2.qasm,/root/projects/QASMBench/small//qpe_n9/qpe_n9.qasm,/root/projects/QASMBench/small//dnn_n8/dnn_n8.qasm
naive selection time	3.647804260253906e-05
F

=================================== FAILURES ===================================
_ TestSelectMethods.test_select_methods[/root/projects/QASMBench/small//bb84_n8/bb84_n8.qasm,/root/projects/QASMBench/small//ising_n10/ising_n10.qasm,/root/projects/QASMBench/small//iswap_n2/iswap_n2.qasm,/root/projects/QASMBench/small//qpe_n9/qpe_n9.qasm,/root/projects/QASMBench/small//dnn_n8/dnn_n8.qasm-FakeBrooklyn-4] _

self = <qvm_test.TestSelectMethods object at 0x7f714188d240>
qasm = '/root/projects/QASMBench/small//bb84_n8/bb84_n8.qasm,/root/projects/QASMBench/small//ising_n10/ising_n10.qasm,/root/p...n2/iswap_n2.qasm,/root/projects/QASMBench/small//qpe_n9/qpe_n9.qasm,/root/projects/QASMBench/small//dnn_n8/dnn_n8.qasm'
backend = 'FakeBrooklyn', cu_size = '4'

    def test_select_methods(self, qasm, backend, cu_size):
        """
        Args:
            bench: List of qasm file paths
            backend: Backend name
        """
        self._backend = globals().get(backend)()
        back_manager = FrpBackendManagerV2(self._backend)
        back_manager.cu_size = int(cu_size)
        back_manager.init_helpers()
        back_manager.init_cus()
        proc_manager = QvmProcessManagerV2(self._backend)
    
        qasm_list = qasm.split(",")
        circuit_list = [
            self.get_qiskit_circ("qasm", qasm_path=qasm_path) for qasm_path in qasm_list
        ]
        process_list = [back_manager.compile(circ) for circ in circuit_list]
    
        print("\n === Testing ===")
        print("\n==== qasm_list ===\n")
        print(qasm)
    
        # Naive
        st_time = time.time()
        executables = proc_manager._select_naive(process_list)
        print(f"naive selection time\t{time.time() - st_time}")
>       fid = self.get_fidelity(circuit_list, executables)

tst/qvm/integration/qvm_test.py:197: 
_ _ _ _ _ _ _ _ _ _ _ _ _ _ _ _ _ _ _ _ _ _ _ _ _ _ _ _ _ _ _ _ _ _ _ _ _ _ _ _ 
tst/qvm/integration/qvm_test.py:166: in get_fidelity
    fid = fid_calculator.calc_fidelity(circ, results[i], shots=shots)
../qvm/util/circuit.py:247: in calc_fidelity
    pv_noise, _ = counts_to_vector(counts, num_qubits)
_ _ _ _ _ _ _ _ _ _ _ _ _ _ _ _ _ _ _ _ _ _ _ _ _ _ _ _ _ _ _ _ _ _ _ _ _ _ _ _ 

counts = {'1 1 0 0 1 1 0 1': 2, '0 1 1 1 1 0 1 1': 1, '0 1 0 1 1 1 1 0': 2, '0 1 1 1 1 0 1 0': 1, '1 0 1 0 1 0 0 0': 2, '0 0 1 ... 0 0 1 0 0 1 1': 214, '0 1 1 0 0 0 0 0': 31119, '0 0 0 0 1 0 0 1': 203, '0 1 1 1 1 1 0 1': 169, '0 0 1 1 0 1 1 1': 195}
num_qubits = 8

    def counts_to_vector(counts: Counts, num_qubits: int) -> Tuple[np.ndarray, int]:
        """Transforms Counts to a probability vector"""
        vec = np.zeros(2**num_qubits, dtype=float)
        shots = 0
        for key, val in counts.items():
            shots += val
>           vec[int(key, 2)] = val
E           ValueError: invalid literal for int() with base 2: '1 1 0 0 1 1 0 1'

/root/anaconda3/envs/qcs-noise/lib/python3.10/site-packages/qiskit/result/mitigation/utils.py:93: ValueError
------------------------------ Captured log call -------------------------------
WARNING  root:graph.py:571 Failed to grow a subgraph from root: 26, current visited status: {0, 1, 3, 4, 5, 6, 8, 10, 12, 13, 18, 19, 20, 21, 22, 23, 25, 26, 34, 35, 36, 37, 42, 43, 44, 45, 49, 50, 51, 54}, error message is 'Cannot grow a graph that satisfy the subgraph size from current root: 26'
WARNING  root:graph.py:571 Failed to grow a subgraph from root: 40, current visited status: {0, 1, 3, 4, 5, 6, 8, 10, 12, 13, 18, 19, 20, 21, 22, 25, 26, 34, 35, 36, 37, 40, 42, 43, 44, 45, 49, 50, 51, 54}, error message is 'Cannot grow a graph that satisfy the subgraph size from current root: 40'
WARNING  root:graph.py:571 Failed to grow a subgraph from root: 9, current visited status: {0, 1, 3, 4, 5, 6, 8, 9, 10, 12, 13, 18, 19, 20, 21, 22, 25, 26, 27, 28, 30, 31, 32, 34, 35, 36, 37, 38, 39, 40, 41, 42, 43, 44, 45, 49, 50, 51, 52, 54, 55, 56, 57}, error message is 'Cannot grow a graph that satisfy the subgraph size from current root: 9'
WARNING  root:graph.py:571 Failed to grow a subgraph from root: 7, current visited status: {0, 1, 3, 4, 5, 6, 7, 8, 9, 10, 12, 13, 14, 15, 18, 19, 20, 21, 22, 24, 25, 26, 27, 28, 29, 30, 31, 32, 34, 35, 36, 37, 38, 39, 40, 41, 42, 43, 44, 45, 46, 47, 48, 49, 50, 51, 52, 53, 54, 55, 56, 57, 58, 59, 60, 61}, error message is 'Cannot grow a graph that satisfy the subgraph size from current root: 7'
WARNING  root:graph.py:571 Failed to grow a subgraph from root: 62, current visited status: {0, 1, 3, 4, 5, 6, 7, 8, 9, 10, 12, 13, 14, 15, 18, 19, 20, 21, 22, 24, 25, 26, 27, 28, 29, 30, 31, 32, 34, 35, 36, 37, 38, 39, 40, 41, 42, 43, 44, 45, 46, 47, 48, 49, 50, 51, 52, 53, 54, 55, 56, 57, 58, 59, 60, 61, 62, 63, 64}, error message is 'Cannot grow a graph that satisfy the subgraph size from current root: 62'
WARNING  root:graph.py:571 Failed to grow a subgraph from root: 16, current visited status: {0, 1, 3, 4, 5, 6, 7, 8, 9, 10, 11, 12, 13, 14, 15, 16, 17, 18, 19, 20, 21, 22, 24, 25, 26, 27, 28, 29, 30, 31, 32, 34, 35, 36, 37, 38, 39, 40, 41, 42, 43, 44, 45, 46, 47, 48, 49, 50, 51, 52, 53, 54, 55, 56, 57, 58, 59, 60, 61, 62}, error message is 'Cannot grow a graph that satisfy the subgraph size from current root: 16'
WARNING  root:graph.py:571 Failed to grow a subgraph from root: 23, current visited status: {0, 1, 3, 4, 5, 6, 7, 8, 9, 10, 12, 13, 14, 15, 16, 18, 19, 20, 21, 22, 23, 24, 25, 26, 27, 28, 29, 30, 31, 32, 34, 35, 36, 37, 38, 39, 40, 41, 42, 43, 44, 45, 46, 47, 48, 49, 50, 51, 52, 53, 54, 55, 56, 57, 58, 59, 60, 61, 62}, error message is 'Cannot grow a graph that satisfy the subgraph size from current root: 23'
WARNING  root:graph.py:571 Failed to grow a subgraph from root: 17, current visited status: {0, 1, 3, 4, 5, 6, 7, 8, 9, 10, 11, 12, 13, 14, 15, 16, 17, 18, 19, 20, 21, 22, 23, 24, 25, 26, 27, 28, 29, 30, 31, 32, 34, 35, 36, 37, 38, 39, 40, 41, 42, 43, 44, 45, 46, 47, 48, 49, 50, 51, 52, 53, 54, 55, 56, 57, 58, 59, 60, 61, 62}, error message is 'Cannot grow a graph that satisfy the subgraph size from current root: 17'
WARNING  root:graph.py:571 Failed to grow a subgraph from root: 63, current visited status: {0, 1, 3, 4, 5, 6, 7, 8, 9, 10, 12, 13, 14, 15, 16, 17, 18, 19, 20, 21, 22, 23, 24, 25, 26, 27, 28, 29, 30, 31, 32, 34, 35, 36, 37, 38, 39, 40, 41, 42, 43, 44, 45, 46, 47, 48, 49, 50, 51, 52, 53, 54, 55, 56, 57, 58, 59, 60, 61, 62, 63, 64}, error message is 'Cannot grow a graph that satisfy the subgraph size from current root: 63'
WARNING  root:graph.py:571 Failed to grow a subgraph from root: 64, current visited status: {0, 1, 3, 4, 5, 6, 7, 8, 9, 10, 12, 13, 14, 15, 16, 17, 18, 19, 20, 21, 22, 23, 24, 25, 26, 27, 28, 29, 30, 31, 32, 34, 35, 36, 37, 38, 39, 40, 41, 42, 43, 44, 45, 46, 47, 48, 49, 50, 51, 52, 53, 54, 55, 56, 57, 58, 59, 60, 61, 62, 63, 64}, error message is 'Cannot grow a graph that satisfy the subgraph size from current root: 64'
WARNING  root:graph.py:571 Failed to grow a subgraph from root: 11, current visited status: {0, 1, 3, 4, 5, 6, 7, 8, 9, 10, 11, 12, 13, 14, 15, 16, 17, 18, 19, 20, 21, 22, 23, 24, 25, 26, 27, 28, 29, 30, 31, 32, 34, 35, 36, 37, 38, 39, 40, 41, 42, 43, 44, 45, 46, 47, 48, 49, 50, 51, 52, 53, 54, 55, 56, 57, 58, 59, 60, 61, 62, 63, 64}, error message is 'Cannot grow a graph that satisfy the subgraph size from current root: 11'
WARNING  root:graph.py:571 Failed to grow a subgraph from root: 33, current visited status: {0, 1, 3, 4, 5, 6, 7, 8, 9, 10, 11, 12, 13, 14, 15, 16, 17, 18, 19, 20, 21, 22, 23, 24, 25, 26, 27, 28, 29, 30, 31, 32, 33, 34, 35, 36, 37, 38, 39, 40, 41, 42, 43, 44, 45, 46, 47, 48, 49, 50, 51, 52, 53, 54, 55, 56, 57, 58, 59, 60, 61, 62, 63, 64}, error message is 'Cannot grow a graph that satisfy the subgraph size from current root: 33'
WARNING  root:graph.py:571 Failed to grow a subgraph from root: 2, current visited status: {0, 1, 2, 3, 4, 5, 6, 7, 8, 9, 10, 11, 12, 13, 14, 15, 16, 17, 18, 19, 20, 21, 22, 23, 24, 25, 26, 27, 28, 29, 30, 31, 32, 33, 34, 35, 36, 37, 38, 39, 40, 41, 42, 43, 44, 45, 46, 47, 48, 49, 50, 51, 52, 53, 54, 55, 56, 57, 58, 59, 60, 61, 62, 63, 64}, error message is 'Cannot grow a graph that satisfy the subgraph size from current root: 2'
WARNING  root:backend_manager.py:407 cannot compile on compute unit <qvm.model.compute_unit.ComputeUnit object at 0x7f71393f7eb0>, error: 'Number of qubits (8) in circuit-88 is greater than maximum (4) in the coupling_map'
WARNING  root:backend_manager.py:407 cannot compile on compute unit <qvm.model.compute_unit.ComputeUnit object at 0x7f70dd85f340>, error: 'Number of qubits (8) in circuit-88 is greater than maximum (4) in the coupling_map'
WARNING  root:backend_manager.py:407 cannot compile on compute unit <qvm.model.compute_unit.ComputeUnit object at 0x7f70db203e20>, error: 'Number of qubits (8) in circuit-88 is greater than maximum (4) in the coupling_map'
WARNING  root:backend_manager.py:407 cannot compile on compute unit <qvm.model.compute_unit.ComputeUnit object at 0x7f70d3d6dae0>, error: 'Number of qubits (10) in circuit-90 is greater than maximum (4) in the coupling_map'
WARNING  root:backend_manager.py:407 cannot compile on compute unit <qvm.model.compute_unit.ComputeUnit object at 0x7f70d09343a0>, error: 'Number of qubits (10) in circuit-90 is greater than maximum (8) in the coupling_map'
WARNING  root:backend_manager.py:407 cannot compile on compute unit <qvm.model.compute_unit.ComputeUnit object at 0x7f70d2130430>, error: 'Number of qubits (10) in circuit-90 is greater than maximum (4) in the coupling_map'
WARNING  root:backend_manager.py:407 cannot compile on compute unit <qvm.model.compute_unit.ComputeUnit object at 0x7f70d0eb4280>, error: 'Number of qubits (10) in circuit-90 is greater than maximum (8) in the coupling_map'
WARNING  root:backend_manager.py:407 cannot compile on compute unit <qvm.model.compute_unit.ComputeUnit object at 0x7f70d2f2c940>, error: 'Number of qubits (10) in circuit-90 is greater than maximum (4) in the coupling_map'
WARNING  root:backend_manager.py:407 cannot compile on compute unit <qvm.model.compute_unit.ComputeUnit object at 0x7f70a3862d70>, error: 'Number of qubits (9) in circuit-94 is greater than maximum (4) in the coupling_map'
WARNING  root:backend_manager.py:407 cannot compile on compute unit <qvm.model.compute_unit.ComputeUnit object at 0x7f70a04c7f70>, error: 'Number of qubits (9) in circuit-94 is greater than maximum (8) in the coupling_map'
WARNING  root:backend_manager.py:407 cannot compile on compute unit <qvm.model.compute_unit.ComputeUnit object at 0x7f70a101fdc0>, error: 'Number of qubits (9) in circuit-94 is greater than maximum (4) in the coupling_map'
WARNING  root:backend_manager.py:407 cannot compile on compute unit <qvm.model.compute_unit.ComputeUnit object at 0x7f70a1cbbd90>, error: 'Number of qubits (9) in circuit-94 is greater than maximum (8) in the coupling_map'
WARNING  root:backend_manager.py:407 cannot compile on compute unit <qvm.model.compute_unit.ComputeUnit object at 0x7f70a1813e20>, error: 'Number of qubits (9) in circuit-94 is greater than maximum (4) in the coupling_map'
WARNING  root:backend_manager.py:407 cannot compile on compute unit <qvm.model.compute_unit.ComputeUnit object at 0x7f709cb2bd00>, error: 'Number of qubits (8) in circuit-96 is greater than maximum (4) in the coupling_map'
WARNING  root:backend_manager.py:407 cannot compile on compute unit <qvm.model.compute_unit.ComputeUnit object at 0x7f709654bbb0>, error: 'Number of qubits (8) in circuit-96 is greater than maximum (4) in the coupling_map'
WARNING  root:backend_manager.py:407 cannot compile on compute unit <qvm.model.compute_unit.ComputeUnit object at 0x7f70941d7ac0>, error: 'Number of qubits (8) in circuit-96 is greater than maximum (4) in the coupling_map'
=============================== warnings summary ===============================
qcs/tst/qvm/integration/qvm_test.py::TestSelectMethods::test_select_methods[/root/projects/QASMBench/small//bb84_n8/bb84_n8.qasm,/root/projects/QASMBench/small//ising_n10/ising_n10.qasm,/root/projects/QASMBench/small//iswap_n2/iswap_n2.qasm,/root/projects/QASMBench/small//qpe_n9/qpe_n9.qasm,/root/projects/QASMBench/small//dnn_n8/dnn_n8.qasm-FakeBrooklyn-4]
qcs/tst/qvm/integration/qvm_test.py::TestSelectMethods::test_select_methods[/root/projects/QASMBench/small//bb84_n8/bb84_n8.qasm,/root/projects/QASMBench/small//ising_n10/ising_n10.qasm,/root/projects/QASMBench/small//iswap_n2/iswap_n2.qasm,/root/projects/QASMBench/small//qpe_n9/qpe_n9.qasm,/root/projects/QASMBench/small//dnn_n8/dnn_n8.qasm-FakeBrooklyn-4]
qcs/tst/qvm/integration/qvm_test.py::TestSelectMethods::test_select_methods[/root/projects/QASMBench/small//bb84_n8/bb84_n8.qasm,/root/projects/QASMBench/small//ising_n10/ising_n10.qasm,/root/projects/QASMBench/small//iswap_n2/iswap_n2.qasm,/root/projects/QASMBench/small//qpe_n9/qpe_n9.qasm,/root/projects/QASMBench/small//dnn_n8/dnn_n8.qasm-FakeBrooklyn-4]
qcs/tst/qvm/integration/qvm_test.py::TestSelectMethods::test_select_methods[/root/projects/QASMBench/small//bb84_n8/bb84_n8.qasm,/root/projects/QASMBench/small//ising_n10/ising_n10.qasm,/root/projects/QASMBench/small//iswap_n2/iswap_n2.qasm,/root/projects/QASMBench/small//qpe_n9/qpe_n9.qasm,/root/projects/QASMBench/small//dnn_n8/dnn_n8.qasm-FakeBrooklyn-4]
qcs/tst/qvm/integration/qvm_test.py::TestSelectMethods::test_select_methods[/root/projects/QASMBench/small//bb84_n8/bb84_n8.qasm,/root/projects/QASMBench/small//ising_n10/ising_n10.qasm,/root/projects/QASMBench/small//iswap_n2/iswap_n2.qasm,/root/projects/QASMBench/small//qpe_n9/qpe_n9.qasm,/root/projects/QASMBench/small//dnn_n8/dnn_n8.qasm-FakeBrooklyn-4]
  /root/anaconda3/envs/qcs-noise/lib/python3.10/site-packages/qiskit/providers/fake_provider/fake_backend.py:462: PendingDeprecationWarning: "warnings" argument will be deprecated as part of the qiskit-aer 0.12.0 and subsequently removed
    noise_model = NoiseModel.from_backend(self, warnings=False)

-- Docs: https://docs.pytest.org/en/stable/how-to/capture-warnings.html
=========================== short test summary info ============================
FAILED tst/qvm/integration/qvm_test.py::TestSelectMethods::test_select_methods[/root/projects/QASMBench/small/bb84_n8/bb84_n8.qasm,/root/projects/QASMBench/small/ising_n10/ising_n10.qasm,/root/projects/QASMBench/small/iswap_n2/iswap_n2.qasm,/root/projects/QASMBench/small/qpe_n9/qpe_n9.qasm,/root/projects/QASMBench/small/dnn_n8/dnn_n8.qasm-FakeBrooklyn-4]
=========== 1 failed, 6 deselected, 5 warnings in 140.35s (0:02:20) ============
Randomly selected files:
/root/projects/QASMBench/small//pea_n5/pea_n5.qasm,/root/projects/QASMBench/small//qaoa_n6/qaoa_n6.qasm,/root/projects/QASMBench/small//quantumwalks_n2/quantumwalks_n2.qasm,/root/projects/QASMBench/small//bb84_n8/bb84_n8.qasm,/root/projects/QASMBench/small//linearsolver_n3/linearsolver_n3.qasm
============================= test session starts ==============================
platform linux -- Python 3.10.6, pytest-7.2.0, pluggy-1.0.0
rootdir: /root/projects/qvm
plugins: anyio-3.6.2
collected 7 items / 6 deselected / 1 selected

tst/qvm/integration/qvm_test.py 
 === Testing ===

==== qasm_list ===

/root/projects/QASMBench/small//pea_n5/pea_n5.qasm,/root/projects/QASMBench/small//qaoa_n6/qaoa_n6.qasm,/root/projects/QASMBench/small//quantumwalks_n2/quantumwalks_n2.qasm,/root/projects/QASMBench/small//bb84_n8/bb84_n8.qasm,/root/projects/QASMBench/small//linearsolver_n3/linearsolver_n3.qasm
naive selection time	2.0742416381835938e-05
F

=================================== FAILURES ===================================
_ TestSelectMethods.test_select_methods[/root/projects/QASMBench/small//pea_n5/pea_n5.qasm,/root/projects/QASMBench/small//qaoa_n6/qaoa_n6.qasm,/root/projects/QASMBench/small//quantumwalks_n2/quantumwalks_n2.qasm,/root/projects/QASMBench/small//bb84_n8/bb84_n8.qasm,/root/projects/QASMBench/small//linearsolver_n3/linearsolver_n3.qasm-FakeBrooklyn-4] _

self = <qvm_test.TestSelectMethods object at 0x7f3377025150>
qasm = '/root/projects/QASMBench/small//pea_n5/pea_n5.qasm,/root/projects/QASMBench/small//qaoa_n6/qaoa_n6.qasm,/root/project...ot/projects/QASMBench/small//bb84_n8/bb84_n8.qasm,/root/projects/QASMBench/small//linearsolver_n3/linearsolver_n3.qasm'
backend = 'FakeBrooklyn', cu_size = '4'

    def test_select_methods(self, qasm, backend, cu_size):
        """
        Args:
            bench: List of qasm file paths
            backend: Backend name
        """
        self._backend = globals().get(backend)()
        back_manager = FrpBackendManagerV2(self._backend)
        back_manager.cu_size = int(cu_size)
        back_manager.init_helpers()
        back_manager.init_cus()
        proc_manager = QvmProcessManagerV2(self._backend)
    
        qasm_list = qasm.split(",")
        circuit_list = [
            self.get_qiskit_circ("qasm", qasm_path=qasm_path) for qasm_path in qasm_list
        ]
        process_list = [back_manager.compile(circ) for circ in circuit_list]
    
        print("\n === Testing ===")
        print("\n==== qasm_list ===\n")
        print(qasm)
    
        # Naive
        st_time = time.time()
        executables = proc_manager._select_naive(process_list)
        print(f"naive selection time\t{time.time() - st_time}")
>       fid = self.get_fidelity(circuit_list, executables)

tst/qvm/integration/qvm_test.py:197: 
_ _ _ _ _ _ _ _ _ _ _ _ _ _ _ _ _ _ _ _ _ _ _ _ _ _ _ _ _ _ _ _ _ _ _ _ _ _ _ _ 
tst/qvm/integration/qvm_test.py:166: in get_fidelity
    fid = fid_calculator.calc_fidelity(circ, results[i], shots=shots)
../qvm/util/circuit.py:247: in calc_fidelity
    pv_noise, _ = counts_to_vector(counts, num_qubits)
_ _ _ _ _ _ _ _ _ _ _ _ _ _ _ _ _ _ _ _ _ _ _ _ _ _ _ _ _ _ _ _ _ _ _ _ _ _ _ _ 

counts = {'1 1 0 0 0 0 1 1': 1, '0 1 1 1 1 1 1 1': 2, '0 0 1 1 1 0 1 0': 5, '0 1 1 1 1 1 1 0': 2, '0 1 0 0 1 1 1 1': 1, '0 1 1 ... 0 1 0 0 0 0 0': 32258, '0 0 0 0 0 1 1 1': 328, '1 1 0 1 0 0 0 1': 646, '0 0 0 0 1 1 0 0': 449, '0 1 1 1 0 1 1 1': 238}
num_qubits = 8

    def counts_to_vector(counts: Counts, num_qubits: int) -> Tuple[np.ndarray, int]:
        """Transforms Counts to a probability vector"""
        vec = np.zeros(2**num_qubits, dtype=float)
        shots = 0
        for key, val in counts.items():
            shots += val
>           vec[int(key, 2)] = val
E           ValueError: invalid literal for int() with base 2: '1 1 0 0 0 0 1 1'

/root/anaconda3/envs/qcs-noise/lib/python3.10/site-packages/qiskit/result/mitigation/utils.py:93: ValueError
------------------------------ Captured log call -------------------------------
WARNING  root:graph.py:571 Failed to grow a subgraph from root: 26, current visited status: {0, 1, 3, 4, 5, 6, 8, 10, 12, 13, 18, 19, 20, 21, 22, 23, 25, 26, 34, 35, 36, 37, 42, 43, 44, 45, 49, 50, 51, 54}, error message is 'Cannot grow a graph that satisfy the subgraph size from current root: 26'
WARNING  root:graph.py:571 Failed to grow a subgraph from root: 40, current visited status: {0, 1, 3, 4, 5, 6, 8, 10, 12, 13, 18, 19, 20, 21, 22, 25, 26, 34, 35, 36, 37, 40, 42, 43, 44, 45, 49, 50, 51, 54}, error message is 'Cannot grow a graph that satisfy the subgraph size from current root: 40'
WARNING  root:graph.py:571 Failed to grow a subgraph from root: 9, current visited status: {0, 1, 3, 4, 5, 6, 8, 9, 10, 12, 13, 18, 19, 20, 21, 22, 25, 26, 27, 28, 30, 31, 32, 34, 35, 36, 37, 38, 39, 40, 41, 42, 43, 44, 45, 49, 50, 51, 52, 54, 55, 56, 57}, error message is 'Cannot grow a graph that satisfy the subgraph size from current root: 9'
WARNING  root:graph.py:571 Failed to grow a subgraph from root: 7, current visited status: {0, 1, 3, 4, 5, 6, 7, 8, 9, 10, 12, 13, 14, 15, 18, 19, 20, 21, 22, 24, 25, 26, 27, 28, 29, 30, 31, 32, 34, 35, 36, 37, 38, 39, 40, 41, 42, 43, 44, 45, 46, 47, 48, 49, 50, 51, 52, 53, 54, 55, 56, 57, 58, 59, 60, 61}, error message is 'Cannot grow a graph that satisfy the subgraph size from current root: 7'
WARNING  root:graph.py:571 Failed to grow a subgraph from root: 62, current visited status: {0, 1, 3, 4, 5, 6, 7, 8, 9, 10, 12, 13, 14, 15, 18, 19, 20, 21, 22, 24, 25, 26, 27, 28, 29, 30, 31, 32, 34, 35, 36, 37, 38, 39, 40, 41, 42, 43, 44, 45, 46, 47, 48, 49, 50, 51, 52, 53, 54, 55, 56, 57, 58, 59, 60, 61, 62, 63, 64}, error message is 'Cannot grow a graph that satisfy the subgraph size from current root: 62'
WARNING  root:graph.py:571 Failed to grow a subgraph from root: 16, current visited status: {0, 1, 3, 4, 5, 6, 7, 8, 9, 10, 11, 12, 13, 14, 15, 16, 17, 18, 19, 20, 21, 22, 24, 25, 26, 27, 28, 29, 30, 31, 32, 34, 35, 36, 37, 38, 39, 40, 41, 42, 43, 44, 45, 46, 47, 48, 49, 50, 51, 52, 53, 54, 55, 56, 57, 58, 59, 60, 61, 62}, error message is 'Cannot grow a graph that satisfy the subgraph size from current root: 16'
WARNING  root:graph.py:571 Failed to grow a subgraph from root: 23, current visited status: {0, 1, 3, 4, 5, 6, 7, 8, 9, 10, 12, 13, 14, 15, 16, 18, 19, 20, 21, 22, 23, 24, 25, 26, 27, 28, 29, 30, 31, 32, 34, 35, 36, 37, 38, 39, 40, 41, 42, 43, 44, 45, 46, 47, 48, 49, 50, 51, 52, 53, 54, 55, 56, 57, 58, 59, 60, 61, 62}, error message is 'Cannot grow a graph that satisfy the subgraph size from current root: 23'
WARNING  root:graph.py:571 Failed to grow a subgraph from root: 17, current visited status: {0, 1, 3, 4, 5, 6, 7, 8, 9, 10, 11, 12, 13, 14, 15, 16, 17, 18, 19, 20, 21, 22, 23, 24, 25, 26, 27, 28, 29, 30, 31, 32, 34, 35, 36, 37, 38, 39, 40, 41, 42, 43, 44, 45, 46, 47, 48, 49, 50, 51, 52, 53, 54, 55, 56, 57, 58, 59, 60, 61, 62}, error message is 'Cannot grow a graph that satisfy the subgraph size from current root: 17'
WARNING  root:graph.py:571 Failed to grow a subgraph from root: 63, current visited status: {0, 1, 3, 4, 5, 6, 7, 8, 9, 10, 12, 13, 14, 15, 16, 17, 18, 19, 20, 21, 22, 23, 24, 25, 26, 27, 28, 29, 30, 31, 32, 34, 35, 36, 37, 38, 39, 40, 41, 42, 43, 44, 45, 46, 47, 48, 49, 50, 51, 52, 53, 54, 55, 56, 57, 58, 59, 60, 61, 62, 63, 64}, error message is 'Cannot grow a graph that satisfy the subgraph size from current root: 63'
WARNING  root:graph.py:571 Failed to grow a subgraph from root: 64, current visited status: {0, 1, 3, 4, 5, 6, 7, 8, 9, 10, 12, 13, 14, 15, 16, 17, 18, 19, 20, 21, 22, 23, 24, 25, 26, 27, 28, 29, 30, 31, 32, 34, 35, 36, 37, 38, 39, 40, 41, 42, 43, 44, 45, 46, 47, 48, 49, 50, 51, 52, 53, 54, 55, 56, 57, 58, 59, 60, 61, 62, 63, 64}, error message is 'Cannot grow a graph that satisfy the subgraph size from current root: 64'
WARNING  root:graph.py:571 Failed to grow a subgraph from root: 11, current visited status: {0, 1, 3, 4, 5, 6, 7, 8, 9, 10, 11, 12, 13, 14, 15, 16, 17, 18, 19, 20, 21, 22, 23, 24, 25, 26, 27, 28, 29, 30, 31, 32, 34, 35, 36, 37, 38, 39, 40, 41, 42, 43, 44, 45, 46, 47, 48, 49, 50, 51, 52, 53, 54, 55, 56, 57, 58, 59, 60, 61, 62, 63, 64}, error message is 'Cannot grow a graph that satisfy the subgraph size from current root: 11'
WARNING  root:graph.py:571 Failed to grow a subgraph from root: 33, current visited status: {0, 1, 3, 4, 5, 6, 7, 8, 9, 10, 11, 12, 13, 14, 15, 16, 17, 18, 19, 20, 21, 22, 23, 24, 25, 26, 27, 28, 29, 30, 31, 32, 33, 34, 35, 36, 37, 38, 39, 40, 41, 42, 43, 44, 45, 46, 47, 48, 49, 50, 51, 52, 53, 54, 55, 56, 57, 58, 59, 60, 61, 62, 63, 64}, error message is 'Cannot grow a graph that satisfy the subgraph size from current root: 33'
WARNING  root:graph.py:571 Failed to grow a subgraph from root: 2, current visited status: {0, 1, 2, 3, 4, 5, 6, 7, 8, 9, 10, 11, 12, 13, 14, 15, 16, 17, 18, 19, 20, 21, 22, 23, 24, 25, 26, 27, 28, 29, 30, 31, 32, 33, 34, 35, 36, 37, 38, 39, 40, 41, 42, 43, 44, 45, 46, 47, 48, 49, 50, 51, 52, 53, 54, 55, 56, 57, 58, 59, 60, 61, 62, 63, 64}, error message is 'Cannot grow a graph that satisfy the subgraph size from current root: 2'
WARNING  root:backend_manager.py:407 cannot compile on compute unit <qvm.model.compute_unit.ComputeUnit object at 0x7f3368a6bca0>, error: 'Number of qubits (5) in circuit-118 is greater than maximum (4) in the coupling_map'
WARNING  root:backend_manager.py:407 cannot compile on compute unit <qvm.model.compute_unit.ComputeUnit object at 0x7f331338be20>, error: 'Number of qubits (5) in circuit-118 is greater than maximum (4) in the coupling_map'
WARNING  root:backend_manager.py:407 cannot compile on compute unit <qvm.model.compute_unit.ComputeUnit object at 0x7f333a48dae0>, error: 'Number of qubits (5) in circuit-118 is greater than maximum (4) in the coupling_map'
WARNING  root:backend_manager.py:407 cannot compile on compute unit <qvm.model.compute_unit.ComputeUnit object at 0x7f3309883df0>, error: 'Number of qubits (6) in circuit-120 is greater than maximum (4) in the coupling_map'
WARNING  root:backend_manager.py:407 cannot compile on compute unit <qvm.model.compute_unit.ComputeUnit object at 0x7f3307bb1ed0>, error: 'Number of qubits (6) in circuit-120 is greater than maximum (4) in the coupling_map'
WARNING  root:backend_manager.py:407 cannot compile on compute unit <qvm.model.compute_unit.ComputeUnit object at 0x7f3300e5fe20>, error: 'Number of qubits (6) in circuit-120 is greater than maximum (4) in the coupling_map'
WARNING  root:backend_manager.py:407 cannot compile on compute unit <qvm.model.compute_unit.ComputeUnit object at 0x7f32cf843fd0>, error: 'Number of qubits (8) in circuit-124 is greater than maximum (4) in the coupling_map'
WARNING  root:backend_manager.py:407 cannot compile on compute unit <qvm.model.compute_unit.ComputeUnit object at 0x7f32c90dbdc0>, error: 'Number of qubits (8) in circuit-124 is greater than maximum (4) in the coupling_map'
WARNING  root:backend_manager.py:407 cannot compile on compute unit <qvm.model.compute_unit.ComputeUnit object at 0x7f32c76351b0>, error: 'Number of qubits (8) in circuit-124 is greater than maximum (4) in the coupling_map'
=============================== warnings summary ===============================
qcs/tst/qvm/integration/qvm_test.py::TestSelectMethods::test_select_methods[/root/projects/QASMBench/small//pea_n5/pea_n5.qasm,/root/projects/QASMBench/small//qaoa_n6/qaoa_n6.qasm,/root/projects/QASMBench/small//quantumwalks_n2/quantumwalks_n2.qasm,/root/projects/QASMBench/small//bb84_n8/bb84_n8.qasm,/root/projects/QASMBench/small//linearsolver_n3/linearsolver_n3.qasm-FakeBrooklyn-4]
qcs/tst/qvm/integration/qvm_test.py::TestSelectMethods::test_select_methods[/root/projects/QASMBench/small//pea_n5/pea_n5.qasm,/root/projects/QASMBench/small//qaoa_n6/qaoa_n6.qasm,/root/projects/QASMBench/small//quantumwalks_n2/quantumwalks_n2.qasm,/root/projects/QASMBench/small//bb84_n8/bb84_n8.qasm,/root/projects/QASMBench/small//linearsolver_n3/linearsolver_n3.qasm-FakeBrooklyn-4]
qcs/tst/qvm/integration/qvm_test.py::TestSelectMethods::test_select_methods[/root/projects/QASMBench/small//pea_n5/pea_n5.qasm,/root/projects/QASMBench/small//qaoa_n6/qaoa_n6.qasm,/root/projects/QASMBench/small//quantumwalks_n2/quantumwalks_n2.qasm,/root/projects/QASMBench/small//bb84_n8/bb84_n8.qasm,/root/projects/QASMBench/small//linearsolver_n3/linearsolver_n3.qasm-FakeBrooklyn-4]
qcs/tst/qvm/integration/qvm_test.py::TestSelectMethods::test_select_methods[/root/projects/QASMBench/small//pea_n5/pea_n5.qasm,/root/projects/QASMBench/small//qaoa_n6/qaoa_n6.qasm,/root/projects/QASMBench/small//quantumwalks_n2/quantumwalks_n2.qasm,/root/projects/QASMBench/small//bb84_n8/bb84_n8.qasm,/root/projects/QASMBench/small//linearsolver_n3/linearsolver_n3.qasm-FakeBrooklyn-4]
qcs/tst/qvm/integration/qvm_test.py::TestSelectMethods::test_select_methods[/root/projects/QASMBench/small//pea_n5/pea_n5.qasm,/root/projects/QASMBench/small//qaoa_n6/qaoa_n6.qasm,/root/projects/QASMBench/small//quantumwalks_n2/quantumwalks_n2.qasm,/root/projects/QASMBench/small//bb84_n8/bb84_n8.qasm,/root/projects/QASMBench/small//linearsolver_n3/linearsolver_n3.qasm-FakeBrooklyn-4]
  /root/anaconda3/envs/qcs-noise/lib/python3.10/site-packages/qiskit/providers/fake_provider/fake_backend.py:462: PendingDeprecationWarning: "warnings" argument will be deprecated as part of the qiskit-aer 0.12.0 and subsequently removed
    noise_model = NoiseModel.from_backend(self, warnings=False)

qcs/tst/qvm/integration/qvm_test.py::TestSelectMethods::test_select_methods[/root/projects/QASMBench/small//pea_n5/pea_n5.qasm,/root/projects/QASMBench/small//qaoa_n6/qaoa_n6.qasm,/root/projects/QASMBench/small//quantumwalks_n2/quantumwalks_n2.qasm,/root/projects/QASMBench/small//bb84_n8/bb84_n8.qasm,/root/projects/QASMBench/small//linearsolver_n3/linearsolver_n3.qasm-FakeBrooklyn-4]
qcs/tst/qvm/integration/qvm_test.py::TestSelectMethods::test_select_methods[/root/projects/QASMBench/small//pea_n5/pea_n5.qasm,/root/projects/QASMBench/small//qaoa_n6/qaoa_n6.qasm,/root/projects/QASMBench/small//quantumwalks_n2/quantumwalks_n2.qasm,/root/projects/QASMBench/small//bb84_n8/bb84_n8.qasm,/root/projects/QASMBench/small//linearsolver_n3/linearsolver_n3.qasm-FakeBrooklyn-4]
qcs/tst/qvm/integration/qvm_test.py::TestSelectMethods::test_select_methods[/root/projects/QASMBench/small//pea_n5/pea_n5.qasm,/root/projects/QASMBench/small//qaoa_n6/qaoa_n6.qasm,/root/projects/QASMBench/small//quantumwalks_n2/quantumwalks_n2.qasm,/root/projects/QASMBench/small//bb84_n8/bb84_n8.qasm,/root/projects/QASMBench/small//linearsolver_n3/linearsolver_n3.qasm-FakeBrooklyn-4]
qcs/tst/qvm/integration/qvm_test.py::TestSelectMethods::test_select_methods[/root/projects/QASMBench/small//pea_n5/pea_n5.qasm,/root/projects/QASMBench/small//qaoa_n6/qaoa_n6.qasm,/root/projects/QASMBench/small//quantumwalks_n2/quantumwalks_n2.qasm,/root/projects/QASMBench/small//bb84_n8/bb84_n8.qasm,/root/projects/QASMBench/small//linearsolver_n3/linearsolver_n3.qasm-FakeBrooklyn-4]
qcs/tst/qvm/integration/qvm_test.py::TestSelectMethods::test_select_methods[/root/projects/QASMBench/small//pea_n5/pea_n5.qasm,/root/projects/QASMBench/small//qaoa_n6/qaoa_n6.qasm,/root/projects/QASMBench/small//quantumwalks_n2/quantumwalks_n2.qasm,/root/projects/QASMBench/small//bb84_n8/bb84_n8.qasm,/root/projects/QASMBench/small//linearsolver_n3/linearsolver_n3.qasm-FakeBrooklyn-4]
qcs/tst/qvm/integration/qvm_test.py::TestSelectMethods::test_select_methods[/root/projects/QASMBench/small//pea_n5/pea_n5.qasm,/root/projects/QASMBench/small//qaoa_n6/qaoa_n6.qasm,/root/projects/QASMBench/small//quantumwalks_n2/quantumwalks_n2.qasm,/root/projects/QASMBench/small//bb84_n8/bb84_n8.qasm,/root/projects/QASMBench/small//linearsolver_n3/linearsolver_n3.qasm-FakeBrooklyn-4]
  /root/anaconda3/envs/qcs-noise/lib/python3.10/site-packages/qiskit_aer/noise/device/models.py:365: UserWarning: Device model returned an invalid T_2 relaxation time greater than the theoretical maximum value 2 * T_1 (96966.20180926041 > 2 * 40591.82230473617). Truncating to maximum value.
    warn("Device model returned an invalid T_2 relaxation time greater than"

qcs/tst/qvm/integration/qvm_test.py::TestSelectMethods::test_select_methods[/root/projects/QASMBench/small//pea_n5/pea_n5.qasm,/root/projects/QASMBench/small//qaoa_n6/qaoa_n6.qasm,/root/projects/QASMBench/small//quantumwalks_n2/quantumwalks_n2.qasm,/root/projects/QASMBench/small//bb84_n8/bb84_n8.qasm,/root/projects/QASMBench/small//linearsolver_n3/linearsolver_n3.qasm-FakeBrooklyn-4]
  /root/anaconda3/envs/qcs-noise/lib/python3.10/site-packages/qiskit_aer/noise/device/models.py:365: UserWarning: Device model returned an invalid T_2 relaxation time greater than the theoretical maximum value 2 * T_1 (9.696620180926042e-05 > 2 * 4.059182230473617e-05). Truncating to maximum value.
    warn("Device model returned an invalid T_2 relaxation time greater than"

-- Docs: https://docs.pytest.org/en/stable/how-to/capture-warnings.html
=========================== short test summary info ============================
FAILED tst/qvm/integration/qvm_test.py::TestSelectMethods::test_select_methods[/root/projects/QASMBench/small/pea_n5/pea_n5.qasm,/root/projects/QASMBench/small/qaoa_n6/qaoa_n6.qasm,/root/projects/QASMBench/small/quantumwalks_n2/quantumwalks_n2.qasm,/root/projects/QASMBench/small/bb84_n8/bb84_n8.qasm,/root/projects/QASMBench/small/linearsolver_n3/linearsolver_n3.qasm-FakeBrooklyn-4]
=========== 1 failed, 6 deselected, 12 warnings in 139.56s (0:02:19) ===========
Randomly selected files:
/root/projects/QASMBench/small//bb84_n8/bb84_n8.qasm,/root/projects/QASMBench/small//deutsch_n2/deutsch_n2.qasm,/root/projects/QASMBench/small//qpe_n9/qpe_n9.qasm,/root/projects/QASMBench/small//shor_n5/shor_n5.qasm,/root/projects/QASMBench/small//adder_n4/adder_n4.qasm
============================= test session starts ==============================
platform linux -- Python 3.10.6, pytest-7.2.0, pluggy-1.0.0
rootdir: /root/projects/qvm
plugins: anyio-3.6.2
collected 7 items / 6 deselected / 1 selected

tst/qvm/integration/qvm_test.py 
 === Testing ===

==== qasm_list ===

/root/projects/QASMBench/small//bb84_n8/bb84_n8.qasm,/root/projects/QASMBench/small//deutsch_n2/deutsch_n2.qasm,/root/projects/QASMBench/small//qpe_n9/qpe_n9.qasm,/root/projects/QASMBench/small//shor_n5/shor_n5.qasm,/root/projects/QASMBench/small//adder_n4/adder_n4.qasm
naive selection time	2.956390380859375e-05
F

=================================== FAILURES ===================================
_ TestSelectMethods.test_select_methods[/root/projects/QASMBench/small//bb84_n8/bb84_n8.qasm,/root/projects/QASMBench/small//deutsch_n2/deutsch_n2.qasm,/root/projects/QASMBench/small//qpe_n9/qpe_n9.qasm,/root/projects/QASMBench/small//shor_n5/shor_n5.qasm,/root/projects/QASMBench/small//adder_n4/adder_n4.qasm-FakeBrooklyn-4] _

self = <qvm_test.TestSelectMethods object at 0x7f781a28b490>
qasm = '/root/projects/QASMBench/small//bb84_n8/bb84_n8.qasm,/root/projects/QASMBench/small//deutsch_n2/deutsch_n2.qasm,/root...pe_n9.qasm,/root/projects/QASMBench/small//shor_n5/shor_n5.qasm,/root/projects/QASMBench/small//adder_n4/adder_n4.qasm'
backend = 'FakeBrooklyn', cu_size = '4'

    def test_select_methods(self, qasm, backend, cu_size):
        """
        Args:
            bench: List of qasm file paths
            backend: Backend name
        """
        self._backend = globals().get(backend)()
        back_manager = FrpBackendManagerV2(self._backend)
        back_manager.cu_size = int(cu_size)
        back_manager.init_helpers()
        back_manager.init_cus()
        proc_manager = QvmProcessManagerV2(self._backend)
    
        qasm_list = qasm.split(",")
        circuit_list = [
            self.get_qiskit_circ("qasm", qasm_path=qasm_path) for qasm_path in qasm_list
        ]
        process_list = [back_manager.compile(circ) for circ in circuit_list]
    
        print("\n === Testing ===")
        print("\n==== qasm_list ===\n")
        print(qasm)
    
        # Naive
        st_time = time.time()
        executables = proc_manager._select_naive(process_list)
        print(f"naive selection time\t{time.time() - st_time}")
>       fid = self.get_fidelity(circuit_list, executables)

tst/qvm/integration/qvm_test.py:197: 
_ _ _ _ _ _ _ _ _ _ _ _ _ _ _ _ _ _ _ _ _ _ _ _ _ _ _ _ _ _ _ _ _ _ _ _ _ _ _ _ 
tst/qvm/integration/qvm_test.py:166: in get_fidelity
    fid = fid_calculator.calc_fidelity(circ, results[i], shots=shots)
../qvm/util/circuit.py:247: in calc_fidelity
    pv_noise, _ = counts_to_vector(counts, num_qubits)
_ _ _ _ _ _ _ _ _ _ _ _ _ _ _ _ _ _ _ _ _ _ _ _ _ _ _ _ _ _ _ _ _ _ _ _ _ _ _ _ 

counts = {'0 0 1 1 1 0 1 0': 1, '1 1 0 0 1 1 0 0': 1, '1 1 1 0 0 1 1 1': 1, '0 1 1 1 1 0 1 1': 1, '1 1 1 0 1 1 0 0': 2, '0 1 0 ... 0 1 0 0 0 0 0': 33843, '0 0 0 0 0 1 1 1': 180, '0 0 1 1 0 1 1 1': 243, '0 1 0 0 1 0 0 1': 224, '0 1 0 0 1 1 0 1': 197}
num_qubits = 8

    def counts_to_vector(counts: Counts, num_qubits: int) -> Tuple[np.ndarray, int]:
        """Transforms Counts to a probability vector"""
        vec = np.zeros(2**num_qubits, dtype=float)
        shots = 0
        for key, val in counts.items():
            shots += val
>           vec[int(key, 2)] = val
E           ValueError: invalid literal for int() with base 2: '0 0 1 1 1 0 1 0'

/root/anaconda3/envs/qcs-noise/lib/python3.10/site-packages/qiskit/result/mitigation/utils.py:93: ValueError
------------------------------ Captured log call -------------------------------
WARNING  root:graph.py:571 Failed to grow a subgraph from root: 26, current visited status: {0, 1, 3, 4, 5, 6, 8, 10, 12, 13, 18, 19, 20, 21, 22, 23, 25, 26, 34, 35, 36, 37, 42, 43, 44, 45, 49, 50, 51, 54}, error message is 'Cannot grow a graph that satisfy the subgraph size from current root: 26'
WARNING  root:graph.py:571 Failed to grow a subgraph from root: 40, current visited status: {0, 1, 3, 4, 5, 6, 8, 10, 12, 13, 18, 19, 20, 21, 22, 25, 26, 34, 35, 36, 37, 40, 42, 43, 44, 45, 49, 50, 51, 54}, error message is 'Cannot grow a graph that satisfy the subgraph size from current root: 40'
WARNING  root:graph.py:571 Failed to grow a subgraph from root: 9, current visited status: {0, 1, 3, 4, 5, 6, 8, 9, 10, 12, 13, 18, 19, 20, 21, 22, 25, 26, 27, 28, 30, 31, 32, 34, 35, 36, 37, 38, 39, 40, 41, 42, 43, 44, 45, 49, 50, 51, 52, 54, 55, 56, 57}, error message is 'Cannot grow a graph that satisfy the subgraph size from current root: 9'
WARNING  root:graph.py:571 Failed to grow a subgraph from root: 7, current visited status: {0, 1, 3, 4, 5, 6, 7, 8, 9, 10, 12, 13, 14, 15, 18, 19, 20, 21, 22, 24, 25, 26, 27, 28, 29, 30, 31, 32, 34, 35, 36, 37, 38, 39, 40, 41, 42, 43, 44, 45, 46, 47, 48, 49, 50, 51, 52, 53, 54, 55, 56, 57, 58, 59, 60, 61}, error message is 'Cannot grow a graph that satisfy the subgraph size from current root: 7'
WARNING  root:graph.py:571 Failed to grow a subgraph from root: 62, current visited status: {0, 1, 3, 4, 5, 6, 7, 8, 9, 10, 12, 13, 14, 15, 18, 19, 20, 21, 22, 24, 25, 26, 27, 28, 29, 30, 31, 32, 34, 35, 36, 37, 38, 39, 40, 41, 42, 43, 44, 45, 46, 47, 48, 49, 50, 51, 52, 53, 54, 55, 56, 57, 58, 59, 60, 61, 62, 63, 64}, error message is 'Cannot grow a graph that satisfy the subgraph size from current root: 62'
WARNING  root:graph.py:571 Failed to grow a subgraph from root: 16, current visited status: {0, 1, 3, 4, 5, 6, 7, 8, 9, 10, 11, 12, 13, 14, 15, 16, 17, 18, 19, 20, 21, 22, 24, 25, 26, 27, 28, 29, 30, 31, 32, 34, 35, 36, 37, 38, 39, 40, 41, 42, 43, 44, 45, 46, 47, 48, 49, 50, 51, 52, 53, 54, 55, 56, 57, 58, 59, 60, 61, 62}, error message is 'Cannot grow a graph that satisfy the subgraph size from current root: 16'
WARNING  root:graph.py:571 Failed to grow a subgraph from root: 23, current visited status: {0, 1, 3, 4, 5, 6, 7, 8, 9, 10, 12, 13, 14, 15, 16, 18, 19, 20, 21, 22, 23, 24, 25, 26, 27, 28, 29, 30, 31, 32, 34, 35, 36, 37, 38, 39, 40, 41, 42, 43, 44, 45, 46, 47, 48, 49, 50, 51, 52, 53, 54, 55, 56, 57, 58, 59, 60, 61, 62}, error message is 'Cannot grow a graph that satisfy the subgraph size from current root: 23'
WARNING  root:graph.py:571 Failed to grow a subgraph from root: 17, current visited status: {0, 1, 3, 4, 5, 6, 7, 8, 9, 10, 11, 12, 13, 14, 15, 16, 17, 18, 19, 20, 21, 22, 23, 24, 25, 26, 27, 28, 29, 30, 31, 32, 34, 35, 36, 37, 38, 39, 40, 41, 42, 43, 44, 45, 46, 47, 48, 49, 50, 51, 52, 53, 54, 55, 56, 57, 58, 59, 60, 61, 62}, error message is 'Cannot grow a graph that satisfy the subgraph size from current root: 17'
WARNING  root:graph.py:571 Failed to grow a subgraph from root: 63, current visited status: {0, 1, 3, 4, 5, 6, 7, 8, 9, 10, 12, 13, 14, 15, 16, 17, 18, 19, 20, 21, 22, 23, 24, 25, 26, 27, 28, 29, 30, 31, 32, 34, 35, 36, 37, 38, 39, 40, 41, 42, 43, 44, 45, 46, 47, 48, 49, 50, 51, 52, 53, 54, 55, 56, 57, 58, 59, 60, 61, 62, 63, 64}, error message is 'Cannot grow a graph that satisfy the subgraph size from current root: 63'
WARNING  root:graph.py:571 Failed to grow a subgraph from root: 64, current visited status: {0, 1, 3, 4, 5, 6, 7, 8, 9, 10, 12, 13, 14, 15, 16, 17, 18, 19, 20, 21, 22, 23, 24, 25, 26, 27, 28, 29, 30, 31, 32, 34, 35, 36, 37, 38, 39, 40, 41, 42, 43, 44, 45, 46, 47, 48, 49, 50, 51, 52, 53, 54, 55, 56, 57, 58, 59, 60, 61, 62, 63, 64}, error message is 'Cannot grow a graph that satisfy the subgraph size from current root: 64'
WARNING  root:graph.py:571 Failed to grow a subgraph from root: 11, current visited status: {0, 1, 3, 4, 5, 6, 7, 8, 9, 10, 11, 12, 13, 14, 15, 16, 17, 18, 19, 20, 21, 22, 23, 24, 25, 26, 27, 28, 29, 30, 31, 32, 34, 35, 36, 37, 38, 39, 40, 41, 42, 43, 44, 45, 46, 47, 48, 49, 50, 51, 52, 53, 54, 55, 56, 57, 58, 59, 60, 61, 62, 63, 64}, error message is 'Cannot grow a graph that satisfy the subgraph size from current root: 11'
WARNING  root:graph.py:571 Failed to grow a subgraph from root: 33, current visited status: {0, 1, 3, 4, 5, 6, 7, 8, 9, 10, 11, 12, 13, 14, 15, 16, 17, 18, 19, 20, 21, 22, 23, 24, 25, 26, 27, 28, 29, 30, 31, 32, 33, 34, 35, 36, 37, 38, 39, 40, 41, 42, 43, 44, 45, 46, 47, 48, 49, 50, 51, 52, 53, 54, 55, 56, 57, 58, 59, 60, 61, 62, 63, 64}, error message is 'Cannot grow a graph that satisfy the subgraph size from current root: 33'
WARNING  root:graph.py:571 Failed to grow a subgraph from root: 2, current visited status: {0, 1, 2, 3, 4, 5, 6, 7, 8, 9, 10, 11, 12, 13, 14, 15, 16, 17, 18, 19, 20, 21, 22, 23, 24, 25, 26, 27, 28, 29, 30, 31, 32, 33, 34, 35, 36, 37, 38, 39, 40, 41, 42, 43, 44, 45, 46, 47, 48, 49, 50, 51, 52, 53, 54, 55, 56, 57, 58, 59, 60, 61, 62, 63, 64}, error message is 'Cannot grow a graph that satisfy the subgraph size from current root: 2'
WARNING  root:backend_manager.py:407 cannot compile on compute unit <qvm.model.compute_unit.ComputeUnit object at 0x7f77cff0a740>, error: 'Number of qubits (8) in circuit-88 is greater than maximum (4) in the coupling_map'
WARNING  root:backend_manager.py:407 cannot compile on compute unit <qvm.model.compute_unit.ComputeUnit object at 0x7f77bd502740>, error: 'Number of qubits (8) in circuit-88 is greater than maximum (4) in the coupling_map'
WARNING  root:backend_manager.py:407 cannot compile on compute unit <qvm.model.compute_unit.ComputeUnit object at 0x7f77b392ffa0>, error: 'Number of qubits (8) in circuit-88 is greater than maximum (4) in the coupling_map'
WARNING  root:backend_manager.py:407 cannot compile on compute unit <qvm.model.compute_unit.ComputeUnit object at 0x7f7782ec7f40>, error: 'Number of qubits (9) in circuit-92 is greater than maximum (4) in the coupling_map'
WARNING  root:backend_manager.py:407 cannot compile on compute unit <qvm.model.compute_unit.ComputeUnit object at 0x7f7782ba0dc0>, error: 'Number of qubits (9) in circuit-92 is greater than maximum (8) in the coupling_map'
WARNING  root:backend_manager.py:407 cannot compile on compute unit <qvm.model.compute_unit.ComputeUnit object at 0x7f7780557dc0>, error: 'Number of qubits (9) in circuit-92 is greater than maximum (4) in the coupling_map'
WARNING  root:backend_manager.py:407 cannot compile on compute unit <qvm.model.compute_unit.ComputeUnit object at 0x7f777f803fd0>, error: 'Number of qubits (9) in circuit-92 is greater than maximum (8) in the coupling_map'
WARNING  root:backend_manager.py:407 cannot compile on compute unit <qvm.model.compute_unit.ComputeUnit object at 0x7f777f6b3fd0>, error: 'Number of qubits (9) in circuit-92 is greater than maximum (4) in the coupling_map'
WARNING  root:backend_manager.py:407 cannot compile on compute unit <qvm.model.compute_unit.ComputeUnit object at 0x7f777c5dff10>, error: 'Number of qubits (5) in circuit-94 is greater than maximum (4) in the coupling_map'
WARNING  root:backend_manager.py:407 cannot compile on compute unit <qvm.model.compute_unit.ComputeUnit object at 0x7f7775f3bfd0>, error: 'Number of qubits (5) in circuit-94 is greater than maximum (4) in the coupling_map'
WARNING  root:backend_manager.py:407 cannot compile on compute unit <qvm.model.compute_unit.ComputeUnit object at 0x7f7773ef3d60>, error: 'Number of qubits (5) in circuit-94 is greater than maximum (4) in the coupling_map'
=============================== warnings summary ===============================
qcs/tst/qvm/integration/qvm_test.py::TestSelectMethods::test_select_methods[/root/projects/QASMBench/small//bb84_n8/bb84_n8.qasm,/root/projects/QASMBench/small//deutsch_n2/deutsch_n2.qasm,/root/projects/QASMBench/small//qpe_n9/qpe_n9.qasm,/root/projects/QASMBench/small//shor_n5/shor_n5.qasm,/root/projects/QASMBench/small//adder_n4/adder_n4.qasm-FakeBrooklyn-4]
qcs/tst/qvm/integration/qvm_test.py::TestSelectMethods::test_select_methods[/root/projects/QASMBench/small//bb84_n8/bb84_n8.qasm,/root/projects/QASMBench/small//deutsch_n2/deutsch_n2.qasm,/root/projects/QASMBench/small//qpe_n9/qpe_n9.qasm,/root/projects/QASMBench/small//shor_n5/shor_n5.qasm,/root/projects/QASMBench/small//adder_n4/adder_n4.qasm-FakeBrooklyn-4]
qcs/tst/qvm/integration/qvm_test.py::TestSelectMethods::test_select_methods[/root/projects/QASMBench/small//bb84_n8/bb84_n8.qasm,/root/projects/QASMBench/small//deutsch_n2/deutsch_n2.qasm,/root/projects/QASMBench/small//qpe_n9/qpe_n9.qasm,/root/projects/QASMBench/small//shor_n5/shor_n5.qasm,/root/projects/QASMBench/small//adder_n4/adder_n4.qasm-FakeBrooklyn-4]
qcs/tst/qvm/integration/qvm_test.py::TestSelectMethods::test_select_methods[/root/projects/QASMBench/small//bb84_n8/bb84_n8.qasm,/root/projects/QASMBench/small//deutsch_n2/deutsch_n2.qasm,/root/projects/QASMBench/small//qpe_n9/qpe_n9.qasm,/root/projects/QASMBench/small//shor_n5/shor_n5.qasm,/root/projects/QASMBench/small//adder_n4/adder_n4.qasm-FakeBrooklyn-4]
qcs/tst/qvm/integration/qvm_test.py::TestSelectMethods::test_select_methods[/root/projects/QASMBench/small//bb84_n8/bb84_n8.qasm,/root/projects/QASMBench/small//deutsch_n2/deutsch_n2.qasm,/root/projects/QASMBench/small//qpe_n9/qpe_n9.qasm,/root/projects/QASMBench/small//shor_n5/shor_n5.qasm,/root/projects/QASMBench/small//adder_n4/adder_n4.qasm-FakeBrooklyn-4]
  /root/anaconda3/envs/qcs-noise/lib/python3.10/site-packages/qiskit/providers/fake_provider/fake_backend.py:462: PendingDeprecationWarning: "warnings" argument will be deprecated as part of the qiskit-aer 0.12.0 and subsequently removed
    noise_model = NoiseModel.from_backend(self, warnings=False)

qcs/tst/qvm/integration/qvm_test.py::TestSelectMethods::test_select_methods[/root/projects/QASMBench/small//bb84_n8/bb84_n8.qasm,/root/projects/QASMBench/small//deutsch_n2/deutsch_n2.qasm,/root/projects/QASMBench/small//qpe_n9/qpe_n9.qasm,/root/projects/QASMBench/small//shor_n5/shor_n5.qasm,/root/projects/QASMBench/small//adder_n4/adder_n4.qasm-FakeBrooklyn-4]
qcs/tst/qvm/integration/qvm_test.py::TestSelectMethods::test_select_methods[/root/projects/QASMBench/small//bb84_n8/bb84_n8.qasm,/root/projects/QASMBench/small//deutsch_n2/deutsch_n2.qasm,/root/projects/QASMBench/small//qpe_n9/qpe_n9.qasm,/root/projects/QASMBench/small//shor_n5/shor_n5.qasm,/root/projects/QASMBench/small//adder_n4/adder_n4.qasm-FakeBrooklyn-4]
qcs/tst/qvm/integration/qvm_test.py::TestSelectMethods::test_select_methods[/root/projects/QASMBench/small//bb84_n8/bb84_n8.qasm,/root/projects/QASMBench/small//deutsch_n2/deutsch_n2.qasm,/root/projects/QASMBench/small//qpe_n9/qpe_n9.qasm,/root/projects/QASMBench/small//shor_n5/shor_n5.qasm,/root/projects/QASMBench/small//adder_n4/adder_n4.qasm-FakeBrooklyn-4]
qcs/tst/qvm/integration/qvm_test.py::TestSelectMethods::test_select_methods[/root/projects/QASMBench/small//bb84_n8/bb84_n8.qasm,/root/projects/QASMBench/small//deutsch_n2/deutsch_n2.qasm,/root/projects/QASMBench/small//qpe_n9/qpe_n9.qasm,/root/projects/QASMBench/small//shor_n5/shor_n5.qasm,/root/projects/QASMBench/small//adder_n4/adder_n4.qasm-FakeBrooklyn-4]
qcs/tst/qvm/integration/qvm_test.py::TestSelectMethods::test_select_methods[/root/projects/QASMBench/small//bb84_n8/bb84_n8.qasm,/root/projects/QASMBench/small//deutsch_n2/deutsch_n2.qasm,/root/projects/QASMBench/small//qpe_n9/qpe_n9.qasm,/root/projects/QASMBench/small//shor_n5/shor_n5.qasm,/root/projects/QASMBench/small//adder_n4/adder_n4.qasm-FakeBrooklyn-4]
qcs/tst/qvm/integration/qvm_test.py::TestSelectMethods::test_select_methods[/root/projects/QASMBench/small//bb84_n8/bb84_n8.qasm,/root/projects/QASMBench/small//deutsch_n2/deutsch_n2.qasm,/root/projects/QASMBench/small//qpe_n9/qpe_n9.qasm,/root/projects/QASMBench/small//shor_n5/shor_n5.qasm,/root/projects/QASMBench/small//adder_n4/adder_n4.qasm-FakeBrooklyn-4]
  /root/anaconda3/envs/qcs-noise/lib/python3.10/site-packages/qiskit_aer/noise/device/models.py:365: UserWarning: Device model returned an invalid T_2 relaxation time greater than the theoretical maximum value 2 * T_1 (96966.20180926041 > 2 * 40591.82230473617). Truncating to maximum value.
    warn("Device model returned an invalid T_2 relaxation time greater than"

qcs/tst/qvm/integration/qvm_test.py::TestSelectMethods::test_select_methods[/root/projects/QASMBench/small//bb84_n8/bb84_n8.qasm,/root/projects/QASMBench/small//deutsch_n2/deutsch_n2.qasm,/root/projects/QASMBench/small//qpe_n9/qpe_n9.qasm,/root/projects/QASMBench/small//shor_n5/shor_n5.qasm,/root/projects/QASMBench/small//adder_n4/adder_n4.qasm-FakeBrooklyn-4]
  /root/anaconda3/envs/qcs-noise/lib/python3.10/site-packages/qiskit_aer/noise/device/models.py:365: UserWarning: Device model returned an invalid T_2 relaxation time greater than the theoretical maximum value 2 * T_1 (9.696620180926042e-05 > 2 * 4.059182230473617e-05). Truncating to maximum value.
    warn("Device model returned an invalid T_2 relaxation time greater than"

-- Docs: https://docs.pytest.org/en/stable/how-to/capture-warnings.html
=========================== short test summary info ============================
FAILED tst/qvm/integration/qvm_test.py::TestSelectMethods::test_select_methods[/root/projects/QASMBench/small/bb84_n8/bb84_n8.qasm,/root/projects/QASMBench/small/deutsch_n2/deutsch_n2.qasm,/root/projects/QASMBench/small/qpe_n9/qpe_n9.qasm,/root/projects/QASMBench/small/shor_n5/shor_n5.qasm,/root/projects/QASMBench/small/adder_n4/adder_n4.qasm-FakeBrooklyn-4]
=========== 1 failed, 6 deselected, 12 warnings in 176.28s (0:02:56) ===========
Randomly selected files:
/root/projects/QASMBench/small//basis_trotter_n4/basis_trotter_n4.qasm,/root/projects/QASMBench/small//hhl_n7/hhl_n7.qasm,/root/projects/QASMBench/small//adder_n4/adder_n4.qasm,/root/projects/QASMBench/small//linearsolver_n3/linearsolver_n3.qasm,/root/projects/QASMBench/small//ising_n10/ising_n10.qasm
============================= test session starts ==============================
platform linux -- Python 3.10.6, pytest-7.2.0, pluggy-1.0.0
rootdir: /root/projects/qvm
plugins: anyio-3.6.2
collected 7 items / 6 deselected / 1 selected

tst/qvm/integration/qvm_test.py 
 === Testing ===

==== qasm_list ===

/root/projects/QASMBench/small//basis_trotter_n4/basis_trotter_n4.qasm,/root/projects/QASMBench/small//hhl_n7/hhl_n7.qasm,/root/projects/QASMBench/small//adder_n4/adder_n4.qasm,/root/projects/QASMBench/small//linearsolver_n3/linearsolver_n3.qasm,/root/projects/QASMBench/small//ising_n10/ising_n10.qasm
naive selection time	5.984306335449219e-05
naive selection result	0.7480759119216982
brute_force selection time	0.06037545204162598
brute_force selection result	0.9907178995352893
.

=============================== warnings summary ===============================
qcs/tst/qvm/integration/qvm_test.py::TestSelectMethods::test_select_methods[/root/projects/QASMBench/small//basis_trotter_n4/basis_trotter_n4.qasm,/root/projects/QASMBench/small//hhl_n7/hhl_n7.qasm,/root/projects/QASMBench/small//adder_n4/adder_n4.qasm,/root/projects/QASMBench/small//linearsolver_n3/linearsolver_n3.qasm,/root/projects/QASMBench/small//ising_n10/ising_n10.qasm-FakeBrooklyn-4]
qcs/tst/qvm/integration/qvm_test.py::TestSelectMethods::test_select_methods[/root/projects/QASMBench/small//basis_trotter_n4/basis_trotter_n4.qasm,/root/projects/QASMBench/small//hhl_n7/hhl_n7.qasm,/root/projects/QASMBench/small//adder_n4/adder_n4.qasm,/root/projects/QASMBench/small//linearsolver_n3/linearsolver_n3.qasm,/root/projects/QASMBench/small//ising_n10/ising_n10.qasm-FakeBrooklyn-4]
qcs/tst/qvm/integration/qvm_test.py::TestSelectMethods::test_select_methods[/root/projects/QASMBench/small//basis_trotter_n4/basis_trotter_n4.qasm,/root/projects/QASMBench/small//hhl_n7/hhl_n7.qasm,/root/projects/QASMBench/small//adder_n4/adder_n4.qasm,/root/projects/QASMBench/small//linearsolver_n3/linearsolver_n3.qasm,/root/projects/QASMBench/small//ising_n10/ising_n10.qasm-FakeBrooklyn-4]
qcs/tst/qvm/integration/qvm_test.py::TestSelectMethods::test_select_methods[/root/projects/QASMBench/small//basis_trotter_n4/basis_trotter_n4.qasm,/root/projects/QASMBench/small//hhl_n7/hhl_n7.qasm,/root/projects/QASMBench/small//adder_n4/adder_n4.qasm,/root/projects/QASMBench/small//linearsolver_n3/linearsolver_n3.qasm,/root/projects/QASMBench/small//ising_n10/ising_n10.qasm-FakeBrooklyn-4]
qcs/tst/qvm/integration/qvm_test.py::TestSelectMethods::test_select_methods[/root/projects/QASMBench/small//basis_trotter_n4/basis_trotter_n4.qasm,/root/projects/QASMBench/small//hhl_n7/hhl_n7.qasm,/root/projects/QASMBench/small//adder_n4/adder_n4.qasm,/root/projects/QASMBench/small//linearsolver_n3/linearsolver_n3.qasm,/root/projects/QASMBench/small//ising_n10/ising_n10.qasm-FakeBrooklyn-4]
qcs/tst/qvm/integration/qvm_test.py::TestSelectMethods::test_select_methods[/root/projects/QASMBench/small//basis_trotter_n4/basis_trotter_n4.qasm,/root/projects/QASMBench/small//hhl_n7/hhl_n7.qasm,/root/projects/QASMBench/small//adder_n4/adder_n4.qasm,/root/projects/QASMBench/small//linearsolver_n3/linearsolver_n3.qasm,/root/projects/QASMBench/small//ising_n10/ising_n10.qasm-FakeBrooklyn-4]
qcs/tst/qvm/integration/qvm_test.py::TestSelectMethods::test_select_methods[/root/projects/QASMBench/small//basis_trotter_n4/basis_trotter_n4.qasm,/root/projects/QASMBench/small//hhl_n7/hhl_n7.qasm,/root/projects/QASMBench/small//adder_n4/adder_n4.qasm,/root/projects/QASMBench/small//linearsolver_n3/linearsolver_n3.qasm,/root/projects/QASMBench/small//ising_n10/ising_n10.qasm-FakeBrooklyn-4]
  /root/anaconda3/envs/qcs-noise/lib/python3.10/site-packages/qiskit/providers/fake_provider/fake_backend.py:462: PendingDeprecationWarning: "warnings" argument will be deprecated as part of the qiskit-aer 0.12.0 and subsequently removed
    noise_model = NoiseModel.from_backend(self, warnings=False)

qcs/tst/qvm/integration/qvm_test.py::TestSelectMethods::test_select_methods[/root/projects/QASMBench/small//basis_trotter_n4/basis_trotter_n4.qasm,/root/projects/QASMBench/small//hhl_n7/hhl_n7.qasm,/root/projects/QASMBench/small//adder_n4/adder_n4.qasm,/root/projects/QASMBench/small//linearsolver_n3/linearsolver_n3.qasm,/root/projects/QASMBench/small//ising_n10/ising_n10.qasm-FakeBrooklyn-4]
qcs/tst/qvm/integration/qvm_test.py::TestSelectMethods::test_select_methods[/root/projects/QASMBench/small//basis_trotter_n4/basis_trotter_n4.qasm,/root/projects/QASMBench/small//hhl_n7/hhl_n7.qasm,/root/projects/QASMBench/small//adder_n4/adder_n4.qasm,/root/projects/QASMBench/small//linearsolver_n3/linearsolver_n3.qasm,/root/projects/QASMBench/small//ising_n10/ising_n10.qasm-FakeBrooklyn-4]
qcs/tst/qvm/integration/qvm_test.py::TestSelectMethods::test_select_methods[/root/projects/QASMBench/small//basis_trotter_n4/basis_trotter_n4.qasm,/root/projects/QASMBench/small//hhl_n7/hhl_n7.qasm,/root/projects/QASMBench/small//adder_n4/adder_n4.qasm,/root/projects/QASMBench/small//linearsolver_n3/linearsolver_n3.qasm,/root/projects/QASMBench/small//ising_n10/ising_n10.qasm-FakeBrooklyn-4]
qcs/tst/qvm/integration/qvm_test.py::TestSelectMethods::test_select_methods[/root/projects/QASMBench/small//basis_trotter_n4/basis_trotter_n4.qasm,/root/projects/QASMBench/small//hhl_n7/hhl_n7.qasm,/root/projects/QASMBench/small//adder_n4/adder_n4.qasm,/root/projects/QASMBench/small//linearsolver_n3/linearsolver_n3.qasm,/root/projects/QASMBench/small//ising_n10/ising_n10.qasm-FakeBrooklyn-4]
qcs/tst/qvm/integration/qvm_test.py::TestSelectMethods::test_select_methods[/root/projects/QASMBench/small//basis_trotter_n4/basis_trotter_n4.qasm,/root/projects/QASMBench/small//hhl_n7/hhl_n7.qasm,/root/projects/QASMBench/small//adder_n4/adder_n4.qasm,/root/projects/QASMBench/small//linearsolver_n3/linearsolver_n3.qasm,/root/projects/QASMBench/small//ising_n10/ising_n10.qasm-FakeBrooklyn-4]
qcs/tst/qvm/integration/qvm_test.py::TestSelectMethods::test_select_methods[/root/projects/QASMBench/small//basis_trotter_n4/basis_trotter_n4.qasm,/root/projects/QASMBench/small//hhl_n7/hhl_n7.qasm,/root/projects/QASMBench/small//adder_n4/adder_n4.qasm,/root/projects/QASMBench/small//linearsolver_n3/linearsolver_n3.qasm,/root/projects/QASMBench/small//ising_n10/ising_n10.qasm-FakeBrooklyn-4]
  /root/anaconda3/envs/qcs-noise/lib/python3.10/site-packages/qiskit_aer/noise/device/models.py:365: UserWarning: Device model returned an invalid T_2 relaxation time greater than the theoretical maximum value 2 * T_1 (96966.20180926041 > 2 * 40591.82230473617). Truncating to maximum value.
    warn("Device model returned an invalid T_2 relaxation time greater than"

qcs/tst/qvm/integration/qvm_test.py::TestSelectMethods::test_select_methods[/root/projects/QASMBench/small//basis_trotter_n4/basis_trotter_n4.qasm,/root/projects/QASMBench/small//hhl_n7/hhl_n7.qasm,/root/projects/QASMBench/small//adder_n4/adder_n4.qasm,/root/projects/QASMBench/small//linearsolver_n3/linearsolver_n3.qasm,/root/projects/QASMBench/small//ising_n10/ising_n10.qasm-FakeBrooklyn-4]
  /root/anaconda3/envs/qcs-noise/lib/python3.10/site-packages/qiskit_aer/noise/device/models.py:365: UserWarning: Device model returned an invalid T_2 relaxation time greater than the theoretical maximum value 2 * T_1 (9.696620180926042e-05 > 2 * 4.059182230473617e-05). Truncating to maximum value.
    warn("Device model returned an invalid T_2 relaxation time greater than"

-- Docs: https://docs.pytest.org/en/stable/how-to/capture-warnings.html
=========== 1 passed, 6 deselected, 14 warnings in 183.17s (0:03:03) ===========
Randomly selected files:
/root/projects/QASMBench/small//variational_n4/variational_n4.qasm,/root/projects/QASMBench/small//shor_n5/shor_n5.qasm,/root/projects/QASMBench/small//wstate_n3/wstate_n3.qasm,/root/projects/QASMBench/small//simon_n6/simon_n6.qasm,/root/projects/QASMBench/small//qaoa_n6/qaoa_n6.qasm
============================= test session starts ==============================
platform linux -- Python 3.10.6, pytest-7.2.0, pluggy-1.0.0
rootdir: /root/projects/qvm
plugins: anyio-3.6.2
collected 7 items / 6 deselected / 1 selected

tst/qvm/integration/qvm_test.py 
 === Testing ===

==== qasm_list ===

/root/projects/QASMBench/small//variational_n4/variational_n4.qasm,/root/projects/QASMBench/small//shor_n5/shor_n5.qasm,/root/projects/QASMBench/small//wstate_n3/wstate_n3.qasm,/root/projects/QASMBench/small//simon_n6/simon_n6.qasm,/root/projects/QASMBench/small//qaoa_n6/qaoa_n6.qasm
naive selection time	3.600120544433594e-05
naive selection result	0.14893061549882386
brute_force selection time	0.05684041976928711
brute_force selection result	0.14918589167936652
.

=============================== warnings summary ===============================
qcs/tst/qvm/integration/qvm_test.py::TestSelectMethods::test_select_methods[/root/projects/QASMBench/small//variational_n4/variational_n4.qasm,/root/projects/QASMBench/small//shor_n5/shor_n5.qasm,/root/projects/QASMBench/small//wstate_n3/wstate_n3.qasm,/root/projects/QASMBench/small//simon_n6/simon_n6.qasm,/root/projects/QASMBench/small//qaoa_n6/qaoa_n6.qasm-FakeBrooklyn-4]
qcs/tst/qvm/integration/qvm_test.py::TestSelectMethods::test_select_methods[/root/projects/QASMBench/small//variational_n4/variational_n4.qasm,/root/projects/QASMBench/small//shor_n5/shor_n5.qasm,/root/projects/QASMBench/small//wstate_n3/wstate_n3.qasm,/root/projects/QASMBench/small//simon_n6/simon_n6.qasm,/root/projects/QASMBench/small//qaoa_n6/qaoa_n6.qasm-FakeBrooklyn-4]
qcs/tst/qvm/integration/qvm_test.py::TestSelectMethods::test_select_methods[/root/projects/QASMBench/small//variational_n4/variational_n4.qasm,/root/projects/QASMBench/small//shor_n5/shor_n5.qasm,/root/projects/QASMBench/small//wstate_n3/wstate_n3.qasm,/root/projects/QASMBench/small//simon_n6/simon_n6.qasm,/root/projects/QASMBench/small//qaoa_n6/qaoa_n6.qasm-FakeBrooklyn-4]
qcs/tst/qvm/integration/qvm_test.py::TestSelectMethods::test_select_methods[/root/projects/QASMBench/small//variational_n4/variational_n4.qasm,/root/projects/QASMBench/small//shor_n5/shor_n5.qasm,/root/projects/QASMBench/small//wstate_n3/wstate_n3.qasm,/root/projects/QASMBench/small//simon_n6/simon_n6.qasm,/root/projects/QASMBench/small//qaoa_n6/qaoa_n6.qasm-FakeBrooklyn-4]
qcs/tst/qvm/integration/qvm_test.py::TestSelectMethods::test_select_methods[/root/projects/QASMBench/small//variational_n4/variational_n4.qasm,/root/projects/QASMBench/small//shor_n5/shor_n5.qasm,/root/projects/QASMBench/small//wstate_n3/wstate_n3.qasm,/root/projects/QASMBench/small//simon_n6/simon_n6.qasm,/root/projects/QASMBench/small//qaoa_n6/qaoa_n6.qasm-FakeBrooklyn-4]
  /root/anaconda3/envs/qcs-noise/lib/python3.10/site-packages/qiskit/providers/fake_provider/fake_backend.py:462: PendingDeprecationWarning: "warnings" argument will be deprecated as part of the qiskit-aer 0.12.0 and subsequently removed
    noise_model = NoiseModel.from_backend(self, warnings=False)

qcs/tst/qvm/integration/qvm_test.py::TestSelectMethods::test_select_methods[/root/projects/QASMBench/small//variational_n4/variational_n4.qasm,/root/projects/QASMBench/small//shor_n5/shor_n5.qasm,/root/projects/QASMBench/small//wstate_n3/wstate_n3.qasm,/root/projects/QASMBench/small//simon_n6/simon_n6.qasm,/root/projects/QASMBench/small//qaoa_n6/qaoa_n6.qasm-FakeBrooklyn-4]
qcs/tst/qvm/integration/qvm_test.py::TestSelectMethods::test_select_methods[/root/projects/QASMBench/small//variational_n4/variational_n4.qasm,/root/projects/QASMBench/small//shor_n5/shor_n5.qasm,/root/projects/QASMBench/small//wstate_n3/wstate_n3.qasm,/root/projects/QASMBench/small//simon_n6/simon_n6.qasm,/root/projects/QASMBench/small//qaoa_n6/qaoa_n6.qasm-FakeBrooklyn-4]
qcs/tst/qvm/integration/qvm_test.py::TestSelectMethods::test_select_methods[/root/projects/QASMBench/small//variational_n4/variational_n4.qasm,/root/projects/QASMBench/small//shor_n5/shor_n5.qasm,/root/projects/QASMBench/small//wstate_n3/wstate_n3.qasm,/root/projects/QASMBench/small//simon_n6/simon_n6.qasm,/root/projects/QASMBench/small//qaoa_n6/qaoa_n6.qasm-FakeBrooklyn-4]
qcs/tst/qvm/integration/qvm_test.py::TestSelectMethods::test_select_methods[/root/projects/QASMBench/small//variational_n4/variational_n4.qasm,/root/projects/QASMBench/small//shor_n5/shor_n5.qasm,/root/projects/QASMBench/small//wstate_n3/wstate_n3.qasm,/root/projects/QASMBench/small//simon_n6/simon_n6.qasm,/root/projects/QASMBench/small//qaoa_n6/qaoa_n6.qasm-FakeBrooklyn-4]
qcs/tst/qvm/integration/qvm_test.py::TestSelectMethods::test_select_methods[/root/projects/QASMBench/small//variational_n4/variational_n4.qasm,/root/projects/QASMBench/small//shor_n5/shor_n5.qasm,/root/projects/QASMBench/small//wstate_n3/wstate_n3.qasm,/root/projects/QASMBench/small//simon_n6/simon_n6.qasm,/root/projects/QASMBench/small//qaoa_n6/qaoa_n6.qasm-FakeBrooklyn-4]
qcs/tst/qvm/integration/qvm_test.py::TestSelectMethods::test_select_methods[/root/projects/QASMBench/small//variational_n4/variational_n4.qasm,/root/projects/QASMBench/small//shor_n5/shor_n5.qasm,/root/projects/QASMBench/small//wstate_n3/wstate_n3.qasm,/root/projects/QASMBench/small//simon_n6/simon_n6.qasm,/root/projects/QASMBench/small//qaoa_n6/qaoa_n6.qasm-FakeBrooklyn-4]
  /root/anaconda3/envs/qcs-noise/lib/python3.10/site-packages/qiskit_aer/noise/device/models.py:365: UserWarning: Device model returned an invalid T_2 relaxation time greater than the theoretical maximum value 2 * T_1 (96966.20180926041 > 2 * 40591.82230473617). Truncating to maximum value.
    warn("Device model returned an invalid T_2 relaxation time greater than"

qcs/tst/qvm/integration/qvm_test.py::TestSelectMethods::test_select_methods[/root/projects/QASMBench/small//variational_n4/variational_n4.qasm,/root/projects/QASMBench/small//shor_n5/shor_n5.qasm,/root/projects/QASMBench/small//wstate_n3/wstate_n3.qasm,/root/projects/QASMBench/small//simon_n6/simon_n6.qasm,/root/projects/QASMBench/small//qaoa_n6/qaoa_n6.qasm-FakeBrooklyn-4]
  /root/anaconda3/envs/qcs-noise/lib/python3.10/site-packages/qiskit_aer/noise/device/models.py:365: UserWarning: Device model returned an invalid T_2 relaxation time greater than the theoretical maximum value 2 * T_1 (9.696620180926042e-05 > 2 * 4.059182230473617e-05). Truncating to maximum value.
    warn("Device model returned an invalid T_2 relaxation time greater than"

-- Docs: https://docs.pytest.org/en/stable/how-to/capture-warnings.html
=========== 1 passed, 6 deselected, 12 warnings in 235.65s (0:03:55) ===========
Randomly selected files:
/root/projects/QASMBench/small//qec_en_n5/qec_en_n5.qasm,/root/projects/QASMBench/small//simon_n6/simon_n6.qasm,/root/projects/QASMBench/small//hhl_n10/hhl_n10.qasm,/root/projects/QASMBench/small//hs4_n4/hs4_n4.qasm,/root/projects/QASMBench/small//qaoa_n6/qaoa_n6.qasm
============================= test session starts ==============================
platform linux -- Python 3.10.6, pytest-7.2.0, pluggy-1.0.0
rootdir: /root/projects/qvm
plugins: anyio-3.6.2
collected 7 items / 6 deselected / 1 selected

tst/qvm/integration/qvm_test.py 
 === Testing ===

==== qasm_list ===

/root/projects/QASMBench/small//qec_en_n5/qec_en_n5.qasm,/root/projects/QASMBench/small//simon_n6/simon_n6.qasm,/root/projects/QASMBench/small//hhl_n10/hhl_n10.qasm,/root/projects/QASMBench/small//hs4_n4/hs4_n4.qasm,/root/projects/QASMBench/small//qaoa_n6/qaoa_n6.qasm
naive selection time	4.863739013671875e-05
F

=================================== FAILURES ===================================
_ TestSelectMethods.test_select_methods[/root/projects/QASMBench/small//qec_en_n5/qec_en_n5.qasm,/root/projects/QASMBench/small//simon_n6/simon_n6.qasm,/root/projects/QASMBench/small//hhl_n10/hhl_n10.qasm,/root/projects/QASMBench/small//hs4_n4/hs4_n4.qasm,/root/projects/QASMBench/small//qaoa_n6/qaoa_n6.qasm-FakeBrooklyn-4] _

self = <qvm_test.TestSelectMethods object at 0x7fae03ea0250>
qasm = '/root/projects/QASMBench/small//qec_en_n5/qec_en_n5.qasm,/root/projects/QASMBench/small//simon_n6/simon_n6.qasm,/root...0/hhl_n10.qasm,/root/projects/QASMBench/small//hs4_n4/hs4_n4.qasm,/root/projects/QASMBench/small//qaoa_n6/qaoa_n6.qasm'
backend = 'FakeBrooklyn', cu_size = '4'

    def test_select_methods(self, qasm, backend, cu_size):
        """
        Args:
            bench: List of qasm file paths
            backend: Backend name
        """
        self._backend = globals().get(backend)()
        back_manager = FrpBackendManagerV2(self._backend)
        back_manager.cu_size = int(cu_size)
        back_manager.init_helpers()
        back_manager.init_cus()
        proc_manager = QvmProcessManagerV2(self._backend)
    
        qasm_list = qasm.split(",")
        circuit_list = [
            self.get_qiskit_circ("qasm", qasm_path=qasm_path) for qasm_path in qasm_list
        ]
        process_list = [back_manager.compile(circ) for circ in circuit_list]
    
        print("\n === Testing ===")
        print("\n==== qasm_list ===\n")
        print(qasm)
    
        # Naive
        st_time = time.time()
        executables = proc_manager._select_naive(process_list)
        print(f"naive selection time\t{time.time() - st_time}")
>       fid = self.get_fidelity(circuit_list, executables)

tst/qvm/integration/qvm_test.py:197: 
_ _ _ _ _ _ _ _ _ _ _ _ _ _ _ _ _ _ _ _ _ _ _ _ _ _ _ _ _ _ _ _ _ _ _ _ _ _ _ _ 
tst/qvm/integration/qvm_test.py:160: in get_fidelity
    res = exe.comp_unit.backend.run(exe.circ, shots=shots).result().get_counts()
_ _ _ _ _ _ _ _ _ _ _ _ _ _ _ _ _ _ _ _ _ _ _ _ _ _ _ _ _ _ _ _ _ _ _ _ _ _ _ _ 

self = Result(backend_name='aer_simulator', backend_version='0.11.0', qobj_id='46bb670a-6443-45de-9893-08baa0f98106', job_id=...taken_load_qobj': 0.917131786, 'num_processes_per_experiments': 1, 'omp_enabled': True}, time_taken=0.9432334899902344)
experiment = None

    def get_counts(self, experiment=None):
        """Get the histogram data of an experiment.
    
        Args:
            experiment (str or QuantumCircuit or Schedule or int or None): the index of the
                experiment, as specified by ``data([experiment])``.
    
        Returns:
            dict[str, int] or list[dict[str, int]]: a dictionary or a list of
            dictionaries. A dictionary has the counts for each qubit with
            the keys containing a string in binary format and separated
            according to the registers in circuit (e.g. ``0100 1110``).
            The string is little-endian (cr[0] on the right hand side).
    
        Raises:
            QiskitError: if there are no counts for the experiment.
        """
        if experiment is None:
            exp_keys = range(len(self.results))
        else:
            exp_keys = [experiment]
    
        dict_list = []
        for key in exp_keys:
            exp = self._get_experiment(key)
            try:
                header = exp.header.to_dict()
            except (AttributeError, QiskitError):  # header is not available
                header = None
    
            if "counts" in self.data(key).keys():
                if header:
                    counts_header = {
                        k: v
                        for k, v in header.items()
                        if k in {"time_taken", "creg_sizes", "memory_slots"}
                    }
                else:
                    counts_header = {}
                dict_list.append(Counts(self.data(key)["counts"], **counts_header))
            elif "statevector" in self.data(key).keys():
                vec = postprocess.format_statevector(self.data(key)["statevector"])
                dict_list.append(statevector.Statevector(vec).probabilities_dict(decimals=15))
            else:
>               raise QiskitError(f'No counts for experiment "{repr(key)}"')
E               qiskit.exceptions.QiskitError: 'No counts for experiment "0"'

/root/anaconda3/envs/qcs-noise/lib/python3.10/site-packages/qiskit/result/result.py:289: QiskitError
------------------------------ Captured log call -------------------------------
WARNING  root:graph.py:571 Failed to grow a subgraph from root: 26, current visited status: {0, 1, 3, 4, 5, 6, 8, 10, 12, 13, 18, 19, 20, 21, 22, 23, 25, 26, 34, 35, 36, 37, 42, 43, 44, 45, 49, 50, 51, 54}, error message is 'Cannot grow a graph that satisfy the subgraph size from current root: 26'
WARNING  root:graph.py:571 Failed to grow a subgraph from root: 40, current visited status: {0, 1, 3, 4, 5, 6, 8, 10, 12, 13, 18, 19, 20, 21, 22, 25, 26, 34, 35, 36, 37, 40, 42, 43, 44, 45, 49, 50, 51, 54}, error message is 'Cannot grow a graph that satisfy the subgraph size from current root: 40'
WARNING  root:graph.py:571 Failed to grow a subgraph from root: 9, current visited status: {0, 1, 3, 4, 5, 6, 8, 9, 10, 12, 13, 18, 19, 20, 21, 22, 25, 26, 27, 28, 30, 31, 32, 34, 35, 36, 37, 38, 39, 40, 41, 42, 43, 44, 45, 49, 50, 51, 52, 54, 55, 56, 57}, error message is 'Cannot grow a graph that satisfy the subgraph size from current root: 9'
WARNING  root:graph.py:571 Failed to grow a subgraph from root: 7, current visited status: {0, 1, 3, 4, 5, 6, 7, 8, 9, 10, 12, 13, 14, 15, 18, 19, 20, 21, 22, 24, 25, 26, 27, 28, 29, 30, 31, 32, 34, 35, 36, 37, 38, 39, 40, 41, 42, 43, 44, 45, 46, 47, 48, 49, 50, 51, 52, 53, 54, 55, 56, 57, 58, 59, 60, 61}, error message is 'Cannot grow a graph that satisfy the subgraph size from current root: 7'
WARNING  root:graph.py:571 Failed to grow a subgraph from root: 62, current visited status: {0, 1, 3, 4, 5, 6, 7, 8, 9, 10, 12, 13, 14, 15, 18, 19, 20, 21, 22, 24, 25, 26, 27, 28, 29, 30, 31, 32, 34, 35, 36, 37, 38, 39, 40, 41, 42, 43, 44, 45, 46, 47, 48, 49, 50, 51, 52, 53, 54, 55, 56, 57, 58, 59, 60, 61, 62, 63, 64}, error message is 'Cannot grow a graph that satisfy the subgraph size from current root: 62'
WARNING  root:graph.py:571 Failed to grow a subgraph from root: 16, current visited status: {0, 1, 3, 4, 5, 6, 7, 8, 9, 10, 11, 12, 13, 14, 15, 16, 17, 18, 19, 20, 21, 22, 24, 25, 26, 27, 28, 29, 30, 31, 32, 34, 35, 36, 37, 38, 39, 40, 41, 42, 43, 44, 45, 46, 47, 48, 49, 50, 51, 52, 53, 54, 55, 56, 57, 58, 59, 60, 61, 62}, error message is 'Cannot grow a graph that satisfy the subgraph size from current root: 16'
WARNING  root:graph.py:571 Failed to grow a subgraph from root: 23, current visited status: {0, 1, 3, 4, 5, 6, 7, 8, 9, 10, 12, 13, 14, 15, 16, 18, 19, 20, 21, 22, 23, 24, 25, 26, 27, 28, 29, 30, 31, 32, 34, 35, 36, 37, 38, 39, 40, 41, 42, 43, 44, 45, 46, 47, 48, 49, 50, 51, 52, 53, 54, 55, 56, 57, 58, 59, 60, 61, 62}, error message is 'Cannot grow a graph that satisfy the subgraph size from current root: 23'
WARNING  root:graph.py:571 Failed to grow a subgraph from root: 17, current visited status: {0, 1, 3, 4, 5, 6, 7, 8, 9, 10, 11, 12, 13, 14, 15, 16, 17, 18, 19, 20, 21, 22, 23, 24, 25, 26, 27, 28, 29, 30, 31, 32, 34, 35, 36, 37, 38, 39, 40, 41, 42, 43, 44, 45, 46, 47, 48, 49, 50, 51, 52, 53, 54, 55, 56, 57, 58, 59, 60, 61, 62}, error message is 'Cannot grow a graph that satisfy the subgraph size from current root: 17'
WARNING  root:graph.py:571 Failed to grow a subgraph from root: 63, current visited status: {0, 1, 3, 4, 5, 6, 7, 8, 9, 10, 12, 13, 14, 15, 16, 17, 18, 19, 20, 21, 22, 23, 24, 25, 26, 27, 28, 29, 30, 31, 32, 34, 35, 36, 37, 38, 39, 40, 41, 42, 43, 44, 45, 46, 47, 48, 49, 50, 51, 52, 53, 54, 55, 56, 57, 58, 59, 60, 61, 62, 63, 64}, error message is 'Cannot grow a graph that satisfy the subgraph size from current root: 63'
WARNING  root:graph.py:571 Failed to grow a subgraph from root: 64, current visited status: {0, 1, 3, 4, 5, 6, 7, 8, 9, 10, 12, 13, 14, 15, 16, 17, 18, 19, 20, 21, 22, 23, 24, 25, 26, 27, 28, 29, 30, 31, 32, 34, 35, 36, 37, 38, 39, 40, 41, 42, 43, 44, 45, 46, 47, 48, 49, 50, 51, 52, 53, 54, 55, 56, 57, 58, 59, 60, 61, 62, 63, 64}, error message is 'Cannot grow a graph that satisfy the subgraph size from current root: 64'
WARNING  root:graph.py:571 Failed to grow a subgraph from root: 11, current visited status: {0, 1, 3, 4, 5, 6, 7, 8, 9, 10, 11, 12, 13, 14, 15, 16, 17, 18, 19, 20, 21, 22, 23, 24, 25, 26, 27, 28, 29, 30, 31, 32, 34, 35, 36, 37, 38, 39, 40, 41, 42, 43, 44, 45, 46, 47, 48, 49, 50, 51, 52, 53, 54, 55, 56, 57, 58, 59, 60, 61, 62, 63, 64}, error message is 'Cannot grow a graph that satisfy the subgraph size from current root: 11'
WARNING  root:graph.py:571 Failed to grow a subgraph from root: 33, current visited status: {0, 1, 3, 4, 5, 6, 7, 8, 9, 10, 11, 12, 13, 14, 15, 16, 17, 18, 19, 20, 21, 22, 23, 24, 25, 26, 27, 28, 29, 30, 31, 32, 33, 34, 35, 36, 37, 38, 39, 40, 41, 42, 43, 44, 45, 46, 47, 48, 49, 50, 51, 52, 53, 54, 55, 56, 57, 58, 59, 60, 61, 62, 63, 64}, error message is 'Cannot grow a graph that satisfy the subgraph size from current root: 33'
WARNING  root:graph.py:571 Failed to grow a subgraph from root: 2, current visited status: {0, 1, 2, 3, 4, 5, 6, 7, 8, 9, 10, 11, 12, 13, 14, 15, 16, 17, 18, 19, 20, 21, 22, 23, 24, 25, 26, 27, 28, 29, 30, 31, 32, 33, 34, 35, 36, 37, 38, 39, 40, 41, 42, 43, 44, 45, 46, 47, 48, 49, 50, 51, 52, 53, 54, 55, 56, 57, 58, 59, 60, 61, 62, 63, 64}, error message is 'Cannot grow a graph that satisfy the subgraph size from current root: 2'
WARNING  root:backend_manager.py:407 cannot compile on compute unit <qvm.model.compute_unit.ComputeUnit object at 0x7fae030dbdf0>, error: 'Number of qubits (5) in circuit-88 is greater than maximum (4) in the coupling_map'
WARNING  root:backend_manager.py:407 cannot compile on compute unit <qvm.model.compute_unit.ComputeUnit object at 0x7fadfe00ffa0>, error: 'Number of qubits (5) in circuit-88 is greater than maximum (4) in the coupling_map'
WARNING  root:backend_manager.py:407 cannot compile on compute unit <qvm.model.compute_unit.ComputeUnit object at 0x7fadfb1667d0>, error: 'Number of qubits (5) in circuit-88 is greater than maximum (4) in the coupling_map'
WARNING  root:backend_manager.py:407 cannot compile on compute unit <qvm.model.compute_unit.ComputeUnit object at 0x7fadf86a5780>, error: 'Number of qubits (6) in circuit-90 is greater than maximum (4) in the coupling_map'
WARNING  root:backend_manager.py:407 cannot compile on compute unit <qvm.model.compute_unit.ComputeUnit object at 0x7fadf0d5f280>, error: 'Number of qubits (6) in circuit-90 is greater than maximum (4) in the coupling_map'
WARNING  root:backend_manager.py:407 cannot compile on compute unit <qvm.model.compute_unit.ComputeUnit object at 0x7fadebcefd90>, error: 'Number of qubits (6) in circuit-90 is greater than maximum (4) in the coupling_map'
WARNING  root:backend_manager.py:407 cannot compile on compute unit <qvm.model.compute_unit.ComputeUnit object at 0x7fad6f1e9720>, error: 'Number of qubits (10) in circuit-92 is greater than maximum (4) in the coupling_map'
WARNING  root:backend_manager.py:407 cannot compile on compute unit <qvm.model.compute_unit.ComputeUnit object at 0x7fad73ed3100>, error: 'Number of qubits (10) in circuit-92 is greater than maximum (8) in the coupling_map'
WARNING  root:backend_manager.py:407 cannot compile on compute unit <qvm.model.compute_unit.ComputeUnit object at 0x7fad6f254850>, error: 'Number of qubits (10) in circuit-92 is greater than maximum (4) in the coupling_map'
WARNING  root:backend_manager.py:407 cannot compile on compute unit <qvm.model.compute_unit.ComputeUnit object at 0x7fad73dc29b0>, error: 'Number of qubits (10) in circuit-92 is greater than maximum (8) in the coupling_map'
WARNING  root:backend_manager.py:407 cannot compile on compute unit <qvm.model.compute_unit.ComputeUnit object at 0x7fad73da3a60>, error: 'Number of qubits (10) in circuit-92 is greater than maximum (4) in the coupling_map'
WARNING  root:backend_manager.py:407 cannot compile on compute unit <qvm.model.compute_unit.ComputeUnit object at 0x7fad42067d60>, error: 'Number of qubits (6) in circuit-96 is greater than maximum (4) in the coupling_map'
WARNING  root:backend_manager.py:407 cannot compile on compute unit <qvm.model.compute_unit.ComputeUnit object at 0x7fad3baebfd0>, error: 'Number of qubits (6) in circuit-96 is greater than maximum (4) in the coupling_map'
WARNING  root:backend_manager.py:407 cannot compile on compute unit <qvm.model.compute_unit.ComputeUnit object at 0x7fad3a10bfd0>, error: 'Number of qubits (6) in circuit-96 is greater than maximum (4) in the coupling_map'
=============================== warnings summary ===============================
qcs/tst/qvm/integration/qvm_test.py::TestSelectMethods::test_select_methods[/root/projects/QASMBench/small//qec_en_n5/qec_en_n5.qasm,/root/projects/QASMBench/small//simon_n6/simon_n6.qasm,/root/projects/QASMBench/small//hhl_n10/hhl_n10.qasm,/root/projects/QASMBench/small//hs4_n4/hs4_n4.qasm,/root/projects/QASMBench/small//qaoa_n6/qaoa_n6.qasm-FakeBrooklyn-4]
qcs/tst/qvm/integration/qvm_test.py::TestSelectMethods::test_select_methods[/root/projects/QASMBench/small//qec_en_n5/qec_en_n5.qasm,/root/projects/QASMBench/small//simon_n6/simon_n6.qasm,/root/projects/QASMBench/small//hhl_n10/hhl_n10.qasm,/root/projects/QASMBench/small//hs4_n4/hs4_n4.qasm,/root/projects/QASMBench/small//qaoa_n6/qaoa_n6.qasm-FakeBrooklyn-4]
qcs/tst/qvm/integration/qvm_test.py::TestSelectMethods::test_select_methods[/root/projects/QASMBench/small//qec_en_n5/qec_en_n5.qasm,/root/projects/QASMBench/small//simon_n6/simon_n6.qasm,/root/projects/QASMBench/small//hhl_n10/hhl_n10.qasm,/root/projects/QASMBench/small//hs4_n4/hs4_n4.qasm,/root/projects/QASMBench/small//qaoa_n6/qaoa_n6.qasm-FakeBrooklyn-4]
  /root/anaconda3/envs/qcs-noise/lib/python3.10/site-packages/qiskit/providers/fake_provider/fake_backend.py:462: PendingDeprecationWarning: "warnings" argument will be deprecated as part of the qiskit-aer 0.12.0 and subsequently removed
    noise_model = NoiseModel.from_backend(self, warnings=False)

-- Docs: https://docs.pytest.org/en/stable/how-to/capture-warnings.html
=========================== short test summary info ============================
FAILED tst/qvm/integration/qvm_test.py::TestSelectMethods::test_select_methods[/root/projects/QASMBench/small/qec_en_n5/qec_en_n5.qasm,/root/projects/QASMBench/small/simon_n6/simon_n6.qasm,/root/projects/QASMBench/small/hhl_n10/hhl_n10.qasm,/root/projects/QASMBench/small/hs4_n4/hs4_n4.qasm,/root/projects/QASMBench/small/qaoa_n6/qaoa_n6.qasm-FakeBrooklyn-4]
=========== 1 failed, 6 deselected, 3 warnings in 363.77s (0:06:03) ============
Randomly selected files:
/root/projects/QASMBench/small//basis_trotter_n4/basis_trotter_n4.qasm,/root/projects/QASMBench/small//deutsch_n2/deutsch_n2.qasm,/root/projects/QASMBench/small//dnn_n8/dnn_n8.qasm,/root/projects/QASMBench/small//dnn_n2/dnn_n2.qasm,/root/projects/QASMBench/small//basis_change_n3/basis_change_n3.qasm
============================= test session starts ==============================
platform linux -- Python 3.10.6, pytest-7.2.0, pluggy-1.0.0
rootdir: /root/projects/qvm
plugins: anyio-3.6.2
collected 7 items / 6 deselected / 1 selected

tst/qvm/integration/qvm_test.py 
 === Testing ===

==== qasm_list ===

/root/projects/QASMBench/small//basis_trotter_n4/basis_trotter_n4.qasm,/root/projects/QASMBench/small//deutsch_n2/deutsch_n2.qasm,/root/projects/QASMBench/small//dnn_n8/dnn_n8.qasm,/root/projects/QASMBench/small//dnn_n2/dnn_n2.qasm,/root/projects/QASMBench/small//basis_change_n3/basis_change_n3.qasm
naive selection time	2.4557113647460938e-05
naive selection result	0.4447146909177032
brute_force selection time	0.4618391990661621
brute_force selection result	0.5487637616359183
.

=============================== warnings summary ===============================
qcs/tst/qvm/integration/qvm_test.py::TestSelectMethods::test_select_methods[/root/projects/QASMBench/small//basis_trotter_n4/basis_trotter_n4.qasm,/root/projects/QASMBench/small//deutsch_n2/deutsch_n2.qasm,/root/projects/QASMBench/small//dnn_n8/dnn_n8.qasm,/root/projects/QASMBench/small//dnn_n2/dnn_n2.qasm,/root/projects/QASMBench/small//basis_change_n3/basis_change_n3.qasm-FakeBrooklyn-4]
qcs/tst/qvm/integration/qvm_test.py::TestSelectMethods::test_select_methods[/root/projects/QASMBench/small//basis_trotter_n4/basis_trotter_n4.qasm,/root/projects/QASMBench/small//deutsch_n2/deutsch_n2.qasm,/root/projects/QASMBench/small//dnn_n8/dnn_n8.qasm,/root/projects/QASMBench/small//dnn_n2/dnn_n2.qasm,/root/projects/QASMBench/small//basis_change_n3/basis_change_n3.qasm-FakeBrooklyn-4]
qcs/tst/qvm/integration/qvm_test.py::TestSelectMethods::test_select_methods[/root/projects/QASMBench/small//basis_trotter_n4/basis_trotter_n4.qasm,/root/projects/QASMBench/small//deutsch_n2/deutsch_n2.qasm,/root/projects/QASMBench/small//dnn_n8/dnn_n8.qasm,/root/projects/QASMBench/small//dnn_n2/dnn_n2.qasm,/root/projects/QASMBench/small//basis_change_n3/basis_change_n3.qasm-FakeBrooklyn-4]
qcs/tst/qvm/integration/qvm_test.py::TestSelectMethods::test_select_methods[/root/projects/QASMBench/small//basis_trotter_n4/basis_trotter_n4.qasm,/root/projects/QASMBench/small//deutsch_n2/deutsch_n2.qasm,/root/projects/QASMBench/small//dnn_n8/dnn_n8.qasm,/root/projects/QASMBench/small//dnn_n2/dnn_n2.qasm,/root/projects/QASMBench/small//basis_change_n3/basis_change_n3.qasm-FakeBrooklyn-4]
qcs/tst/qvm/integration/qvm_test.py::TestSelectMethods::test_select_methods[/root/projects/QASMBench/small//basis_trotter_n4/basis_trotter_n4.qasm,/root/projects/QASMBench/small//deutsch_n2/deutsch_n2.qasm,/root/projects/QASMBench/small//dnn_n8/dnn_n8.qasm,/root/projects/QASMBench/small//dnn_n2/dnn_n2.qasm,/root/projects/QASMBench/small//basis_change_n3/basis_change_n3.qasm-FakeBrooklyn-4]
qcs/tst/qvm/integration/qvm_test.py::TestSelectMethods::test_select_methods[/root/projects/QASMBench/small//basis_trotter_n4/basis_trotter_n4.qasm,/root/projects/QASMBench/small//deutsch_n2/deutsch_n2.qasm,/root/projects/QASMBench/small//dnn_n8/dnn_n8.qasm,/root/projects/QASMBench/small//dnn_n2/dnn_n2.qasm,/root/projects/QASMBench/small//basis_change_n3/basis_change_n3.qasm-FakeBrooklyn-4]
qcs/tst/qvm/integration/qvm_test.py::TestSelectMethods::test_select_methods[/root/projects/QASMBench/small//basis_trotter_n4/basis_trotter_n4.qasm,/root/projects/QASMBench/small//deutsch_n2/deutsch_n2.qasm,/root/projects/QASMBench/small//dnn_n8/dnn_n8.qasm,/root/projects/QASMBench/small//dnn_n2/dnn_n2.qasm,/root/projects/QASMBench/small//basis_change_n3/basis_change_n3.qasm-FakeBrooklyn-4]
qcs/tst/qvm/integration/qvm_test.py::TestSelectMethods::test_select_methods[/root/projects/QASMBench/small//basis_trotter_n4/basis_trotter_n4.qasm,/root/projects/QASMBench/small//deutsch_n2/deutsch_n2.qasm,/root/projects/QASMBench/small//dnn_n8/dnn_n8.qasm,/root/projects/QASMBench/small//dnn_n2/dnn_n2.qasm,/root/projects/QASMBench/small//basis_change_n3/basis_change_n3.qasm-FakeBrooklyn-4]
  /root/anaconda3/envs/qcs-noise/lib/python3.10/site-packages/qiskit/providers/fake_provider/fake_backend.py:462: PendingDeprecationWarning: "warnings" argument will be deprecated as part of the qiskit-aer 0.12.0 and subsequently removed
    noise_model = NoiseModel.from_backend(self, warnings=False)

qcs/tst/qvm/integration/qvm_test.py: 12 warnings
  /root/anaconda3/envs/qcs-noise/lib/python3.10/site-packages/qiskit_aer/noise/device/models.py:365: UserWarning: Device model returned an invalid T_2 relaxation time greater than the theoretical maximum value 2 * T_1 (96966.20180926041 > 2 * 40591.82230473617). Truncating to maximum value.
    warn("Device model returned an invalid T_2 relaxation time greater than"

qcs/tst/qvm/integration/qvm_test.py::TestSelectMethods::test_select_methods[/root/projects/QASMBench/small//basis_trotter_n4/basis_trotter_n4.qasm,/root/projects/QASMBench/small//deutsch_n2/deutsch_n2.qasm,/root/projects/QASMBench/small//dnn_n8/dnn_n8.qasm,/root/projects/QASMBench/small//dnn_n2/dnn_n2.qasm,/root/projects/QASMBench/small//basis_change_n3/basis_change_n3.qasm-FakeBrooklyn-4]
qcs/tst/qvm/integration/qvm_test.py::TestSelectMethods::test_select_methods[/root/projects/QASMBench/small//basis_trotter_n4/basis_trotter_n4.qasm,/root/projects/QASMBench/small//deutsch_n2/deutsch_n2.qasm,/root/projects/QASMBench/small//dnn_n8/dnn_n8.qasm,/root/projects/QASMBench/small//dnn_n2/dnn_n2.qasm,/root/projects/QASMBench/small//basis_change_n3/basis_change_n3.qasm-FakeBrooklyn-4]
  /root/anaconda3/envs/qcs-noise/lib/python3.10/site-packages/qiskit_aer/noise/device/models.py:365: UserWarning: Device model returned an invalid T_2 relaxation time greater than the theoretical maximum value 2 * T_1 (9.696620180926042e-05 > 2 * 4.059182230473617e-05). Truncating to maximum value.
    warn("Device model returned an invalid T_2 relaxation time greater than"

-- Docs: https://docs.pytest.org/en/stable/how-to/capture-warnings.html
=========== 1 passed, 6 deselected, 22 warnings in 199.97s (0:03:19) ===========
Randomly selected files:
/root/projects/QASMBench/small//hhl_n7/hhl_n7.qasm,/root/projects/QASMBench/small//qpe_n9/qpe_n9.qasm,/root/projects/QASMBench/small//bell_n4/bell_n4.qasm,/root/projects/QASMBench/small//pea_n5/pea_n5.qasm,/root/projects/QASMBench/small//dnn_n8/dnn_n8.qasm
============================= test session starts ==============================
platform linux -- Python 3.10.6, pytest-7.2.0, pluggy-1.0.0
rootdir: /root/projects/qvm
plugins: anyio-3.6.2
collected 7 items / 6 deselected / 1 selected

tst/qvm/integration/qvm_test.py 
 === Testing ===

==== qasm_list ===

/root/projects/QASMBench/small//hhl_n7/hhl_n7.qasm,/root/projects/QASMBench/small//qpe_n9/qpe_n9.qasm,/root/projects/QASMBench/small//bell_n4/bell_n4.qasm,/root/projects/QASMBench/small//pea_n5/pea_n5.qasm,/root/projects/QASMBench/small//dnn_n8/dnn_n8.qasm
naive selection time	4.9591064453125e-05
F

=================================== FAILURES ===================================
_ TestSelectMethods.test_select_methods[/root/projects/QASMBench/small//hhl_n7/hhl_n7.qasm,/root/projects/QASMBench/small//qpe_n9/qpe_n9.qasm,/root/projects/QASMBench/small//bell_n4/bell_n4.qasm,/root/projects/QASMBench/small//pea_n5/pea_n5.qasm,/root/projects/QASMBench/small//dnn_n8/dnn_n8.qasm-FakeBrooklyn-4] _

self = <qvm_test.TestSelectMethods object at 0x7fc7382810c0>
qasm = '/root/projects/QASMBench/small//hhl_n7/hhl_n7.qasm,/root/projects/QASMBench/small//qpe_n9/qpe_n9.qasm,/root/projects/..._n4/bell_n4.qasm,/root/projects/QASMBench/small//pea_n5/pea_n5.qasm,/root/projects/QASMBench/small//dnn_n8/dnn_n8.qasm'
backend = 'FakeBrooklyn', cu_size = '4'

    def test_select_methods(self, qasm, backend, cu_size):
        """
        Args:
            bench: List of qasm file paths
            backend: Backend name
        """
        self._backend = globals().get(backend)()
        back_manager = FrpBackendManagerV2(self._backend)
        back_manager.cu_size = int(cu_size)
        back_manager.init_helpers()
        back_manager.init_cus()
        proc_manager = QvmProcessManagerV2(self._backend)
    
        qasm_list = qasm.split(",")
        circuit_list = [
            self.get_qiskit_circ("qasm", qasm_path=qasm_path) for qasm_path in qasm_list
        ]
        process_list = [back_manager.compile(circ) for circ in circuit_list]
    
        print("\n === Testing ===")
        print("\n==== qasm_list ===\n")
        print(qasm)
    
        # Naive
        st_time = time.time()
        executables = proc_manager._select_naive(process_list)
        print(f"naive selection time\t{time.time() - st_time}")
>       fid = self.get_fidelity(circuit_list, executables)

tst/qvm/integration/qvm_test.py:197: 
_ _ _ _ _ _ _ _ _ _ _ _ _ _ _ _ _ _ _ _ _ _ _ _ _ _ _ _ _ _ _ _ _ _ _ _ _ _ _ _ 
tst/qvm/integration/qvm_test.py:166: in get_fidelity
    fid = fid_calculator.calc_fidelity(circ, results[i], shots=shots)
../qvm/util/circuit.py:247: in calc_fidelity
    pv_noise, _ = counts_to_vector(counts, num_qubits)
_ _ _ _ _ _ _ _ _ _ _ _ _ _ _ _ _ _ _ _ _ _ _ _ _ _ _ _ _ _ _ _ _ _ _ _ _ _ _ _ 

counts = {'1 1 0 0': 31179, '0 1 1 0': 29800, '1 0 0 0': 106211, '1 1 0 1': 95879, '1 1 1 0': 98175, '1 0 0 1': 29516, '0 1 0 1...': 112967, '0 0 1 0': 105948, '0 1 0 0': 29566, '0 1 1 1': 97138, '0 0 1 1': 28939, '1 0 1 1': 96652, '1 0 1 0': 32771}
num_qubits = 4

    def counts_to_vector(counts: Counts, num_qubits: int) -> Tuple[np.ndarray, int]:
        """Transforms Counts to a probability vector"""
        vec = np.zeros(2**num_qubits, dtype=float)
        shots = 0
        for key, val in counts.items():
            shots += val
>           vec[int(key, 2)] = val
E           ValueError: invalid literal for int() with base 2: '1 1 0 0'

/root/anaconda3/envs/qcs-noise/lib/python3.10/site-packages/qiskit/result/mitigation/utils.py:93: ValueError
------------------------------ Captured log call -------------------------------
WARNING  root:graph.py:571 Failed to grow a subgraph from root: 26, current visited status: {0, 1, 3, 4, 5, 6, 8, 10, 12, 13, 18, 19, 20, 21, 22, 23, 25, 26, 34, 35, 36, 37, 42, 43, 44, 45, 49, 50, 51, 54}, error message is 'Cannot grow a graph that satisfy the subgraph size from current root: 26'
WARNING  root:graph.py:571 Failed to grow a subgraph from root: 40, current visited status: {0, 1, 3, 4, 5, 6, 8, 10, 12, 13, 18, 19, 20, 21, 22, 25, 26, 34, 35, 36, 37, 40, 42, 43, 44, 45, 49, 50, 51, 54}, error message is 'Cannot grow a graph that satisfy the subgraph size from current root: 40'
WARNING  root:graph.py:571 Failed to grow a subgraph from root: 9, current visited status: {0, 1, 3, 4, 5, 6, 8, 9, 10, 12, 13, 18, 19, 20, 21, 22, 25, 26, 27, 28, 30, 31, 32, 34, 35, 36, 37, 38, 39, 40, 41, 42, 43, 44, 45, 49, 50, 51, 52, 54, 55, 56, 57}, error message is 'Cannot grow a graph that satisfy the subgraph size from current root: 9'
WARNING  root:graph.py:571 Failed to grow a subgraph from root: 7, current visited status: {0, 1, 3, 4, 5, 6, 7, 8, 9, 10, 12, 13, 14, 15, 18, 19, 20, 21, 22, 24, 25, 26, 27, 28, 29, 30, 31, 32, 34, 35, 36, 37, 38, 39, 40, 41, 42, 43, 44, 45, 46, 47, 48, 49, 50, 51, 52, 53, 54, 55, 56, 57, 58, 59, 60, 61}, error message is 'Cannot grow a graph that satisfy the subgraph size from current root: 7'
WARNING  root:graph.py:571 Failed to grow a subgraph from root: 62, current visited status: {0, 1, 3, 4, 5, 6, 7, 8, 9, 10, 12, 13, 14, 15, 18, 19, 20, 21, 22, 24, 25, 26, 27, 28, 29, 30, 31, 32, 34, 35, 36, 37, 38, 39, 40, 41, 42, 43, 44, 45, 46, 47, 48, 49, 50, 51, 52, 53, 54, 55, 56, 57, 58, 59, 60, 61, 62, 63, 64}, error message is 'Cannot grow a graph that satisfy the subgraph size from current root: 62'
WARNING  root:graph.py:571 Failed to grow a subgraph from root: 16, current visited status: {0, 1, 3, 4, 5, 6, 7, 8, 9, 10, 11, 12, 13, 14, 15, 16, 17, 18, 19, 20, 21, 22, 24, 25, 26, 27, 28, 29, 30, 31, 32, 34, 35, 36, 37, 38, 39, 40, 41, 42, 43, 44, 45, 46, 47, 48, 49, 50, 51, 52, 53, 54, 55, 56, 57, 58, 59, 60, 61, 62}, error message is 'Cannot grow a graph that satisfy the subgraph size from current root: 16'
WARNING  root:graph.py:571 Failed to grow a subgraph from root: 23, current visited status: {0, 1, 3, 4, 5, 6, 7, 8, 9, 10, 12, 13, 14, 15, 16, 18, 19, 20, 21, 22, 23, 24, 25, 26, 27, 28, 29, 30, 31, 32, 34, 35, 36, 37, 38, 39, 40, 41, 42, 43, 44, 45, 46, 47, 48, 49, 50, 51, 52, 53, 54, 55, 56, 57, 58, 59, 60, 61, 62}, error message is 'Cannot grow a graph that satisfy the subgraph size from current root: 23'
WARNING  root:graph.py:571 Failed to grow a subgraph from root: 17, current visited status: {0, 1, 3, 4, 5, 6, 7, 8, 9, 10, 11, 12, 13, 14, 15, 16, 17, 18, 19, 20, 21, 22, 23, 24, 25, 26, 27, 28, 29, 30, 31, 32, 34, 35, 36, 37, 38, 39, 40, 41, 42, 43, 44, 45, 46, 47, 48, 49, 50, 51, 52, 53, 54, 55, 56, 57, 58, 59, 60, 61, 62}, error message is 'Cannot grow a graph that satisfy the subgraph size from current root: 17'
WARNING  root:graph.py:571 Failed to grow a subgraph from root: 63, current visited status: {0, 1, 3, 4, 5, 6, 7, 8, 9, 10, 12, 13, 14, 15, 16, 17, 18, 19, 20, 21, 22, 23, 24, 25, 26, 27, 28, 29, 30, 31, 32, 34, 35, 36, 37, 38, 39, 40, 41, 42, 43, 44, 45, 46, 47, 48, 49, 50, 51, 52, 53, 54, 55, 56, 57, 58, 59, 60, 61, 62, 63, 64}, error message is 'Cannot grow a graph that satisfy the subgraph size from current root: 63'
WARNING  root:graph.py:571 Failed to grow a subgraph from root: 64, current visited status: {0, 1, 3, 4, 5, 6, 7, 8, 9, 10, 12, 13, 14, 15, 16, 17, 18, 19, 20, 21, 22, 23, 24, 25, 26, 27, 28, 29, 30, 31, 32, 34, 35, 36, 37, 38, 39, 40, 41, 42, 43, 44, 45, 46, 47, 48, 49, 50, 51, 52, 53, 54, 55, 56, 57, 58, 59, 60, 61, 62, 63, 64}, error message is 'Cannot grow a graph that satisfy the subgraph size from current root: 64'
WARNING  root:graph.py:571 Failed to grow a subgraph from root: 11, current visited status: {0, 1, 3, 4, 5, 6, 7, 8, 9, 10, 11, 12, 13, 14, 15, 16, 17, 18, 19, 20, 21, 22, 23, 24, 25, 26, 27, 28, 29, 30, 31, 32, 34, 35, 36, 37, 38, 39, 40, 41, 42, 43, 44, 45, 46, 47, 48, 49, 50, 51, 52, 53, 54, 55, 56, 57, 58, 59, 60, 61, 62, 63, 64}, error message is 'Cannot grow a graph that satisfy the subgraph size from current root: 11'
WARNING  root:graph.py:571 Failed to grow a subgraph from root: 33, current visited status: {0, 1, 3, 4, 5, 6, 7, 8, 9, 10, 11, 12, 13, 14, 15, 16, 17, 18, 19, 20, 21, 22, 23, 24, 25, 26, 27, 28, 29, 30, 31, 32, 33, 34, 35, 36, 37, 38, 39, 40, 41, 42, 43, 44, 45, 46, 47, 48, 49, 50, 51, 52, 53, 54, 55, 56, 57, 58, 59, 60, 61, 62, 63, 64}, error message is 'Cannot grow a graph that satisfy the subgraph size from current root: 33'
WARNING  root:graph.py:571 Failed to grow a subgraph from root: 2, current visited status: {0, 1, 2, 3, 4, 5, 6, 7, 8, 9, 10, 11, 12, 13, 14, 15, 16, 17, 18, 19, 20, 21, 22, 23, 24, 25, 26, 27, 28, 29, 30, 31, 32, 33, 34, 35, 36, 37, 38, 39, 40, 41, 42, 43, 44, 45, 46, 47, 48, 49, 50, 51, 52, 53, 54, 55, 56, 57, 58, 59, 60, 61, 62, 63, 64}, error message is 'Cannot grow a graph that satisfy the subgraph size from current root: 2'
WARNING  root:backend_manager.py:407 cannot compile on compute unit <qvm.model.compute_unit.ComputeUnit object at 0x7fc6de7abe20>, error: 'Number of qubits (7) in circuit-88 is greater than maximum (4) in the coupling_map'
WARNING  root:backend_manager.py:407 cannot compile on compute unit <qvm.model.compute_unit.ComputeUnit object at 0x7fc6d3febd60>, error: 'Number of qubits (7) in circuit-88 is greater than maximum (4) in the coupling_map'
WARNING  root:backend_manager.py:407 cannot compile on compute unit <qvm.model.compute_unit.ComputeUnit object at 0x7fc6d3bd7340>, error: 'Number of qubits (7) in circuit-88 is greater than maximum (4) in the coupling_map'
WARNING  root:backend_manager.py:407 cannot compile on compute unit <qvm.model.compute_unit.ComputeUnit object at 0x7fc6ca33fdf0>, error: 'Number of qubits (9) in circuit-90 is greater than maximum (4) in the coupling_map'
WARNING  root:backend_manager.py:407 cannot compile on compute unit <qvm.model.compute_unit.ComputeUnit object at 0x7fc6c7036920>, error: 'Number of qubits (9) in circuit-90 is greater than maximum (8) in the coupling_map'
WARNING  root:backend_manager.py:407 cannot compile on compute unit <qvm.model.compute_unit.ComputeUnit object at 0x7fc6c8247e20>, error: 'Number of qubits (9) in circuit-90 is greater than maximum (4) in the coupling_map'
WARNING  root:backend_manager.py:407 cannot compile on compute unit <qvm.model.compute_unit.ComputeUnit object at 0x7fc6c7f4d480>, error: 'Number of qubits (9) in circuit-90 is greater than maximum (8) in the coupling_map'
WARNING  root:backend_manager.py:407 cannot compile on compute unit <qvm.model.compute_unit.ComputeUnit object at 0x7fc6ca4eff40>, error: 'Number of qubits (9) in circuit-90 is greater than maximum (4) in the coupling_map'
WARNING  root:backend_manager.py:407 cannot compile on compute unit <qvm.model.compute_unit.ComputeUnit object at 0x7fc699e3fd90>, error: 'Number of qubits (5) in circuit-124 is greater than maximum (4) in the coupling_map'
WARNING  root:backend_manager.py:407 cannot compile on compute unit <qvm.model.compute_unit.ComputeUnit object at 0x7fc6967ed540>, error: 'Number of qubits (5) in circuit-124 is greater than maximum (4) in the coupling_map'
WARNING  root:backend_manager.py:407 cannot compile on compute unit <qvm.model.compute_unit.ComputeUnit object at 0x7fc6938acdf0>, error: 'Number of qubits (5) in circuit-124 is greater than maximum (4) in the coupling_map'
WARNING  root:backend_manager.py:407 cannot compile on compute unit <qvm.model.compute_unit.ComputeUnit object at 0x7fc68980fe20>, error: 'Number of qubits (8) in circuit-126 is greater than maximum (4) in the coupling_map'
WARNING  root:backend_manager.py:407 cannot compile on compute unit <qvm.model.compute_unit.ComputeUnit object at 0x7fc6831db9d0>, error: 'Number of qubits (8) in circuit-126 is greater than maximum (4) in the coupling_map'
WARNING  root:backend_manager.py:407 cannot compile on compute unit <qvm.model.compute_unit.ComputeUnit object at 0x7fc680e87af0>, error: 'Number of qubits (8) in circuit-126 is greater than maximum (4) in the coupling_map'
=============================== warnings summary ===============================
qcs/tst/qvm/integration/qvm_test.py::TestSelectMethods::test_select_methods[/root/projects/QASMBench/small//hhl_n7/hhl_n7.qasm,/root/projects/QASMBench/small//qpe_n9/qpe_n9.qasm,/root/projects/QASMBench/small//bell_n4/bell_n4.qasm,/root/projects/QASMBench/small//pea_n5/pea_n5.qasm,/root/projects/QASMBench/small//dnn_n8/dnn_n8.qasm-FakeBrooklyn-4]
qcs/tst/qvm/integration/qvm_test.py::TestSelectMethods::test_select_methods[/root/projects/QASMBench/small//hhl_n7/hhl_n7.qasm,/root/projects/QASMBench/small//qpe_n9/qpe_n9.qasm,/root/projects/QASMBench/small//bell_n4/bell_n4.qasm,/root/projects/QASMBench/small//pea_n5/pea_n5.qasm,/root/projects/QASMBench/small//dnn_n8/dnn_n8.qasm-FakeBrooklyn-4]
qcs/tst/qvm/integration/qvm_test.py::TestSelectMethods::test_select_methods[/root/projects/QASMBench/small//hhl_n7/hhl_n7.qasm,/root/projects/QASMBench/small//qpe_n9/qpe_n9.qasm,/root/projects/QASMBench/small//bell_n4/bell_n4.qasm,/root/projects/QASMBench/small//pea_n5/pea_n5.qasm,/root/projects/QASMBench/small//dnn_n8/dnn_n8.qasm-FakeBrooklyn-4]
qcs/tst/qvm/integration/qvm_test.py::TestSelectMethods::test_select_methods[/root/projects/QASMBench/small//hhl_n7/hhl_n7.qasm,/root/projects/QASMBench/small//qpe_n9/qpe_n9.qasm,/root/projects/QASMBench/small//bell_n4/bell_n4.qasm,/root/projects/QASMBench/small//pea_n5/pea_n5.qasm,/root/projects/QASMBench/small//dnn_n8/dnn_n8.qasm-FakeBrooklyn-4]
qcs/tst/qvm/integration/qvm_test.py::TestSelectMethods::test_select_methods[/root/projects/QASMBench/small//hhl_n7/hhl_n7.qasm,/root/projects/QASMBench/small//qpe_n9/qpe_n9.qasm,/root/projects/QASMBench/small//bell_n4/bell_n4.qasm,/root/projects/QASMBench/small//pea_n5/pea_n5.qasm,/root/projects/QASMBench/small//dnn_n8/dnn_n8.qasm-FakeBrooklyn-4]
  /root/anaconda3/envs/qcs-noise/lib/python3.10/site-packages/qiskit/providers/fake_provider/fake_backend.py:462: PendingDeprecationWarning: "warnings" argument will be deprecated as part of the qiskit-aer 0.12.0 and subsequently removed
    noise_model = NoiseModel.from_backend(self, warnings=False)

-- Docs: https://docs.pytest.org/en/stable/how-to/capture-warnings.html
=========================== short test summary info ============================
FAILED tst/qvm/integration/qvm_test.py::TestSelectMethods::test_select_methods[/root/projects/QASMBench/small/hhl_n7/hhl_n7.qasm,/root/projects/QASMBench/small/qpe_n9/qpe_n9.qasm,/root/projects/QASMBench/small/bell_n4/bell_n4.qasm,/root/projects/QASMBench/small/pea_n5/pea_n5.qasm,/root/projects/QASMBench/small/dnn_n8/dnn_n8.qasm-FakeBrooklyn-4]
=========== 1 failed, 6 deselected, 5 warnings in 129.05s (0:02:09) ============
Randomly selected files:
/root/projects/QASMBench/small//ipea_n2/ipea_n2.qasm,/root/projects/QASMBench/small//lpn_n5/lpn_n5.qasm,/root/projects/QASMBench/small//toffoli_n3/toffoli_n3.qasm,/root/projects/QASMBench/small//qaoa_n6/qaoa_n6.qasm,/root/projects/QASMBench/small//linearsolver_n3/linearsolver_n3.qasm
============================= test session starts ==============================
platform linux -- Python 3.10.6, pytest-7.2.0, pluggy-1.0.0
rootdir: /root/projects/qvm
plugins: anyio-3.6.2
collected 7 items / 6 deselected / 1 selected

tst/qvm/integration/qvm_test.py 
 === Testing ===

==== qasm_list ===

/root/projects/QASMBench/small//ipea_n2/ipea_n2.qasm,/root/projects/QASMBench/small//lpn_n5/lpn_n5.qasm,/root/projects/QASMBench/small//toffoli_n3/toffoli_n3.qasm,/root/projects/QASMBench/small//qaoa_n6/qaoa_n6.qasm,/root/projects/QASMBench/small//linearsolver_n3/linearsolver_n3.qasm
naive selection time	2.8133392333984375e-05
F

=================================== FAILURES ===================================
_ TestSelectMethods.test_select_methods[/root/projects/QASMBench/small//ipea_n2/ipea_n2.qasm,/root/projects/QASMBench/small//lpn_n5/lpn_n5.qasm,/root/projects/QASMBench/small//toffoli_n3/toffoli_n3.qasm,/root/projects/QASMBench/small//qaoa_n6/qaoa_n6.qasm,/root/projects/QASMBench/small//linearsolver_n3/linearsolver_n3.qasm-FakeBrooklyn-4] _

self = <qvm_test.TestSelectMethods object at 0x7faf0e8c91b0>
qasm = '/root/projects/QASMBench/small//ipea_n2/ipea_n2.qasm,/root/projects/QASMBench/small//lpn_n5/lpn_n5.qasm,/root/project...ot/projects/QASMBench/small//qaoa_n6/qaoa_n6.qasm,/root/projects/QASMBench/small//linearsolver_n3/linearsolver_n3.qasm'
backend = 'FakeBrooklyn', cu_size = '4'

    def test_select_methods(self, qasm, backend, cu_size):
        """
        Args:
            bench: List of qasm file paths
            backend: Backend name
        """
        self._backend = globals().get(backend)()
        back_manager = FrpBackendManagerV2(self._backend)
        back_manager.cu_size = int(cu_size)
        back_manager.init_helpers()
        back_manager.init_cus()
        proc_manager = QvmProcessManagerV2(self._backend)
    
        qasm_list = qasm.split(",")
        circuit_list = [
            self.get_qiskit_circ("qasm", qasm_path=qasm_path) for qasm_path in qasm_list
        ]
        process_list = [back_manager.compile(circ) for circ in circuit_list]
    
        print("\n === Testing ===")
        print("\n==== qasm_list ===\n")
        print(qasm)
    
        # Naive
        st_time = time.time()
        executables = proc_manager._select_naive(process_list)
        print(f"naive selection time\t{time.time() - st_time}")
>       fid = self.get_fidelity(circuit_list, executables)

tst/qvm/integration/qvm_test.py:197: 
_ _ _ _ _ _ _ _ _ _ _ _ _ _ _ _ _ _ _ _ _ _ _ _ _ _ _ _ _ _ _ _ _ _ _ _ _ _ _ _ 
tst/qvm/integration/qvm_test.py:166: in get_fidelity
    fid = fid_calculator.calc_fidelity(circ, results[i], shots=shots)
../qvm/util/circuit.py:247: in calc_fidelity
    pv_noise, _ = counts_to_vector(counts, num_qubits)
_ _ _ _ _ _ _ _ _ _ _ _ _ _ _ _ _ _ _ _ _ _ _ _ _ _ _ _ _ _ _ _ _ _ _ _ _ _ _ _ 

counts = {'1010': 4814, '0011': 743979, '0111': 17238, '1011': 39171, '0001': 27132, '1111': 25433, '1101': 44462, '1000': 3731, '0110': 5963, '0100': 32612, '1100': 15503, '0010': 32137, '0000': 8250, '1001': 6713, '0101': 26828, '1110': 14610}
num_qubits = 2

    def counts_to_vector(counts: Counts, num_qubits: int) -> Tuple[np.ndarray, int]:
        """Transforms Counts to a probability vector"""
        vec = np.zeros(2**num_qubits, dtype=float)
        shots = 0
        for key, val in counts.items():
            shots += val
>           vec[int(key, 2)] = val
E           IndexError: index 10 is out of bounds for axis 0 with size 4

/root/anaconda3/envs/qcs-noise/lib/python3.10/site-packages/qiskit/result/mitigation/utils.py:93: IndexError
------------------------------ Captured log call -------------------------------
WARNING  root:graph.py:571 Failed to grow a subgraph from root: 26, current visited status: {0, 1, 3, 4, 5, 6, 8, 10, 12, 13, 18, 19, 20, 21, 22, 23, 25, 26, 34, 35, 36, 37, 42, 43, 44, 45, 49, 50, 51, 54}, error message is 'Cannot grow a graph that satisfy the subgraph size from current root: 26'
WARNING  root:graph.py:571 Failed to grow a subgraph from root: 40, current visited status: {0, 1, 3, 4, 5, 6, 8, 10, 12, 13, 18, 19, 20, 21, 22, 25, 26, 34, 35, 36, 37, 40, 42, 43, 44, 45, 49, 50, 51, 54}, error message is 'Cannot grow a graph that satisfy the subgraph size from current root: 40'
WARNING  root:graph.py:571 Failed to grow a subgraph from root: 9, current visited status: {0, 1, 3, 4, 5, 6, 8, 9, 10, 12, 13, 18, 19, 20, 21, 22, 25, 26, 27, 28, 30, 31, 32, 34, 35, 36, 37, 38, 39, 40, 41, 42, 43, 44, 45, 49, 50, 51, 52, 54, 55, 56, 57}, error message is 'Cannot grow a graph that satisfy the subgraph size from current root: 9'
WARNING  root:graph.py:571 Failed to grow a subgraph from root: 7, current visited status: {0, 1, 3, 4, 5, 6, 7, 8, 9, 10, 12, 13, 14, 15, 18, 19, 20, 21, 22, 24, 25, 26, 27, 28, 29, 30, 31, 32, 34, 35, 36, 37, 38, 39, 40, 41, 42, 43, 44, 45, 46, 47, 48, 49, 50, 51, 52, 53, 54, 55, 56, 57, 58, 59, 60, 61}, error message is 'Cannot grow a graph that satisfy the subgraph size from current root: 7'
WARNING  root:graph.py:571 Failed to grow a subgraph from root: 62, current visited status: {0, 1, 3, 4, 5, 6, 7, 8, 9, 10, 12, 13, 14, 15, 18, 19, 20, 21, 22, 24, 25, 26, 27, 28, 29, 30, 31, 32, 34, 35, 36, 37, 38, 39, 40, 41, 42, 43, 44, 45, 46, 47, 48, 49, 50, 51, 52, 53, 54, 55, 56, 57, 58, 59, 60, 61, 62, 63, 64}, error message is 'Cannot grow a graph that satisfy the subgraph size from current root: 62'
WARNING  root:graph.py:571 Failed to grow a subgraph from root: 16, current visited status: {0, 1, 3, 4, 5, 6, 7, 8, 9, 10, 11, 12, 13, 14, 15, 16, 17, 18, 19, 20, 21, 22, 24, 25, 26, 27, 28, 29, 30, 31, 32, 34, 35, 36, 37, 38, 39, 40, 41, 42, 43, 44, 45, 46, 47, 48, 49, 50, 51, 52, 53, 54, 55, 56, 57, 58, 59, 60, 61, 62}, error message is 'Cannot grow a graph that satisfy the subgraph size from current root: 16'
WARNING  root:graph.py:571 Failed to grow a subgraph from root: 23, current visited status: {0, 1, 3, 4, 5, 6, 7, 8, 9, 10, 12, 13, 14, 15, 16, 18, 19, 20, 21, 22, 23, 24, 25, 26, 27, 28, 29, 30, 31, 32, 34, 35, 36, 37, 38, 39, 40, 41, 42, 43, 44, 45, 46, 47, 48, 49, 50, 51, 52, 53, 54, 55, 56, 57, 58, 59, 60, 61, 62}, error message is 'Cannot grow a graph that satisfy the subgraph size from current root: 23'
WARNING  root:graph.py:571 Failed to grow a subgraph from root: 17, current visited status: {0, 1, 3, 4, 5, 6, 7, 8, 9, 10, 11, 12, 13, 14, 15, 16, 17, 18, 19, 20, 21, 22, 23, 24, 25, 26, 27, 28, 29, 30, 31, 32, 34, 35, 36, 37, 38, 39, 40, 41, 42, 43, 44, 45, 46, 47, 48, 49, 50, 51, 52, 53, 54, 55, 56, 57, 58, 59, 60, 61, 62}, error message is 'Cannot grow a graph that satisfy the subgraph size from current root: 17'
WARNING  root:graph.py:571 Failed to grow a subgraph from root: 63, current visited status: {0, 1, 3, 4, 5, 6, 7, 8, 9, 10, 12, 13, 14, 15, 16, 17, 18, 19, 20, 21, 22, 23, 24, 25, 26, 27, 28, 29, 30, 31, 32, 34, 35, 36, 37, 38, 39, 40, 41, 42, 43, 44, 45, 46, 47, 48, 49, 50, 51, 52, 53, 54, 55, 56, 57, 58, 59, 60, 61, 62, 63, 64}, error message is 'Cannot grow a graph that satisfy the subgraph size from current root: 63'
WARNING  root:graph.py:571 Failed to grow a subgraph from root: 64, current visited status: {0, 1, 3, 4, 5, 6, 7, 8, 9, 10, 12, 13, 14, 15, 16, 17, 18, 19, 20, 21, 22, 23, 24, 25, 26, 27, 28, 29, 30, 31, 32, 34, 35, 36, 37, 38, 39, 40, 41, 42, 43, 44, 45, 46, 47, 48, 49, 50, 51, 52, 53, 54, 55, 56, 57, 58, 59, 60, 61, 62, 63, 64}, error message is 'Cannot grow a graph that satisfy the subgraph size from current root: 64'
WARNING  root:graph.py:571 Failed to grow a subgraph from root: 11, current visited status: {0, 1, 3, 4, 5, 6, 7, 8, 9, 10, 11, 12, 13, 14, 15, 16, 17, 18, 19, 20, 21, 22, 23, 24, 25, 26, 27, 28, 29, 30, 31, 32, 34, 35, 36, 37, 38, 39, 40, 41, 42, 43, 44, 45, 46, 47, 48, 49, 50, 51, 52, 53, 54, 55, 56, 57, 58, 59, 60, 61, 62, 63, 64}, error message is 'Cannot grow a graph that satisfy the subgraph size from current root: 11'
WARNING  root:graph.py:571 Failed to grow a subgraph from root: 33, current visited status: {0, 1, 3, 4, 5, 6, 7, 8, 9, 10, 11, 12, 13, 14, 15, 16, 17, 18, 19, 20, 21, 22, 23, 24, 25, 26, 27, 28, 29, 30, 31, 32, 33, 34, 35, 36, 37, 38, 39, 40, 41, 42, 43, 44, 45, 46, 47, 48, 49, 50, 51, 52, 53, 54, 55, 56, 57, 58, 59, 60, 61, 62, 63, 64}, error message is 'Cannot grow a graph that satisfy the subgraph size from current root: 33'
WARNING  root:graph.py:571 Failed to grow a subgraph from root: 2, current visited status: {0, 1, 2, 3, 4, 5, 6, 7, 8, 9, 10, 11, 12, 13, 14, 15, 16, 17, 18, 19, 20, 21, 22, 23, 24, 25, 26, 27, 28, 29, 30, 31, 32, 33, 34, 35, 36, 37, 38, 39, 40, 41, 42, 43, 44, 45, 46, 47, 48, 49, 50, 51, 52, 53, 54, 55, 56, 57, 58, 59, 60, 61, 62, 63, 64}, error message is 'Cannot grow a graph that satisfy the subgraph size from current root: 2'
WARNING  root:backend_manager.py:407 cannot compile on compute unit <qvm.model.compute_unit.ComputeUnit object at 0x7fae87247fd0>, error: 'Number of qubits (5) in circuit-120 is greater than maximum (4) in the coupling_map'
WARNING  root:backend_manager.py:407 cannot compile on compute unit <qvm.model.compute_unit.ComputeUnit object at 0x7fae840a8280>, error: 'Number of qubits (5) in circuit-120 is greater than maximum (4) in the coupling_map'
WARNING  root:backend_manager.py:407 cannot compile on compute unit <qvm.model.compute_unit.ComputeUnit object at 0x7fae7f9efee0>, error: 'Number of qubits (5) in circuit-120 is greater than maximum (4) in the coupling_map'
WARNING  root:backend_manager.py:407 cannot compile on compute unit <qvm.model.compute_unit.ComputeUnit object at 0x7fae4d35bdf0>, error: 'Number of qubits (6) in circuit-124 is greater than maximum (4) in the coupling_map'
WARNING  root:backend_manager.py:407 cannot compile on compute unit <qvm.model.compute_unit.ComputeUnit object at 0x7fae46acbfa0>, error: 'Number of qubits (6) in circuit-124 is greater than maximum (4) in the coupling_map'
WARNING  root:backend_manager.py:407 cannot compile on compute unit <qvm.model.compute_unit.ComputeUnit object at 0x7fae448b3d60>, error: 'Number of qubits (6) in circuit-124 is greater than maximum (4) in the coupling_map'
=============================== warnings summary ===============================
qcs/tst/qvm/integration/qvm_test.py::TestSelectMethods::test_select_methods[/root/projects/QASMBench/small//ipea_n2/ipea_n2.qasm,/root/projects/QASMBench/small//lpn_n5/lpn_n5.qasm,/root/projects/QASMBench/small//toffoli_n3/toffoli_n3.qasm,/root/projects/QASMBench/small//qaoa_n6/qaoa_n6.qasm,/root/projects/QASMBench/small//linearsolver_n3/linearsolver_n3.qasm-FakeBrooklyn-4]
qcs/tst/qvm/integration/qvm_test.py::TestSelectMethods::test_select_methods[/root/projects/QASMBench/small//ipea_n2/ipea_n2.qasm,/root/projects/QASMBench/small//lpn_n5/lpn_n5.qasm,/root/projects/QASMBench/small//toffoli_n3/toffoli_n3.qasm,/root/projects/QASMBench/small//qaoa_n6/qaoa_n6.qasm,/root/projects/QASMBench/small//linearsolver_n3/linearsolver_n3.qasm-FakeBrooklyn-4]
qcs/tst/qvm/integration/qvm_test.py::TestSelectMethods::test_select_methods[/root/projects/QASMBench/small//ipea_n2/ipea_n2.qasm,/root/projects/QASMBench/small//lpn_n5/lpn_n5.qasm,/root/projects/QASMBench/small//toffoli_n3/toffoli_n3.qasm,/root/projects/QASMBench/small//qaoa_n6/qaoa_n6.qasm,/root/projects/QASMBench/small//linearsolver_n3/linearsolver_n3.qasm-FakeBrooklyn-4]
qcs/tst/qvm/integration/qvm_test.py::TestSelectMethods::test_select_methods[/root/projects/QASMBench/small//ipea_n2/ipea_n2.qasm,/root/projects/QASMBench/small//lpn_n5/lpn_n5.qasm,/root/projects/QASMBench/small//toffoli_n3/toffoli_n3.qasm,/root/projects/QASMBench/small//qaoa_n6/qaoa_n6.qasm,/root/projects/QASMBench/small//linearsolver_n3/linearsolver_n3.qasm-FakeBrooklyn-4]
qcs/tst/qvm/integration/qvm_test.py::TestSelectMethods::test_select_methods[/root/projects/QASMBench/small//ipea_n2/ipea_n2.qasm,/root/projects/QASMBench/small//lpn_n5/lpn_n5.qasm,/root/projects/QASMBench/small//toffoli_n3/toffoli_n3.qasm,/root/projects/QASMBench/small//qaoa_n6/qaoa_n6.qasm,/root/projects/QASMBench/small//linearsolver_n3/linearsolver_n3.qasm-FakeBrooklyn-4]
  /root/anaconda3/envs/qcs-noise/lib/python3.10/site-packages/qiskit/providers/fake_provider/fake_backend.py:462: PendingDeprecationWarning: "warnings" argument will be deprecated as part of the qiskit-aer 0.12.0 and subsequently removed
    noise_model = NoiseModel.from_backend(self, warnings=False)

qcs/tst/qvm/integration/qvm_test.py::TestSelectMethods::test_select_methods[/root/projects/QASMBench/small//ipea_n2/ipea_n2.qasm,/root/projects/QASMBench/small//lpn_n5/lpn_n5.qasm,/root/projects/QASMBench/small//toffoli_n3/toffoli_n3.qasm,/root/projects/QASMBench/small//qaoa_n6/qaoa_n6.qasm,/root/projects/QASMBench/small//linearsolver_n3/linearsolver_n3.qasm-FakeBrooklyn-4]
qcs/tst/qvm/integration/qvm_test.py::TestSelectMethods::test_select_methods[/root/projects/QASMBench/small//ipea_n2/ipea_n2.qasm,/root/projects/QASMBench/small//lpn_n5/lpn_n5.qasm,/root/projects/QASMBench/small//toffoli_n3/toffoli_n3.qasm,/root/projects/QASMBench/small//qaoa_n6/qaoa_n6.qasm,/root/projects/QASMBench/small//linearsolver_n3/linearsolver_n3.qasm-FakeBrooklyn-4]
qcs/tst/qvm/integration/qvm_test.py::TestSelectMethods::test_select_methods[/root/projects/QASMBench/small//ipea_n2/ipea_n2.qasm,/root/projects/QASMBench/small//lpn_n5/lpn_n5.qasm,/root/projects/QASMBench/small//toffoli_n3/toffoli_n3.qasm,/root/projects/QASMBench/small//qaoa_n6/qaoa_n6.qasm,/root/projects/QASMBench/small//linearsolver_n3/linearsolver_n3.qasm-FakeBrooklyn-4]
qcs/tst/qvm/integration/qvm_test.py::TestSelectMethods::test_select_methods[/root/projects/QASMBench/small//ipea_n2/ipea_n2.qasm,/root/projects/QASMBench/small//lpn_n5/lpn_n5.qasm,/root/projects/QASMBench/small//toffoli_n3/toffoli_n3.qasm,/root/projects/QASMBench/small//qaoa_n6/qaoa_n6.qasm,/root/projects/QASMBench/small//linearsolver_n3/linearsolver_n3.qasm-FakeBrooklyn-4]
qcs/tst/qvm/integration/qvm_test.py::TestSelectMethods::test_select_methods[/root/projects/QASMBench/small//ipea_n2/ipea_n2.qasm,/root/projects/QASMBench/small//lpn_n5/lpn_n5.qasm,/root/projects/QASMBench/small//toffoli_n3/toffoli_n3.qasm,/root/projects/QASMBench/small//qaoa_n6/qaoa_n6.qasm,/root/projects/QASMBench/small//linearsolver_n3/linearsolver_n3.qasm-FakeBrooklyn-4]
qcs/tst/qvm/integration/qvm_test.py::TestSelectMethods::test_select_methods[/root/projects/QASMBench/small//ipea_n2/ipea_n2.qasm,/root/projects/QASMBench/small//lpn_n5/lpn_n5.qasm,/root/projects/QASMBench/small//toffoli_n3/toffoli_n3.qasm,/root/projects/QASMBench/small//qaoa_n6/qaoa_n6.qasm,/root/projects/QASMBench/small//linearsolver_n3/linearsolver_n3.qasm-FakeBrooklyn-4]
  /root/anaconda3/envs/qcs-noise/lib/python3.10/site-packages/qiskit_aer/noise/device/models.py:365: UserWarning: Device model returned an invalid T_2 relaxation time greater than the theoretical maximum value 2 * T_1 (96966.20180926041 > 2 * 40591.82230473617). Truncating to maximum value.
    warn("Device model returned an invalid T_2 relaxation time greater than"

qcs/tst/qvm/integration/qvm_test.py::TestSelectMethods::test_select_methods[/root/projects/QASMBench/small//ipea_n2/ipea_n2.qasm,/root/projects/QASMBench/small//lpn_n5/lpn_n5.qasm,/root/projects/QASMBench/small//toffoli_n3/toffoli_n3.qasm,/root/projects/QASMBench/small//qaoa_n6/qaoa_n6.qasm,/root/projects/QASMBench/small//linearsolver_n3/linearsolver_n3.qasm-FakeBrooklyn-4]
  /root/anaconda3/envs/qcs-noise/lib/python3.10/site-packages/qiskit_aer/noise/device/models.py:365: UserWarning: Device model returned an invalid T_2 relaxation time greater than the theoretical maximum value 2 * T_1 (9.696620180926042e-05 > 2 * 4.059182230473617e-05). Truncating to maximum value.
    warn("Device model returned an invalid T_2 relaxation time greater than"

-- Docs: https://docs.pytest.org/en/stable/how-to/capture-warnings.html
=========================== short test summary info ============================
FAILED tst/qvm/integration/qvm_test.py::TestSelectMethods::test_select_methods[/root/projects/QASMBench/small/ipea_n2/ipea_n2.qasm,/root/projects/QASMBench/small/lpn_n5/lpn_n5.qasm,/root/projects/QASMBench/small/toffoli_n3/toffoli_n3.qasm,/root/projects/QASMBench/small/qaoa_n6/qaoa_n6.qasm,/root/projects/QASMBench/small/linearsolver_n3/linearsolver_n3.qasm-FakeBrooklyn-4]
=========== 1 failed, 6 deselected, 12 warnings in 155.72s (0:02:35) ===========
Randomly selected files:
/root/projects/QASMBench/small//wstate_n3/wstate_n3.qasm,/root/projects/QASMBench/small//ising_n10/ising_n10.qasm,/root/projects/QASMBench/small//error_correctiond3_n5/error_correctiond3_n5.qasm,/root/projects/QASMBench/small//teleportation_n3/teleportation_n3.qasm,/root/projects/QASMBench/small//variational_n4/variational_n4.qasm
============================= test session starts ==============================
platform linux -- Python 3.10.6, pytest-7.2.0, pluggy-1.0.0
rootdir: /root/projects/qvm
plugins: anyio-3.6.2
collected 7 items / 6 deselected / 1 selected

tst/qvm/integration/qvm_test.py 
 === Testing ===

==== qasm_list ===

/root/projects/QASMBench/small//wstate_n3/wstate_n3.qasm,/root/projects/QASMBench/small//ising_n10/ising_n10.qasm,/root/projects/QASMBench/small//error_correctiond3_n5/error_correctiond3_n5.qasm,/root/projects/QASMBench/small//teleportation_n3/teleportation_n3.qasm,/root/projects/QASMBench/small//variational_n4/variational_n4.qasm
naive selection time	1.7881393432617188e-05
naive selection result	0.20760343949959753
brute_force selection time	0.05395340919494629
brute_force selection result	0.20744423233726828
.

=============================== warnings summary ===============================
qcs/tst/qvm/integration/qvm_test.py::TestSelectMethods::test_select_methods[/root/projects/QASMBench/small//wstate_n3/wstate_n3.qasm,/root/projects/QASMBench/small//ising_n10/ising_n10.qasm,/root/projects/QASMBench/small//error_correctiond3_n5/error_correctiond3_n5.qasm,/root/projects/QASMBench/small//teleportation_n3/teleportation_n3.qasm,/root/projects/QASMBench/small//variational_n4/variational_n4.qasm-FakeBrooklyn-4]
qcs/tst/qvm/integration/qvm_test.py::TestSelectMethods::test_select_methods[/root/projects/QASMBench/small//wstate_n3/wstate_n3.qasm,/root/projects/QASMBench/small//ising_n10/ising_n10.qasm,/root/projects/QASMBench/small//error_correctiond3_n5/error_correctiond3_n5.qasm,/root/projects/QASMBench/small//teleportation_n3/teleportation_n3.qasm,/root/projects/QASMBench/small//variational_n4/variational_n4.qasm-FakeBrooklyn-4]
qcs/tst/qvm/integration/qvm_test.py::TestSelectMethods::test_select_methods[/root/projects/QASMBench/small//wstate_n3/wstate_n3.qasm,/root/projects/QASMBench/small//ising_n10/ising_n10.qasm,/root/projects/QASMBench/small//error_correctiond3_n5/error_correctiond3_n5.qasm,/root/projects/QASMBench/small//teleportation_n3/teleportation_n3.qasm,/root/projects/QASMBench/small//variational_n4/variational_n4.qasm-FakeBrooklyn-4]
qcs/tst/qvm/integration/qvm_test.py::TestSelectMethods::test_select_methods[/root/projects/QASMBench/small//wstate_n3/wstate_n3.qasm,/root/projects/QASMBench/small//ising_n10/ising_n10.qasm,/root/projects/QASMBench/small//error_correctiond3_n5/error_correctiond3_n5.qasm,/root/projects/QASMBench/small//teleportation_n3/teleportation_n3.qasm,/root/projects/QASMBench/small//variational_n4/variational_n4.qasm-FakeBrooklyn-4]
qcs/tst/qvm/integration/qvm_test.py::TestSelectMethods::test_select_methods[/root/projects/QASMBench/small//wstate_n3/wstate_n3.qasm,/root/projects/QASMBench/small//ising_n10/ising_n10.qasm,/root/projects/QASMBench/small//error_correctiond3_n5/error_correctiond3_n5.qasm,/root/projects/QASMBench/small//teleportation_n3/teleportation_n3.qasm,/root/projects/QASMBench/small//variational_n4/variational_n4.qasm-FakeBrooklyn-4]
  /root/anaconda3/envs/qcs-noise/lib/python3.10/site-packages/qiskit/providers/fake_provider/fake_backend.py:462: PendingDeprecationWarning: "warnings" argument will be deprecated as part of the qiskit-aer 0.12.0 and subsequently removed
    noise_model = NoiseModel.from_backend(self, warnings=False)

qcs/tst/qvm/integration/qvm_test.py::TestSelectMethods::test_select_methods[/root/projects/QASMBench/small//wstate_n3/wstate_n3.qasm,/root/projects/QASMBench/small//ising_n10/ising_n10.qasm,/root/projects/QASMBench/small//error_correctiond3_n5/error_correctiond3_n5.qasm,/root/projects/QASMBench/small//teleportation_n3/teleportation_n3.qasm,/root/projects/QASMBench/small//variational_n4/variational_n4.qasm-FakeBrooklyn-4]
qcs/tst/qvm/integration/qvm_test.py::TestSelectMethods::test_select_methods[/root/projects/QASMBench/small//wstate_n3/wstate_n3.qasm,/root/projects/QASMBench/small//ising_n10/ising_n10.qasm,/root/projects/QASMBench/small//error_correctiond3_n5/error_correctiond3_n5.qasm,/root/projects/QASMBench/small//teleportation_n3/teleportation_n3.qasm,/root/projects/QASMBench/small//variational_n4/variational_n4.qasm-FakeBrooklyn-4]
qcs/tst/qvm/integration/qvm_test.py::TestSelectMethods::test_select_methods[/root/projects/QASMBench/small//wstate_n3/wstate_n3.qasm,/root/projects/QASMBench/small//ising_n10/ising_n10.qasm,/root/projects/QASMBench/small//error_correctiond3_n5/error_correctiond3_n5.qasm,/root/projects/QASMBench/small//teleportation_n3/teleportation_n3.qasm,/root/projects/QASMBench/small//variational_n4/variational_n4.qasm-FakeBrooklyn-4]
qcs/tst/qvm/integration/qvm_test.py::TestSelectMethods::test_select_methods[/root/projects/QASMBench/small//wstate_n3/wstate_n3.qasm,/root/projects/QASMBench/small//ising_n10/ising_n10.qasm,/root/projects/QASMBench/small//error_correctiond3_n5/error_correctiond3_n5.qasm,/root/projects/QASMBench/small//teleportation_n3/teleportation_n3.qasm,/root/projects/QASMBench/small//variational_n4/variational_n4.qasm-FakeBrooklyn-4]
qcs/tst/qvm/integration/qvm_test.py::TestSelectMethods::test_select_methods[/root/projects/QASMBench/small//wstate_n3/wstate_n3.qasm,/root/projects/QASMBench/small//ising_n10/ising_n10.qasm,/root/projects/QASMBench/small//error_correctiond3_n5/error_correctiond3_n5.qasm,/root/projects/QASMBench/small//teleportation_n3/teleportation_n3.qasm,/root/projects/QASMBench/small//variational_n4/variational_n4.qasm-FakeBrooklyn-4]
qcs/tst/qvm/integration/qvm_test.py::TestSelectMethods::test_select_methods[/root/projects/QASMBench/small//wstate_n3/wstate_n3.qasm,/root/projects/QASMBench/small//ising_n10/ising_n10.qasm,/root/projects/QASMBench/small//error_correctiond3_n5/error_correctiond3_n5.qasm,/root/projects/QASMBench/small//teleportation_n3/teleportation_n3.qasm,/root/projects/QASMBench/small//variational_n4/variational_n4.qasm-FakeBrooklyn-4]
  /root/anaconda3/envs/qcs-noise/lib/python3.10/site-packages/qiskit_aer/noise/device/models.py:365: UserWarning: Device model returned an invalid T_2 relaxation time greater than the theoretical maximum value 2 * T_1 (96966.20180926041 > 2 * 40591.82230473617). Truncating to maximum value.
    warn("Device model returned an invalid T_2 relaxation time greater than"

qcs/tst/qvm/integration/qvm_test.py::TestSelectMethods::test_select_methods[/root/projects/QASMBench/small//wstate_n3/wstate_n3.qasm,/root/projects/QASMBench/small//ising_n10/ising_n10.qasm,/root/projects/QASMBench/small//error_correctiond3_n5/error_correctiond3_n5.qasm,/root/projects/QASMBench/small//teleportation_n3/teleportation_n3.qasm,/root/projects/QASMBench/small//variational_n4/variational_n4.qasm-FakeBrooklyn-4]
  /root/anaconda3/envs/qcs-noise/lib/python3.10/site-packages/qiskit_aer/noise/device/models.py:365: UserWarning: Device model returned an invalid T_2 relaxation time greater than the theoretical maximum value 2 * T_1 (9.696620180926042e-05 > 2 * 4.059182230473617e-05). Truncating to maximum value.
    warn("Device model returned an invalid T_2 relaxation time greater than"

-- Docs: https://docs.pytest.org/en/stable/how-to/capture-warnings.html
=========== 1 passed, 6 deselected, 12 warnings in 167.71s (0:02:47) ===========
Randomly selected files:
/root/projects/QASMBench/small//teleportation_n3/teleportation_n3.qasm,/root/projects/QASMBench/small//toffoli_n3/toffoli_n3.qasm,/root/projects/QASMBench/small//ising_n10/ising_n10.qasm,/root/projects/QASMBench/small//iswap_n2/iswap_n2.qasm,/root/projects/QASMBench/small//adder_n4/adder_n4.qasm
============================= test session starts ==============================
platform linux -- Python 3.10.6, pytest-7.2.0, pluggy-1.0.0
rootdir: /root/projects/qvm
plugins: anyio-3.6.2
collected 7 items / 6 deselected / 1 selected

tst/qvm/integration/qvm_test.py 
 === Testing ===

==== qasm_list ===

/root/projects/QASMBench/small//teleportation_n3/teleportation_n3.qasm,/root/projects/QASMBench/small//toffoli_n3/toffoli_n3.qasm,/root/projects/QASMBench/small//ising_n10/ising_n10.qasm,/root/projects/QASMBench/small//iswap_n2/iswap_n2.qasm,/root/projects/QASMBench/small//adder_n4/adder_n4.qasm
naive selection time	2.9087066650390625e-05
naive selection result	0.1615741407087115
brute_force selection time	0.16780900955200195
brute_force selection result	0.1551084036286996
.

=============================== warnings summary ===============================
qcs/tst/qvm/integration/qvm_test.py::TestSelectMethods::test_select_methods[/root/projects/QASMBench/small//teleportation_n3/teleportation_n3.qasm,/root/projects/QASMBench/small//toffoli_n3/toffoli_n3.qasm,/root/projects/QASMBench/small//ising_n10/ising_n10.qasm,/root/projects/QASMBench/small//iswap_n2/iswap_n2.qasm,/root/projects/QASMBench/small//adder_n4/adder_n4.qasm-FakeBrooklyn-4]
qcs/tst/qvm/integration/qvm_test.py::TestSelectMethods::test_select_methods[/root/projects/QASMBench/small//teleportation_n3/teleportation_n3.qasm,/root/projects/QASMBench/small//toffoli_n3/toffoli_n3.qasm,/root/projects/QASMBench/small//ising_n10/ising_n10.qasm,/root/projects/QASMBench/small//iswap_n2/iswap_n2.qasm,/root/projects/QASMBench/small//adder_n4/adder_n4.qasm-FakeBrooklyn-4]
qcs/tst/qvm/integration/qvm_test.py::TestSelectMethods::test_select_methods[/root/projects/QASMBench/small//teleportation_n3/teleportation_n3.qasm,/root/projects/QASMBench/small//toffoli_n3/toffoli_n3.qasm,/root/projects/QASMBench/small//ising_n10/ising_n10.qasm,/root/projects/QASMBench/small//iswap_n2/iswap_n2.qasm,/root/projects/QASMBench/small//adder_n4/adder_n4.qasm-FakeBrooklyn-4]
qcs/tst/qvm/integration/qvm_test.py::TestSelectMethods::test_select_methods[/root/projects/QASMBench/small//teleportation_n3/teleportation_n3.qasm,/root/projects/QASMBench/small//toffoli_n3/toffoli_n3.qasm,/root/projects/QASMBench/small//ising_n10/ising_n10.qasm,/root/projects/QASMBench/small//iswap_n2/iswap_n2.qasm,/root/projects/QASMBench/small//adder_n4/adder_n4.qasm-FakeBrooklyn-4]
qcs/tst/qvm/integration/qvm_test.py::TestSelectMethods::test_select_methods[/root/projects/QASMBench/small//teleportation_n3/teleportation_n3.qasm,/root/projects/QASMBench/small//toffoli_n3/toffoli_n3.qasm,/root/projects/QASMBench/small//ising_n10/ising_n10.qasm,/root/projects/QASMBench/small//iswap_n2/iswap_n2.qasm,/root/projects/QASMBench/small//adder_n4/adder_n4.qasm-FakeBrooklyn-4]
qcs/tst/qvm/integration/qvm_test.py::TestSelectMethods::test_select_methods[/root/projects/QASMBench/small//teleportation_n3/teleportation_n3.qasm,/root/projects/QASMBench/small//toffoli_n3/toffoli_n3.qasm,/root/projects/QASMBench/small//ising_n10/ising_n10.qasm,/root/projects/QASMBench/small//iswap_n2/iswap_n2.qasm,/root/projects/QASMBench/small//adder_n4/adder_n4.qasm-FakeBrooklyn-4]
qcs/tst/qvm/integration/qvm_test.py::TestSelectMethods::test_select_methods[/root/projects/QASMBench/small//teleportation_n3/teleportation_n3.qasm,/root/projects/QASMBench/small//toffoli_n3/toffoli_n3.qasm,/root/projects/QASMBench/small//ising_n10/ising_n10.qasm,/root/projects/QASMBench/small//iswap_n2/iswap_n2.qasm,/root/projects/QASMBench/small//adder_n4/adder_n4.qasm-FakeBrooklyn-4]
  /root/anaconda3/envs/qcs-noise/lib/python3.10/site-packages/qiskit/providers/fake_provider/fake_backend.py:462: PendingDeprecationWarning: "warnings" argument will be deprecated as part of the qiskit-aer 0.12.0 and subsequently removed
    noise_model = NoiseModel.from_backend(self, warnings=False)

qcs/tst/qvm/integration/qvm_test.py: 12 warnings
  /root/anaconda3/envs/qcs-noise/lib/python3.10/site-packages/qiskit_aer/noise/device/models.py:365: UserWarning: Device model returned an invalid T_2 relaxation time greater than the theoretical maximum value 2 * T_1 (96966.20180926041 > 2 * 40591.82230473617). Truncating to maximum value.
    warn("Device model returned an invalid T_2 relaxation time greater than"

qcs/tst/qvm/integration/qvm_test.py::TestSelectMethods::test_select_methods[/root/projects/QASMBench/small//teleportation_n3/teleportation_n3.qasm,/root/projects/QASMBench/small//toffoli_n3/toffoli_n3.qasm,/root/projects/QASMBench/small//ising_n10/ising_n10.qasm,/root/projects/QASMBench/small//iswap_n2/iswap_n2.qasm,/root/projects/QASMBench/small//adder_n4/adder_n4.qasm-FakeBrooklyn-4]
qcs/tst/qvm/integration/qvm_test.py::TestSelectMethods::test_select_methods[/root/projects/QASMBench/small//teleportation_n3/teleportation_n3.qasm,/root/projects/QASMBench/small//toffoli_n3/toffoli_n3.qasm,/root/projects/QASMBench/small//ising_n10/ising_n10.qasm,/root/projects/QASMBench/small//iswap_n2/iswap_n2.qasm,/root/projects/QASMBench/small//adder_n4/adder_n4.qasm-FakeBrooklyn-4]
  /root/anaconda3/envs/qcs-noise/lib/python3.10/site-packages/qiskit_aer/noise/device/models.py:365: UserWarning: Device model returned an invalid T_2 relaxation time greater than the theoretical maximum value 2 * T_1 (9.696620180926042e-05 > 2 * 4.059182230473617e-05). Truncating to maximum value.
    warn("Device model returned an invalid T_2 relaxation time greater than"

-- Docs: https://docs.pytest.org/en/stable/how-to/capture-warnings.html
=========== 1 passed, 6 deselected, 21 warnings in 173.49s (0:02:53) ===========
Randomly selected files:
/root/projects/QASMBench/small//qpe_n9/qpe_n9.qasm,/root/projects/QASMBench/small//hhl_n7/hhl_n7.qasm,/root/projects/QASMBench/small//dnn_n2/dnn_n2.qasm,/root/projects/QASMBench/small//variational_n4/variational_n4.qasm,/root/projects/QASMBench/small//cat_state_n4/cat_state_n4.qasm
============================= test session starts ==============================
platform linux -- Python 3.10.6, pytest-7.2.0, pluggy-1.0.0
rootdir: /root/projects/qvm
plugins: anyio-3.6.2
collected 7 items / 6 deselected / 1 selected

tst/qvm/integration/qvm_test.py 
 === Testing ===

==== qasm_list ===

/root/projects/QASMBench/small//qpe_n9/qpe_n9.qasm,/root/projects/QASMBench/small//hhl_n7/hhl_n7.qasm,/root/projects/QASMBench/small//dnn_n2/dnn_n2.qasm,/root/projects/QASMBench/small//variational_n4/variational_n4.qasm,/root/projects/QASMBench/small//cat_state_n4/cat_state_n4.qasm
naive selection time	2.2411346435546875e-05
naive selection result	0.669926785168852
brute_force selection time	0.04829907417297363
brute_force selection result	0.6711766729196371
.

=============================== warnings summary ===============================
qcs/tst/qvm/integration/qvm_test.py::TestSelectMethods::test_select_methods[/root/projects/QASMBench/small//qpe_n9/qpe_n9.qasm,/root/projects/QASMBench/small//hhl_n7/hhl_n7.qasm,/root/projects/QASMBench/small//dnn_n2/dnn_n2.qasm,/root/projects/QASMBench/small//variational_n4/variational_n4.qasm,/root/projects/QASMBench/small//cat_state_n4/cat_state_n4.qasm-FakeBrooklyn-4]
qcs/tst/qvm/integration/qvm_test.py::TestSelectMethods::test_select_methods[/root/projects/QASMBench/small//qpe_n9/qpe_n9.qasm,/root/projects/QASMBench/small//hhl_n7/hhl_n7.qasm,/root/projects/QASMBench/small//dnn_n2/dnn_n2.qasm,/root/projects/QASMBench/small//variational_n4/variational_n4.qasm,/root/projects/QASMBench/small//cat_state_n4/cat_state_n4.qasm-FakeBrooklyn-4]
qcs/tst/qvm/integration/qvm_test.py::TestSelectMethods::test_select_methods[/root/projects/QASMBench/small//qpe_n9/qpe_n9.qasm,/root/projects/QASMBench/small//hhl_n7/hhl_n7.qasm,/root/projects/QASMBench/small//dnn_n2/dnn_n2.qasm,/root/projects/QASMBench/small//variational_n4/variational_n4.qasm,/root/projects/QASMBench/small//cat_state_n4/cat_state_n4.qasm-FakeBrooklyn-4]
qcs/tst/qvm/integration/qvm_test.py::TestSelectMethods::test_select_methods[/root/projects/QASMBench/small//qpe_n9/qpe_n9.qasm,/root/projects/QASMBench/small//hhl_n7/hhl_n7.qasm,/root/projects/QASMBench/small//dnn_n2/dnn_n2.qasm,/root/projects/QASMBench/small//variational_n4/variational_n4.qasm,/root/projects/QASMBench/small//cat_state_n4/cat_state_n4.qasm-FakeBrooklyn-4]
qcs/tst/qvm/integration/qvm_test.py::TestSelectMethods::test_select_methods[/root/projects/QASMBench/small//qpe_n9/qpe_n9.qasm,/root/projects/QASMBench/small//hhl_n7/hhl_n7.qasm,/root/projects/QASMBench/small//dnn_n2/dnn_n2.qasm,/root/projects/QASMBench/small//variational_n4/variational_n4.qasm,/root/projects/QASMBench/small//cat_state_n4/cat_state_n4.qasm-FakeBrooklyn-4]
qcs/tst/qvm/integration/qvm_test.py::TestSelectMethods::test_select_methods[/root/projects/QASMBench/small//qpe_n9/qpe_n9.qasm,/root/projects/QASMBench/small//hhl_n7/hhl_n7.qasm,/root/projects/QASMBench/small//dnn_n2/dnn_n2.qasm,/root/projects/QASMBench/small//variational_n4/variational_n4.qasm,/root/projects/QASMBench/small//cat_state_n4/cat_state_n4.qasm-FakeBrooklyn-4]
qcs/tst/qvm/integration/qvm_test.py::TestSelectMethods::test_select_methods[/root/projects/QASMBench/small//qpe_n9/qpe_n9.qasm,/root/projects/QASMBench/small//hhl_n7/hhl_n7.qasm,/root/projects/QASMBench/small//dnn_n2/dnn_n2.qasm,/root/projects/QASMBench/small//variational_n4/variational_n4.qasm,/root/projects/QASMBench/small//cat_state_n4/cat_state_n4.qasm-FakeBrooklyn-4]
qcs/tst/qvm/integration/qvm_test.py::TestSelectMethods::test_select_methods[/root/projects/QASMBench/small//qpe_n9/qpe_n9.qasm,/root/projects/QASMBench/small//hhl_n7/hhl_n7.qasm,/root/projects/QASMBench/small//dnn_n2/dnn_n2.qasm,/root/projects/QASMBench/small//variational_n4/variational_n4.qasm,/root/projects/QASMBench/small//cat_state_n4/cat_state_n4.qasm-FakeBrooklyn-4]
  /root/anaconda3/envs/qcs-noise/lib/python3.10/site-packages/qiskit/providers/fake_provider/fake_backend.py:462: PendingDeprecationWarning: "warnings" argument will be deprecated as part of the qiskit-aer 0.12.0 and subsequently removed
    noise_model = NoiseModel.from_backend(self, warnings=False)

qcs/tst/qvm/integration/qvm_test.py: 12 warnings
  /root/anaconda3/envs/qcs-noise/lib/python3.10/site-packages/qiskit_aer/noise/device/models.py:365: UserWarning: Device model returned an invalid T_2 relaxation time greater than the theoretical maximum value 2 * T_1 (96966.20180926041 > 2 * 40591.82230473617). Truncating to maximum value.
    warn("Device model returned an invalid T_2 relaxation time greater than"

qcs/tst/qvm/integration/qvm_test.py::TestSelectMethods::test_select_methods[/root/projects/QASMBench/small//qpe_n9/qpe_n9.qasm,/root/projects/QASMBench/small//hhl_n7/hhl_n7.qasm,/root/projects/QASMBench/small//dnn_n2/dnn_n2.qasm,/root/projects/QASMBench/small//variational_n4/variational_n4.qasm,/root/projects/QASMBench/small//cat_state_n4/cat_state_n4.qasm-FakeBrooklyn-4]
qcs/tst/qvm/integration/qvm_test.py::TestSelectMethods::test_select_methods[/root/projects/QASMBench/small//qpe_n9/qpe_n9.qasm,/root/projects/QASMBench/small//hhl_n7/hhl_n7.qasm,/root/projects/QASMBench/small//dnn_n2/dnn_n2.qasm,/root/projects/QASMBench/small//variational_n4/variational_n4.qasm,/root/projects/QASMBench/small//cat_state_n4/cat_state_n4.qasm-FakeBrooklyn-4]
  /root/anaconda3/envs/qcs-noise/lib/python3.10/site-packages/qiskit_aer/noise/device/models.py:365: UserWarning: Device model returned an invalid T_2 relaxation time greater than the theoretical maximum value 2 * T_1 (9.696620180926042e-05 > 2 * 4.059182230473617e-05). Truncating to maximum value.
    warn("Device model returned an invalid T_2 relaxation time greater than"

-- Docs: https://docs.pytest.org/en/stable/how-to/capture-warnings.html
=========== 1 passed, 6 deselected, 22 warnings in 169.73s (0:02:49) ===========
Randomly selected files:
/root/projects/QASMBench/small//teleportation_n3/teleportation_n3.qasm,/root/projects/QASMBench/small//wstate_n3/wstate_n3.qasm,/root/projects/QASMBench/small//variational_n4/variational_n4.qasm,/root/projects/QASMBench/small//dnn_n8/dnn_n8.qasm,/root/projects/QASMBench/small//fredkin_n3/fredkin_n3.qasm
============================= test session starts ==============================
platform linux -- Python 3.10.6, pytest-7.2.0, pluggy-1.0.0
rootdir: /root/projects/qvm
plugins: anyio-3.6.2
collected 7 items / 6 deselected / 1 selected

tst/qvm/integration/qvm_test.py 
 === Testing ===

==== qasm_list ===

/root/projects/QASMBench/small//teleportation_n3/teleportation_n3.qasm,/root/projects/QASMBench/small//wstate_n3/wstate_n3.qasm,/root/projects/QASMBench/small//variational_n4/variational_n4.qasm,/root/projects/QASMBench/small//dnn_n8/dnn_n8.qasm,/root/projects/QASMBench/small//fredkin_n3/fredkin_n3.qasm
naive selection time	2.9087066650390625e-05
naive selection result	0.25333816888769917
brute_force selection time	0.46503305435180664
brute_force selection result	0.26859518995281967
.

=============================== warnings summary ===============================
qcs/tst/qvm/integration/qvm_test.py::TestSelectMethods::test_select_methods[/root/projects/QASMBench/small//teleportation_n3/teleportation_n3.qasm,/root/projects/QASMBench/small//wstate_n3/wstate_n3.qasm,/root/projects/QASMBench/small//variational_n4/variational_n4.qasm,/root/projects/QASMBench/small//dnn_n8/dnn_n8.qasm,/root/projects/QASMBench/small//fredkin_n3/fredkin_n3.qasm-FakeBrooklyn-4]
qcs/tst/qvm/integration/qvm_test.py::TestSelectMethods::test_select_methods[/root/projects/QASMBench/small//teleportation_n3/teleportation_n3.qasm,/root/projects/QASMBench/small//wstate_n3/wstate_n3.qasm,/root/projects/QASMBench/small//variational_n4/variational_n4.qasm,/root/projects/QASMBench/small//dnn_n8/dnn_n8.qasm,/root/projects/QASMBench/small//fredkin_n3/fredkin_n3.qasm-FakeBrooklyn-4]
qcs/tst/qvm/integration/qvm_test.py::TestSelectMethods::test_select_methods[/root/projects/QASMBench/small//teleportation_n3/teleportation_n3.qasm,/root/projects/QASMBench/small//wstate_n3/wstate_n3.qasm,/root/projects/QASMBench/small//variational_n4/variational_n4.qasm,/root/projects/QASMBench/small//dnn_n8/dnn_n8.qasm,/root/projects/QASMBench/small//fredkin_n3/fredkin_n3.qasm-FakeBrooklyn-4]
qcs/tst/qvm/integration/qvm_test.py::TestSelectMethods::test_select_methods[/root/projects/QASMBench/small//teleportation_n3/teleportation_n3.qasm,/root/projects/QASMBench/small//wstate_n3/wstate_n3.qasm,/root/projects/QASMBench/small//variational_n4/variational_n4.qasm,/root/projects/QASMBench/small//dnn_n8/dnn_n8.qasm,/root/projects/QASMBench/small//fredkin_n3/fredkin_n3.qasm-FakeBrooklyn-4]
qcs/tst/qvm/integration/qvm_test.py::TestSelectMethods::test_select_methods[/root/projects/QASMBench/small//teleportation_n3/teleportation_n3.qasm,/root/projects/QASMBench/small//wstate_n3/wstate_n3.qasm,/root/projects/QASMBench/small//variational_n4/variational_n4.qasm,/root/projects/QASMBench/small//dnn_n8/dnn_n8.qasm,/root/projects/QASMBench/small//fredkin_n3/fredkin_n3.qasm-FakeBrooklyn-4]
qcs/tst/qvm/integration/qvm_test.py::TestSelectMethods::test_select_methods[/root/projects/QASMBench/small//teleportation_n3/teleportation_n3.qasm,/root/projects/QASMBench/small//wstate_n3/wstate_n3.qasm,/root/projects/QASMBench/small//variational_n4/variational_n4.qasm,/root/projects/QASMBench/small//dnn_n8/dnn_n8.qasm,/root/projects/QASMBench/small//fredkin_n3/fredkin_n3.qasm-FakeBrooklyn-4]
qcs/tst/qvm/integration/qvm_test.py::TestSelectMethods::test_select_methods[/root/projects/QASMBench/small//teleportation_n3/teleportation_n3.qasm,/root/projects/QASMBench/small//wstate_n3/wstate_n3.qasm,/root/projects/QASMBench/small//variational_n4/variational_n4.qasm,/root/projects/QASMBench/small//dnn_n8/dnn_n8.qasm,/root/projects/QASMBench/small//fredkin_n3/fredkin_n3.qasm-FakeBrooklyn-4]
  /root/anaconda3/envs/qcs-noise/lib/python3.10/site-packages/qiskit/providers/fake_provider/fake_backend.py:462: PendingDeprecationWarning: "warnings" argument will be deprecated as part of the qiskit-aer 0.12.0 and subsequently removed
    noise_model = NoiseModel.from_backend(self, warnings=False)

qcs/tst/qvm/integration/qvm_test.py::TestSelectMethods::test_select_methods[/root/projects/QASMBench/small//teleportation_n3/teleportation_n3.qasm,/root/projects/QASMBench/small//wstate_n3/wstate_n3.qasm,/root/projects/QASMBench/small//variational_n4/variational_n4.qasm,/root/projects/QASMBench/small//dnn_n8/dnn_n8.qasm,/root/projects/QASMBench/small//fredkin_n3/fredkin_n3.qasm-FakeBrooklyn-4]
qcs/tst/qvm/integration/qvm_test.py::TestSelectMethods::test_select_methods[/root/projects/QASMBench/small//teleportation_n3/teleportation_n3.qasm,/root/projects/QASMBench/small//wstate_n3/wstate_n3.qasm,/root/projects/QASMBench/small//variational_n4/variational_n4.qasm,/root/projects/QASMBench/small//dnn_n8/dnn_n8.qasm,/root/projects/QASMBench/small//fredkin_n3/fredkin_n3.qasm-FakeBrooklyn-4]
qcs/tst/qvm/integration/qvm_test.py::TestSelectMethods::test_select_methods[/root/projects/QASMBench/small//teleportation_n3/teleportation_n3.qasm,/root/projects/QASMBench/small//wstate_n3/wstate_n3.qasm,/root/projects/QASMBench/small//variational_n4/variational_n4.qasm,/root/projects/QASMBench/small//dnn_n8/dnn_n8.qasm,/root/projects/QASMBench/small//fredkin_n3/fredkin_n3.qasm-FakeBrooklyn-4]
qcs/tst/qvm/integration/qvm_test.py::TestSelectMethods::test_select_methods[/root/projects/QASMBench/small//teleportation_n3/teleportation_n3.qasm,/root/projects/QASMBench/small//wstate_n3/wstate_n3.qasm,/root/projects/QASMBench/small//variational_n4/variational_n4.qasm,/root/projects/QASMBench/small//dnn_n8/dnn_n8.qasm,/root/projects/QASMBench/small//fredkin_n3/fredkin_n3.qasm-FakeBrooklyn-4]
qcs/tst/qvm/integration/qvm_test.py::TestSelectMethods::test_select_methods[/root/projects/QASMBench/small//teleportation_n3/teleportation_n3.qasm,/root/projects/QASMBench/small//wstate_n3/wstate_n3.qasm,/root/projects/QASMBench/small//variational_n4/variational_n4.qasm,/root/projects/QASMBench/small//dnn_n8/dnn_n8.qasm,/root/projects/QASMBench/small//fredkin_n3/fredkin_n3.qasm-FakeBrooklyn-4]
qcs/tst/qvm/integration/qvm_test.py::TestSelectMethods::test_select_methods[/root/projects/QASMBench/small//teleportation_n3/teleportation_n3.qasm,/root/projects/QASMBench/small//wstate_n3/wstate_n3.qasm,/root/projects/QASMBench/small//variational_n4/variational_n4.qasm,/root/projects/QASMBench/small//dnn_n8/dnn_n8.qasm,/root/projects/QASMBench/small//fredkin_n3/fredkin_n3.qasm-FakeBrooklyn-4]
  /root/anaconda3/envs/qcs-noise/lib/python3.10/site-packages/qiskit_aer/noise/device/models.py:365: UserWarning: Device model returned an invalid T_2 relaxation time greater than the theoretical maximum value 2 * T_1 (96966.20180926041 > 2 * 40591.82230473617). Truncating to maximum value.
    warn("Device model returned an invalid T_2 relaxation time greater than"

qcs/tst/qvm/integration/qvm_test.py::TestSelectMethods::test_select_methods[/root/projects/QASMBench/small//teleportation_n3/teleportation_n3.qasm,/root/projects/QASMBench/small//wstate_n3/wstate_n3.qasm,/root/projects/QASMBench/small//variational_n4/variational_n4.qasm,/root/projects/QASMBench/small//dnn_n8/dnn_n8.qasm,/root/projects/QASMBench/small//fredkin_n3/fredkin_n3.qasm-FakeBrooklyn-4]
  /root/anaconda3/envs/qcs-noise/lib/python3.10/site-packages/qiskit_aer/noise/device/models.py:365: UserWarning: Device model returned an invalid T_2 relaxation time greater than the theoretical maximum value 2 * T_1 (9.696620180926042e-05 > 2 * 4.059182230473617e-05). Truncating to maximum value.
    warn("Device model returned an invalid T_2 relaxation time greater than"

-- Docs: https://docs.pytest.org/en/stable/how-to/capture-warnings.html
=========== 1 passed, 6 deselected, 14 warnings in 187.72s (0:03:07) ===========
Randomly selected files:
/root/projects/QASMBench/small//linearsolver_n3/linearsolver_n3.qasm,/root/projects/QASMBench/small//shor_n5/shor_n5.qasm,/root/projects/QASMBench/small//pea_n5/pea_n5.qasm,/root/projects/QASMBench/small//bell_n4/bell_n4.qasm,/root/projects/QASMBench/small//lpn_n5/lpn_n5.qasm
============================= test session starts ==============================
platform linux -- Python 3.10.6, pytest-7.2.0, pluggy-1.0.0
rootdir: /root/projects/qvm
plugins: anyio-3.6.2
collected 7 items / 6 deselected / 1 selected

tst/qvm/integration/qvm_test.py 
 === Testing ===

==== qasm_list ===

/root/projects/QASMBench/small//linearsolver_n3/linearsolver_n3.qasm,/root/projects/QASMBench/small//shor_n5/shor_n5.qasm,/root/projects/QASMBench/small//pea_n5/pea_n5.qasm,/root/projects/QASMBench/small//bell_n4/bell_n4.qasm,/root/projects/QASMBench/small//lpn_n5/lpn_n5.qasm
naive selection time	3.886222839355469e-05
F

=================================== FAILURES ===================================
_ TestSelectMethods.test_select_methods[/root/projects/QASMBench/small//linearsolver_n3/linearsolver_n3.qasm,/root/projects/QASMBench/small//shor_n5/shor_n5.qasm,/root/projects/QASMBench/small//pea_n5/pea_n5.qasm,/root/projects/QASMBench/small//bell_n4/bell_n4.qasm,/root/projects/QASMBench/small//lpn_n5/lpn_n5.qasm-FakeBrooklyn-4] _

self = <qvm_test.TestSelectMethods object at 0x7f6b44c29300>
qasm = '/root/projects/QASMBench/small//linearsolver_n3/linearsolver_n3.qasm,/root/projects/QASMBench/small//shor_n5/shor_n5....n5/pea_n5.qasm,/root/projects/QASMBench/small//bell_n4/bell_n4.qasm,/root/projects/QASMBench/small//lpn_n5/lpn_n5.qasm'
backend = 'FakeBrooklyn', cu_size = '4'

    def test_select_methods(self, qasm, backend, cu_size):
        """
        Args:
            bench: List of qasm file paths
            backend: Backend name
        """
        self._backend = globals().get(backend)()
        back_manager = FrpBackendManagerV2(self._backend)
        back_manager.cu_size = int(cu_size)
        back_manager.init_helpers()
        back_manager.init_cus()
        proc_manager = QvmProcessManagerV2(self._backend)
    
        qasm_list = qasm.split(",")
        circuit_list = [
            self.get_qiskit_circ("qasm", qasm_path=qasm_path) for qasm_path in qasm_list
        ]
        process_list = [back_manager.compile(circ) for circ in circuit_list]
    
        print("\n === Testing ===")
        print("\n==== qasm_list ===\n")
        print(qasm)
    
        # Naive
        st_time = time.time()
        executables = proc_manager._select_naive(process_list)
        print(f"naive selection time\t{time.time() - st_time}")
>       fid = self.get_fidelity(circuit_list, executables)

tst/qvm/integration/qvm_test.py:197: 
_ _ _ _ _ _ _ _ _ _ _ _ _ _ _ _ _ _ _ _ _ _ _ _ _ _ _ _ _ _ _ _ _ _ _ _ _ _ _ _ 
tst/qvm/integration/qvm_test.py:166: in get_fidelity
    fid = fid_calculator.calc_fidelity(circ, results[i], shots=shots)
../qvm/util/circuit.py:247: in calc_fidelity
    pv_noise, _ = counts_to_vector(counts, num_qubits)
_ _ _ _ _ _ _ _ _ _ _ _ _ _ _ _ _ _ _ _ _ _ _ _ _ _ _ _ _ _ _ _ _ _ _ _ _ _ _ _ 

counts = {'1 1 1 1': 23310, '0 1 1 0': 29382, '1 0 0 0': 104387, '1 1 0 0': 28091, '1 0 0 1': 27715, '0 1 0 1': 107621, '1 1 1 ...': 114704, '1 0 1 1': 97659, '0 1 1 1': 100631, '0 0 1 1': 29809, '0 1 0 0': 27050, '1 1 0 1': 98189, '0 0 0 1': 26694}
num_qubits = 4

    def counts_to_vector(counts: Counts, num_qubits: int) -> Tuple[np.ndarray, int]:
        """Transforms Counts to a probability vector"""
        vec = np.zeros(2**num_qubits, dtype=float)
        shots = 0
        for key, val in counts.items():
            shots += val
>           vec[int(key, 2)] = val
E           ValueError: invalid literal for int() with base 2: '1 1 1 1'

/root/anaconda3/envs/qcs-noise/lib/python3.10/site-packages/qiskit/result/mitigation/utils.py:93: ValueError
------------------------------ Captured log call -------------------------------
WARNING  root:graph.py:571 Failed to grow a subgraph from root: 26, current visited status: {0, 1, 3, 4, 5, 6, 8, 10, 12, 13, 18, 19, 20, 21, 22, 23, 25, 26, 34, 35, 36, 37, 42, 43, 44, 45, 49, 50, 51, 54}, error message is 'Cannot grow a graph that satisfy the subgraph size from current root: 26'
WARNING  root:graph.py:571 Failed to grow a subgraph from root: 40, current visited status: {0, 1, 3, 4, 5, 6, 8, 10, 12, 13, 18, 19, 20, 21, 22, 25, 26, 34, 35, 36, 37, 40, 42, 43, 44, 45, 49, 50, 51, 54}, error message is 'Cannot grow a graph that satisfy the subgraph size from current root: 40'
WARNING  root:graph.py:571 Failed to grow a subgraph from root: 9, current visited status: {0, 1, 3, 4, 5, 6, 8, 9, 10, 12, 13, 18, 19, 20, 21, 22, 25, 26, 27, 28, 30, 31, 32, 34, 35, 36, 37, 38, 39, 40, 41, 42, 43, 44, 45, 49, 50, 51, 52, 54, 55, 56, 57}, error message is 'Cannot grow a graph that satisfy the subgraph size from current root: 9'
WARNING  root:graph.py:571 Failed to grow a subgraph from root: 7, current visited status: {0, 1, 3, 4, 5, 6, 7, 8, 9, 10, 12, 13, 14, 15, 18, 19, 20, 21, 22, 24, 25, 26, 27, 28, 29, 30, 31, 32, 34, 35, 36, 37, 38, 39, 40, 41, 42, 43, 44, 45, 46, 47, 48, 49, 50, 51, 52, 53, 54, 55, 56, 57, 58, 59, 60, 61}, error message is 'Cannot grow a graph that satisfy the subgraph size from current root: 7'
WARNING  root:graph.py:571 Failed to grow a subgraph from root: 62, current visited status: {0, 1, 3, 4, 5, 6, 7, 8, 9, 10, 12, 13, 14, 15, 18, 19, 20, 21, 22, 24, 25, 26, 27, 28, 29, 30, 31, 32, 34, 35, 36, 37, 38, 39, 40, 41, 42, 43, 44, 45, 46, 47, 48, 49, 50, 51, 52, 53, 54, 55, 56, 57, 58, 59, 60, 61, 62, 63, 64}, error message is 'Cannot grow a graph that satisfy the subgraph size from current root: 62'
WARNING  root:graph.py:571 Failed to grow a subgraph from root: 16, current visited status: {0, 1, 3, 4, 5, 6, 7, 8, 9, 10, 11, 12, 13, 14, 15, 16, 17, 18, 19, 20, 21, 22, 24, 25, 26, 27, 28, 29, 30, 31, 32, 34, 35, 36, 37, 38, 39, 40, 41, 42, 43, 44, 45, 46, 47, 48, 49, 50, 51, 52, 53, 54, 55, 56, 57, 58, 59, 60, 61, 62}, error message is 'Cannot grow a graph that satisfy the subgraph size from current root: 16'
WARNING  root:graph.py:571 Failed to grow a subgraph from root: 23, current visited status: {0, 1, 3, 4, 5, 6, 7, 8, 9, 10, 12, 13, 14, 15, 16, 18, 19, 20, 21, 22, 23, 24, 25, 26, 27, 28, 29, 30, 31, 32, 34, 35, 36, 37, 38, 39, 40, 41, 42, 43, 44, 45, 46, 47, 48, 49, 50, 51, 52, 53, 54, 55, 56, 57, 58, 59, 60, 61, 62}, error message is 'Cannot grow a graph that satisfy the subgraph size from current root: 23'
WARNING  root:graph.py:571 Failed to grow a subgraph from root: 17, current visited status: {0, 1, 3, 4, 5, 6, 7, 8, 9, 10, 11, 12, 13, 14, 15, 16, 17, 18, 19, 20, 21, 22, 23, 24, 25, 26, 27, 28, 29, 30, 31, 32, 34, 35, 36, 37, 38, 39, 40, 41, 42, 43, 44, 45, 46, 47, 48, 49, 50, 51, 52, 53, 54, 55, 56, 57, 58, 59, 60, 61, 62}, error message is 'Cannot grow a graph that satisfy the subgraph size from current root: 17'
WARNING  root:graph.py:571 Failed to grow a subgraph from root: 63, current visited status: {0, 1, 3, 4, 5, 6, 7, 8, 9, 10, 12, 13, 14, 15, 16, 17, 18, 19, 20, 21, 22, 23, 24, 25, 26, 27, 28, 29, 30, 31, 32, 34, 35, 36, 37, 38, 39, 40, 41, 42, 43, 44, 45, 46, 47, 48, 49, 50, 51, 52, 53, 54, 55, 56, 57, 58, 59, 60, 61, 62, 63, 64}, error message is 'Cannot grow a graph that satisfy the subgraph size from current root: 63'
WARNING  root:graph.py:571 Failed to grow a subgraph from root: 64, current visited status: {0, 1, 3, 4, 5, 6, 7, 8, 9, 10, 12, 13, 14, 15, 16, 17, 18, 19, 20, 21, 22, 23, 24, 25, 26, 27, 28, 29, 30, 31, 32, 34, 35, 36, 37, 38, 39, 40, 41, 42, 43, 44, 45, 46, 47, 48, 49, 50, 51, 52, 53, 54, 55, 56, 57, 58, 59, 60, 61, 62, 63, 64}, error message is 'Cannot grow a graph that satisfy the subgraph size from current root: 64'
WARNING  root:graph.py:571 Failed to grow a subgraph from root: 11, current visited status: {0, 1, 3, 4, 5, 6, 7, 8, 9, 10, 11, 12, 13, 14, 15, 16, 17, 18, 19, 20, 21, 22, 23, 24, 25, 26, 27, 28, 29, 30, 31, 32, 34, 35, 36, 37, 38, 39, 40, 41, 42, 43, 44, 45, 46, 47, 48, 49, 50, 51, 52, 53, 54, 55, 56, 57, 58, 59, 60, 61, 62, 63, 64}, error message is 'Cannot grow a graph that satisfy the subgraph size from current root: 11'
WARNING  root:graph.py:571 Failed to grow a subgraph from root: 33, current visited status: {0, 1, 3, 4, 5, 6, 7, 8, 9, 10, 11, 12, 13, 14, 15, 16, 17, 18, 19, 20, 21, 22, 23, 24, 25, 26, 27, 28, 29, 30, 31, 32, 33, 34, 35, 36, 37, 38, 39, 40, 41, 42, 43, 44, 45, 46, 47, 48, 49, 50, 51, 52, 53, 54, 55, 56, 57, 58, 59, 60, 61, 62, 63, 64}, error message is 'Cannot grow a graph that satisfy the subgraph size from current root: 33'
WARNING  root:graph.py:571 Failed to grow a subgraph from root: 2, current visited status: {0, 1, 2, 3, 4, 5, 6, 7, 8, 9, 10, 11, 12, 13, 14, 15, 16, 17, 18, 19, 20, 21, 22, 23, 24, 25, 26, 27, 28, 29, 30, 31, 32, 33, 34, 35, 36, 37, 38, 39, 40, 41, 42, 43, 44, 45, 46, 47, 48, 49, 50, 51, 52, 53, 54, 55, 56, 57, 58, 59, 60, 61, 62, 63, 64}, error message is 'Cannot grow a graph that satisfy the subgraph size from current root: 2'
WARNING  root:backend_manager.py:407 cannot compile on compute unit <qvm.model.compute_unit.ComputeUnit object at 0x7f6abda67d60>, error: 'Number of qubits (5) in circuit-90 is greater than maximum (4) in the coupling_map'
WARNING  root:backend_manager.py:407 cannot compile on compute unit <qvm.model.compute_unit.ComputeUnit object at 0x7f6ab73b7dc0>, error: 'Number of qubits (5) in circuit-90 is greater than maximum (4) in the coupling_map'
WARNING  root:backend_manager.py:407 cannot compile on compute unit <qvm.model.compute_unit.ComputeUnit object at 0x7f6ab5bdff70>, error: 'Number of qubits (5) in circuit-90 is greater than maximum (4) in the coupling_map'
WARNING  root:backend_manager.py:407 cannot compile on compute unit <qvm.model.compute_unit.ComputeUnit object at 0x7f6ab071c070>, error: 'Number of qubits (5) in circuit-122 is greater than maximum (4) in the coupling_map'
WARNING  root:backend_manager.py:407 cannot compile on compute unit <qvm.model.compute_unit.ComputeUnit object at 0x7f6aa702bdc0>, error: 'Number of qubits (5) in circuit-122 is greater than maximum (4) in the coupling_map'
WARNING  root:backend_manager.py:407 cannot compile on compute unit <qvm.model.compute_unit.ComputeUnit object at 0x7f6aa4d73fd0>, error: 'Number of qubits (5) in circuit-122 is greater than maximum (4) in the coupling_map'
WARNING  root:backend_manager.py:407 cannot compile on compute unit <qvm.model.compute_unit.ComputeUnit object at 0x7f6a73847f70>, error: 'Number of qubits (5) in circuit-126 is greater than maximum (4) in the coupling_map'
WARNING  root:backend_manager.py:407 cannot compile on compute unit <qvm.model.compute_unit.ComputeUnit object at 0x7f6a6d0e7d90>, error: 'Number of qubits (5) in circuit-126 is greater than maximum (4) in the coupling_map'
WARNING  root:backend_manager.py:407 cannot compile on compute unit <qvm.model.compute_unit.ComputeUnit object at 0x7f6a6aa03dc0>, error: 'Number of qubits (5) in circuit-126 is greater than maximum (4) in the coupling_map'
=============================== warnings summary ===============================
qcs/tst/qvm/integration/qvm_test.py::TestSelectMethods::test_select_methods[/root/projects/QASMBench/small//linearsolver_n3/linearsolver_n3.qasm,/root/projects/QASMBench/small//shor_n5/shor_n5.qasm,/root/projects/QASMBench/small//pea_n5/pea_n5.qasm,/root/projects/QASMBench/small//bell_n4/bell_n4.qasm,/root/projects/QASMBench/small//lpn_n5/lpn_n5.qasm-FakeBrooklyn-4]
qcs/tst/qvm/integration/qvm_test.py::TestSelectMethods::test_select_methods[/root/projects/QASMBench/small//linearsolver_n3/linearsolver_n3.qasm,/root/projects/QASMBench/small//shor_n5/shor_n5.qasm,/root/projects/QASMBench/small//pea_n5/pea_n5.qasm,/root/projects/QASMBench/small//bell_n4/bell_n4.qasm,/root/projects/QASMBench/small//lpn_n5/lpn_n5.qasm-FakeBrooklyn-4]
qcs/tst/qvm/integration/qvm_test.py::TestSelectMethods::test_select_methods[/root/projects/QASMBench/small//linearsolver_n3/linearsolver_n3.qasm,/root/projects/QASMBench/small//shor_n5/shor_n5.qasm,/root/projects/QASMBench/small//pea_n5/pea_n5.qasm,/root/projects/QASMBench/small//bell_n4/bell_n4.qasm,/root/projects/QASMBench/small//lpn_n5/lpn_n5.qasm-FakeBrooklyn-4]
qcs/tst/qvm/integration/qvm_test.py::TestSelectMethods::test_select_methods[/root/projects/QASMBench/small//linearsolver_n3/linearsolver_n3.qasm,/root/projects/QASMBench/small//shor_n5/shor_n5.qasm,/root/projects/QASMBench/small//pea_n5/pea_n5.qasm,/root/projects/QASMBench/small//bell_n4/bell_n4.qasm,/root/projects/QASMBench/small//lpn_n5/lpn_n5.qasm-FakeBrooklyn-4]
qcs/tst/qvm/integration/qvm_test.py::TestSelectMethods::test_select_methods[/root/projects/QASMBench/small//linearsolver_n3/linearsolver_n3.qasm,/root/projects/QASMBench/small//shor_n5/shor_n5.qasm,/root/projects/QASMBench/small//pea_n5/pea_n5.qasm,/root/projects/QASMBench/small//bell_n4/bell_n4.qasm,/root/projects/QASMBench/small//lpn_n5/lpn_n5.qasm-FakeBrooklyn-4]
  /root/anaconda3/envs/qcs-noise/lib/python3.10/site-packages/qiskit/providers/fake_provider/fake_backend.py:462: PendingDeprecationWarning: "warnings" argument will be deprecated as part of the qiskit-aer 0.12.0 and subsequently removed
    noise_model = NoiseModel.from_backend(self, warnings=False)

qcs/tst/qvm/integration/qvm_test.py::TestSelectMethods::test_select_methods[/root/projects/QASMBench/small//linearsolver_n3/linearsolver_n3.qasm,/root/projects/QASMBench/small//shor_n5/shor_n5.qasm,/root/projects/QASMBench/small//pea_n5/pea_n5.qasm,/root/projects/QASMBench/small//bell_n4/bell_n4.qasm,/root/projects/QASMBench/small//lpn_n5/lpn_n5.qasm-FakeBrooklyn-4]
qcs/tst/qvm/integration/qvm_test.py::TestSelectMethods::test_select_methods[/root/projects/QASMBench/small//linearsolver_n3/linearsolver_n3.qasm,/root/projects/QASMBench/small//shor_n5/shor_n5.qasm,/root/projects/QASMBench/small//pea_n5/pea_n5.qasm,/root/projects/QASMBench/small//bell_n4/bell_n4.qasm,/root/projects/QASMBench/small//lpn_n5/lpn_n5.qasm-FakeBrooklyn-4]
qcs/tst/qvm/integration/qvm_test.py::TestSelectMethods::test_select_methods[/root/projects/QASMBench/small//linearsolver_n3/linearsolver_n3.qasm,/root/projects/QASMBench/small//shor_n5/shor_n5.qasm,/root/projects/QASMBench/small//pea_n5/pea_n5.qasm,/root/projects/QASMBench/small//bell_n4/bell_n4.qasm,/root/projects/QASMBench/small//lpn_n5/lpn_n5.qasm-FakeBrooklyn-4]
qcs/tst/qvm/integration/qvm_test.py::TestSelectMethods::test_select_methods[/root/projects/QASMBench/small//linearsolver_n3/linearsolver_n3.qasm,/root/projects/QASMBench/small//shor_n5/shor_n5.qasm,/root/projects/QASMBench/small//pea_n5/pea_n5.qasm,/root/projects/QASMBench/small//bell_n4/bell_n4.qasm,/root/projects/QASMBench/small//lpn_n5/lpn_n5.qasm-FakeBrooklyn-4]
qcs/tst/qvm/integration/qvm_test.py::TestSelectMethods::test_select_methods[/root/projects/QASMBench/small//linearsolver_n3/linearsolver_n3.qasm,/root/projects/QASMBench/small//shor_n5/shor_n5.qasm,/root/projects/QASMBench/small//pea_n5/pea_n5.qasm,/root/projects/QASMBench/small//bell_n4/bell_n4.qasm,/root/projects/QASMBench/small//lpn_n5/lpn_n5.qasm-FakeBrooklyn-4]
qcs/tst/qvm/integration/qvm_test.py::TestSelectMethods::test_select_methods[/root/projects/QASMBench/small//linearsolver_n3/linearsolver_n3.qasm,/root/projects/QASMBench/small//shor_n5/shor_n5.qasm,/root/projects/QASMBench/small//pea_n5/pea_n5.qasm,/root/projects/QASMBench/small//bell_n4/bell_n4.qasm,/root/projects/QASMBench/small//lpn_n5/lpn_n5.qasm-FakeBrooklyn-4]
  /root/anaconda3/envs/qcs-noise/lib/python3.10/site-packages/qiskit_aer/noise/device/models.py:365: UserWarning: Device model returned an invalid T_2 relaxation time greater than the theoretical maximum value 2 * T_1 (96966.20180926041 > 2 * 40591.82230473617). Truncating to maximum value.
    warn("Device model returned an invalid T_2 relaxation time greater than"

qcs/tst/qvm/integration/qvm_test.py::TestSelectMethods::test_select_methods[/root/projects/QASMBench/small//linearsolver_n3/linearsolver_n3.qasm,/root/projects/QASMBench/small//shor_n5/shor_n5.qasm,/root/projects/QASMBench/small//pea_n5/pea_n5.qasm,/root/projects/QASMBench/small//bell_n4/bell_n4.qasm,/root/projects/QASMBench/small//lpn_n5/lpn_n5.qasm-FakeBrooklyn-4]
  /root/anaconda3/envs/qcs-noise/lib/python3.10/site-packages/qiskit_aer/noise/device/models.py:365: UserWarning: Device model returned an invalid T_2 relaxation time greater than the theoretical maximum value 2 * T_1 (9.696620180926042e-05 > 2 * 4.059182230473617e-05). Truncating to maximum value.
    warn("Device model returned an invalid T_2 relaxation time greater than"

-- Docs: https://docs.pytest.org/en/stable/how-to/capture-warnings.html
=========================== short test summary info ============================
FAILED tst/qvm/integration/qvm_test.py::TestSelectMethods::test_select_methods[/root/projects/QASMBench/small/linearsolver_n3/linearsolver_n3.qasm,/root/projects/QASMBench/small/shor_n5/shor_n5.qasm,/root/projects/QASMBench/small/pea_n5/pea_n5.qasm,/root/projects/QASMBench/small/bell_n4/bell_n4.qasm,/root/projects/QASMBench/small/lpn_n5/lpn_n5.qasm-FakeBrooklyn-4]
=========== 1 failed, 6 deselected, 12 warnings in 163.16s (0:02:43) ===========
Randomly selected files:
/root/projects/QASMBench/small//adder_n4/adder_n4.qasm,/root/projects/QASMBench/small//ipea_n2/ipea_n2.qasm,/root/projects/QASMBench/small//quantumwalks_n2/quantumwalks_n2.qasm,/root/projects/QASMBench/small//teleportation_n3/teleportation_n3.qasm,/root/projects/QASMBench/small//fredkin_n3/fredkin_n3.qasm
============================= test session starts ==============================
platform linux -- Python 3.10.6, pytest-7.2.0, pluggy-1.0.0
rootdir: /root/projects/qvm
plugins: anyio-3.6.2
collected 7 items / 6 deselected / 1 selected

tst/qvm/integration/qvm_test.py 
 === Testing ===

==== qasm_list ===

/root/projects/QASMBench/small//adder_n4/adder_n4.qasm,/root/projects/QASMBench/small//ipea_n2/ipea_n2.qasm,/root/projects/QASMBench/small//quantumwalks_n2/quantumwalks_n2.qasm,/root/projects/QASMBench/small//teleportation_n3/teleportation_n3.qasm,/root/projects/QASMBench/small//fredkin_n3/fredkin_n3.qasm
naive selection time	3.910064697265625e-05
F

=================================== FAILURES ===================================
_ TestSelectMethods.test_select_methods[/root/projects/QASMBench/small//adder_n4/adder_n4.qasm,/root/projects/QASMBench/small//ipea_n2/ipea_n2.qasm,/root/projects/QASMBench/small//quantumwalks_n2/quantumwalks_n2.qasm,/root/projects/QASMBench/small//teleportation_n3/teleportation_n3.qasm,/root/projects/QASMBench/small//fredkin_n3/fredkin_n3.qasm-FakeBrooklyn-4] _

self = <qvm_test.TestSelectMethods object at 0x7f2f2c2863e0>
qasm = '/root/projects/QASMBench/small//adder_n4/adder_n4.qasm,/root/projects/QASMBench/small//ipea_n2/ipea_n2.qasm,/root/pro...cts/QASMBench/small//teleportation_n3/teleportation_n3.qasm,/root/projects/QASMBench/small//fredkin_n3/fredkin_n3.qasm'
backend = 'FakeBrooklyn', cu_size = '4'

    def test_select_methods(self, qasm, backend, cu_size):
        """
        Args:
            bench: List of qasm file paths
            backend: Backend name
        """
        self._backend = globals().get(backend)()
        back_manager = FrpBackendManagerV2(self._backend)
        back_manager.cu_size = int(cu_size)
        back_manager.init_helpers()
        back_manager.init_cus()
        proc_manager = QvmProcessManagerV2(self._backend)
    
        qasm_list = qasm.split(",")
        circuit_list = [
            self.get_qiskit_circ("qasm", qasm_path=qasm_path) for qasm_path in qasm_list
        ]
        process_list = [back_manager.compile(circ) for circ in circuit_list]
    
        print("\n === Testing ===")
        print("\n==== qasm_list ===\n")
        print(qasm)
    
        # Naive
        st_time = time.time()
        executables = proc_manager._select_naive(process_list)
        print(f"naive selection time\t{time.time() - st_time}")
>       fid = self.get_fidelity(circuit_list, executables)

tst/qvm/integration/qvm_test.py:197: 
_ _ _ _ _ _ _ _ _ _ _ _ _ _ _ _ _ _ _ _ _ _ _ _ _ _ _ _ _ _ _ _ _ _ _ _ _ _ _ _ 
tst/qvm/integration/qvm_test.py:166: in get_fidelity
    fid = fid_calculator.calc_fidelity(circ, results[i], shots=shots)
../qvm/util/circuit.py:247: in calc_fidelity
    pv_noise, _ = counts_to_vector(counts, num_qubits)
_ _ _ _ _ _ _ _ _ _ _ _ _ _ _ _ _ _ _ _ _ _ _ _ _ _ _ _ _ _ _ _ _ _ _ _ _ _ _ _ 

counts = {'0111': 9470, '0011': 791182, '1011': 27330, '1001': 4498, '0101': 19352, '1110': 16327, '0001': 19772, '1111': 20270, '1101': 52264, '1000': 3006, '0110': 4800, '0000': 6942, '0010': 26352, '0100': 26377, '1100': 16862, '1010': 3772}
num_qubits = 2

    def counts_to_vector(counts: Counts, num_qubits: int) -> Tuple[np.ndarray, int]:
        """Transforms Counts to a probability vector"""
        vec = np.zeros(2**num_qubits, dtype=float)
        shots = 0
        for key, val in counts.items():
            shots += val
>           vec[int(key, 2)] = val
E           IndexError: index 7 is out of bounds for axis 0 with size 4

/root/anaconda3/envs/qcs-noise/lib/python3.10/site-packages/qiskit/result/mitigation/utils.py:93: IndexError
------------------------------ Captured log call -------------------------------
WARNING  root:graph.py:571 Failed to grow a subgraph from root: 26, current visited status: {0, 1, 3, 4, 5, 6, 8, 10, 12, 13, 18, 19, 20, 21, 22, 23, 25, 26, 34, 35, 36, 37, 42, 43, 44, 45, 49, 50, 51, 54}, error message is 'Cannot grow a graph that satisfy the subgraph size from current root: 26'
WARNING  root:graph.py:571 Failed to grow a subgraph from root: 40, current visited status: {0, 1, 3, 4, 5, 6, 8, 10, 12, 13, 18, 19, 20, 21, 22, 25, 26, 34, 35, 36, 37, 40, 42, 43, 44, 45, 49, 50, 51, 54}, error message is 'Cannot grow a graph that satisfy the subgraph size from current root: 40'
WARNING  root:graph.py:571 Failed to grow a subgraph from root: 9, current visited status: {0, 1, 3, 4, 5, 6, 8, 9, 10, 12, 13, 18, 19, 20, 21, 22, 25, 26, 27, 28, 30, 31, 32, 34, 35, 36, 37, 38, 39, 40, 41, 42, 43, 44, 45, 49, 50, 51, 52, 54, 55, 56, 57}, error message is 'Cannot grow a graph that satisfy the subgraph size from current root: 9'
WARNING  root:graph.py:571 Failed to grow a subgraph from root: 7, current visited status: {0, 1, 3, 4, 5, 6, 7, 8, 9, 10, 12, 13, 14, 15, 18, 19, 20, 21, 22, 24, 25, 26, 27, 28, 29, 30, 31, 32, 34, 35, 36, 37, 38, 39, 40, 41, 42, 43, 44, 45, 46, 47, 48, 49, 50, 51, 52, 53, 54, 55, 56, 57, 58, 59, 60, 61}, error message is 'Cannot grow a graph that satisfy the subgraph size from current root: 7'
WARNING  root:graph.py:571 Failed to grow a subgraph from root: 62, current visited status: {0, 1, 3, 4, 5, 6, 7, 8, 9, 10, 12, 13, 14, 15, 18, 19, 20, 21, 22, 24, 25, 26, 27, 28, 29, 30, 31, 32, 34, 35, 36, 37, 38, 39, 40, 41, 42, 43, 44, 45, 46, 47, 48, 49, 50, 51, 52, 53, 54, 55, 56, 57, 58, 59, 60, 61, 62, 63, 64}, error message is 'Cannot grow a graph that satisfy the subgraph size from current root: 62'
WARNING  root:graph.py:571 Failed to grow a subgraph from root: 16, current visited status: {0, 1, 3, 4, 5, 6, 7, 8, 9, 10, 11, 12, 13, 14, 15, 16, 17, 18, 19, 20, 21, 22, 24, 25, 26, 27, 28, 29, 30, 31, 32, 34, 35, 36, 37, 38, 39, 40, 41, 42, 43, 44, 45, 46, 47, 48, 49, 50, 51, 52, 53, 54, 55, 56, 57, 58, 59, 60, 61, 62}, error message is 'Cannot grow a graph that satisfy the subgraph size from current root: 16'
WARNING  root:graph.py:571 Failed to grow a subgraph from root: 23, current visited status: {0, 1, 3, 4, 5, 6, 7, 8, 9, 10, 12, 13, 14, 15, 16, 18, 19, 20, 21, 22, 23, 24, 25, 26, 27, 28, 29, 30, 31, 32, 34, 35, 36, 37, 38, 39, 40, 41, 42, 43, 44, 45, 46, 47, 48, 49, 50, 51, 52, 53, 54, 55, 56, 57, 58, 59, 60, 61, 62}, error message is 'Cannot grow a graph that satisfy the subgraph size from current root: 23'
WARNING  root:graph.py:571 Failed to grow a subgraph from root: 17, current visited status: {0, 1, 3, 4, 5, 6, 7, 8, 9, 10, 11, 12, 13, 14, 15, 16, 17, 18, 19, 20, 21, 22, 23, 24, 25, 26, 27, 28, 29, 30, 31, 32, 34, 35, 36, 37, 38, 39, 40, 41, 42, 43, 44, 45, 46, 47, 48, 49, 50, 51, 52, 53, 54, 55, 56, 57, 58, 59, 60, 61, 62}, error message is 'Cannot grow a graph that satisfy the subgraph size from current root: 17'
WARNING  root:graph.py:571 Failed to grow a subgraph from root: 63, current visited status: {0, 1, 3, 4, 5, 6, 7, 8, 9, 10, 12, 13, 14, 15, 16, 17, 18, 19, 20, 21, 22, 23, 24, 25, 26, 27, 28, 29, 30, 31, 32, 34, 35, 36, 37, 38, 39, 40, 41, 42, 43, 44, 45, 46, 47, 48, 49, 50, 51, 52, 53, 54, 55, 56, 57, 58, 59, 60, 61, 62, 63, 64}, error message is 'Cannot grow a graph that satisfy the subgraph size from current root: 63'
WARNING  root:graph.py:571 Failed to grow a subgraph from root: 64, current visited status: {0, 1, 3, 4, 5, 6, 7, 8, 9, 10, 12, 13, 14, 15, 16, 17, 18, 19, 20, 21, 22, 23, 24, 25, 26, 27, 28, 29, 30, 31, 32, 34, 35, 36, 37, 38, 39, 40, 41, 42, 43, 44, 45, 46, 47, 48, 49, 50, 51, 52, 53, 54, 55, 56, 57, 58, 59, 60, 61, 62, 63, 64}, error message is 'Cannot grow a graph that satisfy the subgraph size from current root: 64'
WARNING  root:graph.py:571 Failed to grow a subgraph from root: 11, current visited status: {0, 1, 3, 4, 5, 6, 7, 8, 9, 10, 11, 12, 13, 14, 15, 16, 17, 18, 19, 20, 21, 22, 23, 24, 25, 26, 27, 28, 29, 30, 31, 32, 34, 35, 36, 37, 38, 39, 40, 41, 42, 43, 44, 45, 46, 47, 48, 49, 50, 51, 52, 53, 54, 55, 56, 57, 58, 59, 60, 61, 62, 63, 64}, error message is 'Cannot grow a graph that satisfy the subgraph size from current root: 11'
WARNING  root:graph.py:571 Failed to grow a subgraph from root: 33, current visited status: {0, 1, 3, 4, 5, 6, 7, 8, 9, 10, 11, 12, 13, 14, 15, 16, 17, 18, 19, 20, 21, 22, 23, 24, 25, 26, 27, 28, 29, 30, 31, 32, 33, 34, 35, 36, 37, 38, 39, 40, 41, 42, 43, 44, 45, 46, 47, 48, 49, 50, 51, 52, 53, 54, 55, 56, 57, 58, 59, 60, 61, 62, 63, 64}, error message is 'Cannot grow a graph that satisfy the subgraph size from current root: 33'
WARNING  root:graph.py:571 Failed to grow a subgraph from root: 2, current visited status: {0, 1, 2, 3, 4, 5, 6, 7, 8, 9, 10, 11, 12, 13, 14, 15, 16, 17, 18, 19, 20, 21, 22, 23, 24, 25, 26, 27, 28, 29, 30, 31, 32, 33, 34, 35, 36, 37, 38, 39, 40, 41, 42, 43, 44, 45, 46, 47, 48, 49, 50, 51, 52, 53, 54, 55, 56, 57, 58, 59, 60, 61, 62, 63, 64}, error message is 'Cannot grow a graph that satisfy the subgraph size from current root: 2'
=============================== warnings summary ===============================
qcs/tst/qvm/integration/qvm_test.py::TestSelectMethods::test_select_methods[/root/projects/QASMBench/small//adder_n4/adder_n4.qasm,/root/projects/QASMBench/small//ipea_n2/ipea_n2.qasm,/root/projects/QASMBench/small//quantumwalks_n2/quantumwalks_n2.qasm,/root/projects/QASMBench/small//teleportation_n3/teleportation_n3.qasm,/root/projects/QASMBench/small//fredkin_n3/fredkin_n3.qasm-FakeBrooklyn-4]
qcs/tst/qvm/integration/qvm_test.py::TestSelectMethods::test_select_methods[/root/projects/QASMBench/small//adder_n4/adder_n4.qasm,/root/projects/QASMBench/small//ipea_n2/ipea_n2.qasm,/root/projects/QASMBench/small//quantumwalks_n2/quantumwalks_n2.qasm,/root/projects/QASMBench/small//teleportation_n3/teleportation_n3.qasm,/root/projects/QASMBench/small//fredkin_n3/fredkin_n3.qasm-FakeBrooklyn-4]
qcs/tst/qvm/integration/qvm_test.py::TestSelectMethods::test_select_methods[/root/projects/QASMBench/small//adder_n4/adder_n4.qasm,/root/projects/QASMBench/small//ipea_n2/ipea_n2.qasm,/root/projects/QASMBench/small//quantumwalks_n2/quantumwalks_n2.qasm,/root/projects/QASMBench/small//teleportation_n3/teleportation_n3.qasm,/root/projects/QASMBench/small//fredkin_n3/fredkin_n3.qasm-FakeBrooklyn-4]
qcs/tst/qvm/integration/qvm_test.py::TestSelectMethods::test_select_methods[/root/projects/QASMBench/small//adder_n4/adder_n4.qasm,/root/projects/QASMBench/small//ipea_n2/ipea_n2.qasm,/root/projects/QASMBench/small//quantumwalks_n2/quantumwalks_n2.qasm,/root/projects/QASMBench/small//teleportation_n3/teleportation_n3.qasm,/root/projects/QASMBench/small//fredkin_n3/fredkin_n3.qasm-FakeBrooklyn-4]
qcs/tst/qvm/integration/qvm_test.py::TestSelectMethods::test_select_methods[/root/projects/QASMBench/small//adder_n4/adder_n4.qasm,/root/projects/QASMBench/small//ipea_n2/ipea_n2.qasm,/root/projects/QASMBench/small//quantumwalks_n2/quantumwalks_n2.qasm,/root/projects/QASMBench/small//teleportation_n3/teleportation_n3.qasm,/root/projects/QASMBench/small//fredkin_n3/fredkin_n3.qasm-FakeBrooklyn-4]
  /root/anaconda3/envs/qcs-noise/lib/python3.10/site-packages/qiskit/providers/fake_provider/fake_backend.py:462: PendingDeprecationWarning: "warnings" argument will be deprecated as part of the qiskit-aer 0.12.0 and subsequently removed
    noise_model = NoiseModel.from_backend(self, warnings=False)

qcs/tst/qvm/integration/qvm_test.py::TestSelectMethods::test_select_methods[/root/projects/QASMBench/small//adder_n4/adder_n4.qasm,/root/projects/QASMBench/small//ipea_n2/ipea_n2.qasm,/root/projects/QASMBench/small//quantumwalks_n2/quantumwalks_n2.qasm,/root/projects/QASMBench/small//teleportation_n3/teleportation_n3.qasm,/root/projects/QASMBench/small//fredkin_n3/fredkin_n3.qasm-FakeBrooklyn-4]
qcs/tst/qvm/integration/qvm_test.py::TestSelectMethods::test_select_methods[/root/projects/QASMBench/small//adder_n4/adder_n4.qasm,/root/projects/QASMBench/small//ipea_n2/ipea_n2.qasm,/root/projects/QASMBench/small//quantumwalks_n2/quantumwalks_n2.qasm,/root/projects/QASMBench/small//teleportation_n3/teleportation_n3.qasm,/root/projects/QASMBench/small//fredkin_n3/fredkin_n3.qasm-FakeBrooklyn-4]
qcs/tst/qvm/integration/qvm_test.py::TestSelectMethods::test_select_methods[/root/projects/QASMBench/small//adder_n4/adder_n4.qasm,/root/projects/QASMBench/small//ipea_n2/ipea_n2.qasm,/root/projects/QASMBench/small//quantumwalks_n2/quantumwalks_n2.qasm,/root/projects/QASMBench/small//teleportation_n3/teleportation_n3.qasm,/root/projects/QASMBench/small//fredkin_n3/fredkin_n3.qasm-FakeBrooklyn-4]
qcs/tst/qvm/integration/qvm_test.py::TestSelectMethods::test_select_methods[/root/projects/QASMBench/small//adder_n4/adder_n4.qasm,/root/projects/QASMBench/small//ipea_n2/ipea_n2.qasm,/root/projects/QASMBench/small//quantumwalks_n2/quantumwalks_n2.qasm,/root/projects/QASMBench/small//teleportation_n3/teleportation_n3.qasm,/root/projects/QASMBench/small//fredkin_n3/fredkin_n3.qasm-FakeBrooklyn-4]
qcs/tst/qvm/integration/qvm_test.py::TestSelectMethods::test_select_methods[/root/projects/QASMBench/small//adder_n4/adder_n4.qasm,/root/projects/QASMBench/small//ipea_n2/ipea_n2.qasm,/root/projects/QASMBench/small//quantumwalks_n2/quantumwalks_n2.qasm,/root/projects/QASMBench/small//teleportation_n3/teleportation_n3.qasm,/root/projects/QASMBench/small//fredkin_n3/fredkin_n3.qasm-FakeBrooklyn-4]
qcs/tst/qvm/integration/qvm_test.py::TestSelectMethods::test_select_methods[/root/projects/QASMBench/small//adder_n4/adder_n4.qasm,/root/projects/QASMBench/small//ipea_n2/ipea_n2.qasm,/root/projects/QASMBench/small//quantumwalks_n2/quantumwalks_n2.qasm,/root/projects/QASMBench/small//teleportation_n3/teleportation_n3.qasm,/root/projects/QASMBench/small//fredkin_n3/fredkin_n3.qasm-FakeBrooklyn-4]
  /root/anaconda3/envs/qcs-noise/lib/python3.10/site-packages/qiskit_aer/noise/device/models.py:365: UserWarning: Device model returned an invalid T_2 relaxation time greater than the theoretical maximum value 2 * T_1 (96966.20180926041 > 2 * 40591.82230473617). Truncating to maximum value.
    warn("Device model returned an invalid T_2 relaxation time greater than"

qcs/tst/qvm/integration/qvm_test.py::TestSelectMethods::test_select_methods[/root/projects/QASMBench/small//adder_n4/adder_n4.qasm,/root/projects/QASMBench/small//ipea_n2/ipea_n2.qasm,/root/projects/QASMBench/small//quantumwalks_n2/quantumwalks_n2.qasm,/root/projects/QASMBench/small//teleportation_n3/teleportation_n3.qasm,/root/projects/QASMBench/small//fredkin_n3/fredkin_n3.qasm-FakeBrooklyn-4]
  /root/anaconda3/envs/qcs-noise/lib/python3.10/site-packages/qiskit_aer/noise/device/models.py:365: UserWarning: Device model returned an invalid T_2 relaxation time greater than the theoretical maximum value 2 * T_1 (9.696620180926042e-05 > 2 * 4.059182230473617e-05). Truncating to maximum value.
    warn("Device model returned an invalid T_2 relaxation time greater than"

-- Docs: https://docs.pytest.org/en/stable/how-to/capture-warnings.html
=========================== short test summary info ============================
FAILED tst/qvm/integration/qvm_test.py::TestSelectMethods::test_select_methods[/root/projects/QASMBench/small/adder_n4/adder_n4.qasm,/root/projects/QASMBench/small/ipea_n2/ipea_n2.qasm,/root/projects/QASMBench/small/quantumwalks_n2/quantumwalks_n2.qasm,/root/projects/QASMBench/small/teleportation_n3/teleportation_n3.qasm,/root/projects/QASMBench/small/fredkin_n3/fredkin_n3.qasm-FakeBrooklyn-4]
=========== 1 failed, 6 deselected, 12 warnings in 173.06s (0:02:53) ===========
Randomly selected files:
/root/projects/QASMBench/small//basis_change_n3/basis_change_n3.qasm,/root/projects/QASMBench/small//qft_n4/qft_n4.qasm,/root/projects/QASMBench/small//ipea_n2/ipea_n2.qasm,/root/projects/QASMBench/small//hhl_n7/hhl_n7.qasm,/root/projects/QASMBench/small//variational_n4/variational_n4.qasm
============================= test session starts ==============================
platform linux -- Python 3.10.6, pytest-7.2.0, pluggy-1.0.0
rootdir: /root/projects/qvm
plugins: anyio-3.6.2
collected 7 items / 6 deselected / 1 selected

tst/qvm/integration/qvm_test.py 
 === Testing ===

==== qasm_list ===

/root/projects/QASMBench/small//basis_change_n3/basis_change_n3.qasm,/root/projects/QASMBench/small//qft_n4/qft_n4.qasm,/root/projects/QASMBench/small//ipea_n2/ipea_n2.qasm,/root/projects/QASMBench/small//hhl_n7/hhl_n7.qasm,/root/projects/QASMBench/small//variational_n4/variational_n4.qasm
naive selection time	2.574920654296875e-05
F

=================================== FAILURES ===================================
_ TestSelectMethods.test_select_methods[/root/projects/QASMBench/small//basis_change_n3/basis_change_n3.qasm,/root/projects/QASMBench/small//qft_n4/qft_n4.qasm,/root/projects/QASMBench/small//ipea_n2/ipea_n2.qasm,/root/projects/QASMBench/small//hhl_n7/hhl_n7.qasm,/root/projects/QASMBench/small//variational_n4/variational_n4.qasm-FakeBrooklyn-4] _

self = <qvm_test.TestSelectMethods object at 0x7fea5a12e7a0>
qasm = '/root/projects/QASMBench/small//basis_change_n3/basis_change_n3.qasm,/root/projects/QASMBench/small//qft_n4/qft_n4.qa...,/root/projects/QASMBench/small//hhl_n7/hhl_n7.qasm,/root/projects/QASMBench/small//variational_n4/variational_n4.qasm'
backend = 'FakeBrooklyn', cu_size = '4'

    def test_select_methods(self, qasm, backend, cu_size):
        """
        Args:
            bench: List of qasm file paths
            backend: Backend name
        """
        self._backend = globals().get(backend)()
        back_manager = FrpBackendManagerV2(self._backend)
        back_manager.cu_size = int(cu_size)
        back_manager.init_helpers()
        back_manager.init_cus()
        proc_manager = QvmProcessManagerV2(self._backend)
    
        qasm_list = qasm.split(",")
        circuit_list = [
            self.get_qiskit_circ("qasm", qasm_path=qasm_path) for qasm_path in qasm_list
        ]
        process_list = [back_manager.compile(circ) for circ in circuit_list]
    
        print("\n === Testing ===")
        print("\n==== qasm_list ===\n")
        print(qasm)
    
        # Naive
        st_time = time.time()
        executables = proc_manager._select_naive(process_list)
        print(f"naive selection time\t{time.time() - st_time}")
>       fid = self.get_fidelity(circuit_list, executables)

tst/qvm/integration/qvm_test.py:197: 
_ _ _ _ _ _ _ _ _ _ _ _ _ _ _ _ _ _ _ _ _ _ _ _ _ _ _ _ _ _ _ _ _ _ _ _ _ _ _ _ 
tst/qvm/integration/qvm_test.py:166: in get_fidelity
    fid = fid_calculator.calc_fidelity(circ, results[i], shots=shots)
../qvm/util/circuit.py:247: in calc_fidelity
    pv_noise, _ = counts_to_vector(counts, num_qubits)
_ _ _ _ _ _ _ _ _ _ _ _ _ _ _ _ _ _ _ _ _ _ _ _ _ _ _ _ _ _ _ _ _ _ _ _ _ _ _ _ 

counts = {'0101': 19598, '1001': 4508, '0011': 796757, '0111': 11059, '1011': 28004, '0010': 26948, '0000': 6679, '1101': 46034, '1111': 20494, '0001': 19856, '0110': 4749, '1000': 2972, '1100': 15289, '0100': 27062, '1110': 14850, '1010': 3717}
num_qubits = 2

    def counts_to_vector(counts: Counts, num_qubits: int) -> Tuple[np.ndarray, int]:
        """Transforms Counts to a probability vector"""
        vec = np.zeros(2**num_qubits, dtype=float)
        shots = 0
        for key, val in counts.items():
            shots += val
>           vec[int(key, 2)] = val
E           IndexError: index 5 is out of bounds for axis 0 with size 4

/root/anaconda3/envs/qcs-noise/lib/python3.10/site-packages/qiskit/result/mitigation/utils.py:93: IndexError
------------------------------ Captured log call -------------------------------
WARNING  root:graph.py:571 Failed to grow a subgraph from root: 26, current visited status: {0, 1, 3, 4, 5, 6, 8, 10, 12, 13, 18, 19, 20, 21, 22, 23, 25, 26, 34, 35, 36, 37, 42, 43, 44, 45, 49, 50, 51, 54}, error message is 'Cannot grow a graph that satisfy the subgraph size from current root: 26'
WARNING  root:graph.py:571 Failed to grow a subgraph from root: 40, current visited status: {0, 1, 3, 4, 5, 6, 8, 10, 12, 13, 18, 19, 20, 21, 22, 25, 26, 34, 35, 36, 37, 40, 42, 43, 44, 45, 49, 50, 51, 54}, error message is 'Cannot grow a graph that satisfy the subgraph size from current root: 40'
WARNING  root:graph.py:571 Failed to grow a subgraph from root: 9, current visited status: {0, 1, 3, 4, 5, 6, 8, 9, 10, 12, 13, 18, 19, 20, 21, 22, 25, 26, 27, 28, 30, 31, 32, 34, 35, 36, 37, 38, 39, 40, 41, 42, 43, 44, 45, 49, 50, 51, 52, 54, 55, 56, 57}, error message is 'Cannot grow a graph that satisfy the subgraph size from current root: 9'
WARNING  root:graph.py:571 Failed to grow a subgraph from root: 7, current visited status: {0, 1, 3, 4, 5, 6, 7, 8, 9, 10, 12, 13, 14, 15, 18, 19, 20, 21, 22, 24, 25, 26, 27, 28, 29, 30, 31, 32, 34, 35, 36, 37, 38, 39, 40, 41, 42, 43, 44, 45, 46, 47, 48, 49, 50, 51, 52, 53, 54, 55, 56, 57, 58, 59, 60, 61}, error message is 'Cannot grow a graph that satisfy the subgraph size from current root: 7'
WARNING  root:graph.py:571 Failed to grow a subgraph from root: 62, current visited status: {0, 1, 3, 4, 5, 6, 7, 8, 9, 10, 12, 13, 14, 15, 18, 19, 20, 21, 22, 24, 25, 26, 27, 28, 29, 30, 31, 32, 34, 35, 36, 37, 38, 39, 40, 41, 42, 43, 44, 45, 46, 47, 48, 49, 50, 51, 52, 53, 54, 55, 56, 57, 58, 59, 60, 61, 62, 63, 64}, error message is 'Cannot grow a graph that satisfy the subgraph size from current root: 62'
WARNING  root:graph.py:571 Failed to grow a subgraph from root: 16, current visited status: {0, 1, 3, 4, 5, 6, 7, 8, 9, 10, 11, 12, 13, 14, 15, 16, 17, 18, 19, 20, 21, 22, 24, 25, 26, 27, 28, 29, 30, 31, 32, 34, 35, 36, 37, 38, 39, 40, 41, 42, 43, 44, 45, 46, 47, 48, 49, 50, 51, 52, 53, 54, 55, 56, 57, 58, 59, 60, 61, 62}, error message is 'Cannot grow a graph that satisfy the subgraph size from current root: 16'
WARNING  root:graph.py:571 Failed to grow a subgraph from root: 23, current visited status: {0, 1, 3, 4, 5, 6, 7, 8, 9, 10, 12, 13, 14, 15, 16, 18, 19, 20, 21, 22, 23, 24, 25, 26, 27, 28, 29, 30, 31, 32, 34, 35, 36, 37, 38, 39, 40, 41, 42, 43, 44, 45, 46, 47, 48, 49, 50, 51, 52, 53, 54, 55, 56, 57, 58, 59, 60, 61, 62}, error message is 'Cannot grow a graph that satisfy the subgraph size from current root: 23'
WARNING  root:graph.py:571 Failed to grow a subgraph from root: 17, current visited status: {0, 1, 3, 4, 5, 6, 7, 8, 9, 10, 11, 12, 13, 14, 15, 16, 17, 18, 19, 20, 21, 22, 23, 24, 25, 26, 27, 28, 29, 30, 31, 32, 34, 35, 36, 37, 38, 39, 40, 41, 42, 43, 44, 45, 46, 47, 48, 49, 50, 51, 52, 53, 54, 55, 56, 57, 58, 59, 60, 61, 62}, error message is 'Cannot grow a graph that satisfy the subgraph size from current root: 17'
WARNING  root:graph.py:571 Failed to grow a subgraph from root: 63, current visited status: {0, 1, 3, 4, 5, 6, 7, 8, 9, 10, 12, 13, 14, 15, 16, 17, 18, 19, 20, 21, 22, 23, 24, 25, 26, 27, 28, 29, 30, 31, 32, 34, 35, 36, 37, 38, 39, 40, 41, 42, 43, 44, 45, 46, 47, 48, 49, 50, 51, 52, 53, 54, 55, 56, 57, 58, 59, 60, 61, 62, 63, 64}, error message is 'Cannot grow a graph that satisfy the subgraph size from current root: 63'
WARNING  root:graph.py:571 Failed to grow a subgraph from root: 64, current visited status: {0, 1, 3, 4, 5, 6, 7, 8, 9, 10, 12, 13, 14, 15, 16, 17, 18, 19, 20, 21, 22, 23, 24, 25, 26, 27, 28, 29, 30, 31, 32, 34, 35, 36, 37, 38, 39, 40, 41, 42, 43, 44, 45, 46, 47, 48, 49, 50, 51, 52, 53, 54, 55, 56, 57, 58, 59, 60, 61, 62, 63, 64}, error message is 'Cannot grow a graph that satisfy the subgraph size from current root: 64'
WARNING  root:graph.py:571 Failed to grow a subgraph from root: 11, current visited status: {0, 1, 3, 4, 5, 6, 7, 8, 9, 10, 11, 12, 13, 14, 15, 16, 17, 18, 19, 20, 21, 22, 23, 24, 25, 26, 27, 28, 29, 30, 31, 32, 34, 35, 36, 37, 38, 39, 40, 41, 42, 43, 44, 45, 46, 47, 48, 49, 50, 51, 52, 53, 54, 55, 56, 57, 58, 59, 60, 61, 62, 63, 64}, error message is 'Cannot grow a graph that satisfy the subgraph size from current root: 11'
WARNING  root:graph.py:571 Failed to grow a subgraph from root: 33, current visited status: {0, 1, 3, 4, 5, 6, 7, 8, 9, 10, 11, 12, 13, 14, 15, 16, 17, 18, 19, 20, 21, 22, 23, 24, 25, 26, 27, 28, 29, 30, 31, 32, 33, 34, 35, 36, 37, 38, 39, 40, 41, 42, 43, 44, 45, 46, 47, 48, 49, 50, 51, 52, 53, 54, 55, 56, 57, 58, 59, 60, 61, 62, 63, 64}, error message is 'Cannot grow a graph that satisfy the subgraph size from current root: 33'
WARNING  root:graph.py:571 Failed to grow a subgraph from root: 2, current visited status: {0, 1, 2, 3, 4, 5, 6, 7, 8, 9, 10, 11, 12, 13, 14, 15, 16, 17, 18, 19, 20, 21, 22, 23, 24, 25, 26, 27, 28, 29, 30, 31, 32, 33, 34, 35, 36, 37, 38, 39, 40, 41, 42, 43, 44, 45, 46, 47, 48, 49, 50, 51, 52, 53, 54, 55, 56, 57, 58, 59, 60, 61, 62, 63, 64}, error message is 'Cannot grow a graph that satisfy the subgraph size from current root: 2'
WARNING  root:backend_manager.py:407 cannot compile on compute unit <qvm.model.compute_unit.ComputeUnit object at 0x7fe9824796c0>, error: 'Number of qubits (7) in circuit-124 is greater than maximum (4) in the coupling_map'
WARNING  root:backend_manager.py:407 cannot compile on compute unit <qvm.model.compute_unit.ComputeUnit object at 0x7fe978534a00>, error: 'Number of qubits (7) in circuit-124 is greater than maximum (4) in the coupling_map'
WARNING  root:backend_manager.py:407 cannot compile on compute unit <qvm.model.compute_unit.ComputeUnit object at 0x7fe97616f250>, error: 'Number of qubits (7) in circuit-124 is greater than maximum (4) in the coupling_map'
=============================== warnings summary ===============================
qcs/tst/qvm/integration/qvm_test.py::TestSelectMethods::test_select_methods[/root/projects/QASMBench/small//basis_change_n3/basis_change_n3.qasm,/root/projects/QASMBench/small//qft_n4/qft_n4.qasm,/root/projects/QASMBench/small//ipea_n2/ipea_n2.qasm,/root/projects/QASMBench/small//hhl_n7/hhl_n7.qasm,/root/projects/QASMBench/small//variational_n4/variational_n4.qasm-FakeBrooklyn-4]
qcs/tst/qvm/integration/qvm_test.py::TestSelectMethods::test_select_methods[/root/projects/QASMBench/small//basis_change_n3/basis_change_n3.qasm,/root/projects/QASMBench/small//qft_n4/qft_n4.qasm,/root/projects/QASMBench/small//ipea_n2/ipea_n2.qasm,/root/projects/QASMBench/small//hhl_n7/hhl_n7.qasm,/root/projects/QASMBench/small//variational_n4/variational_n4.qasm-FakeBrooklyn-4]
qcs/tst/qvm/integration/qvm_test.py::TestSelectMethods::test_select_methods[/root/projects/QASMBench/small//basis_change_n3/basis_change_n3.qasm,/root/projects/QASMBench/small//qft_n4/qft_n4.qasm,/root/projects/QASMBench/small//ipea_n2/ipea_n2.qasm,/root/projects/QASMBench/small//hhl_n7/hhl_n7.qasm,/root/projects/QASMBench/small//variational_n4/variational_n4.qasm-FakeBrooklyn-4]
qcs/tst/qvm/integration/qvm_test.py::TestSelectMethods::test_select_methods[/root/projects/QASMBench/small//basis_change_n3/basis_change_n3.qasm,/root/projects/QASMBench/small//qft_n4/qft_n4.qasm,/root/projects/QASMBench/small//ipea_n2/ipea_n2.qasm,/root/projects/QASMBench/small//hhl_n7/hhl_n7.qasm,/root/projects/QASMBench/small//variational_n4/variational_n4.qasm-FakeBrooklyn-4]
qcs/tst/qvm/integration/qvm_test.py::TestSelectMethods::test_select_methods[/root/projects/QASMBench/small//basis_change_n3/basis_change_n3.qasm,/root/projects/QASMBench/small//qft_n4/qft_n4.qasm,/root/projects/QASMBench/small//ipea_n2/ipea_n2.qasm,/root/projects/QASMBench/small//hhl_n7/hhl_n7.qasm,/root/projects/QASMBench/small//variational_n4/variational_n4.qasm-FakeBrooklyn-4]
  /root/anaconda3/envs/qcs-noise/lib/python3.10/site-packages/qiskit/providers/fake_provider/fake_backend.py:462: PendingDeprecationWarning: "warnings" argument will be deprecated as part of the qiskit-aer 0.12.0 and subsequently removed
    noise_model = NoiseModel.from_backend(self, warnings=False)

qcs/tst/qvm/integration/qvm_test.py::TestSelectMethods::test_select_methods[/root/projects/QASMBench/small//basis_change_n3/basis_change_n3.qasm,/root/projects/QASMBench/small//qft_n4/qft_n4.qasm,/root/projects/QASMBench/small//ipea_n2/ipea_n2.qasm,/root/projects/QASMBench/small//hhl_n7/hhl_n7.qasm,/root/projects/QASMBench/small//variational_n4/variational_n4.qasm-FakeBrooklyn-4]
qcs/tst/qvm/integration/qvm_test.py::TestSelectMethods::test_select_methods[/root/projects/QASMBench/small//basis_change_n3/basis_change_n3.qasm,/root/projects/QASMBench/small//qft_n4/qft_n4.qasm,/root/projects/QASMBench/small//ipea_n2/ipea_n2.qasm,/root/projects/QASMBench/small//hhl_n7/hhl_n7.qasm,/root/projects/QASMBench/small//variational_n4/variational_n4.qasm-FakeBrooklyn-4]
qcs/tst/qvm/integration/qvm_test.py::TestSelectMethods::test_select_methods[/root/projects/QASMBench/small//basis_change_n3/basis_change_n3.qasm,/root/projects/QASMBench/small//qft_n4/qft_n4.qasm,/root/projects/QASMBench/small//ipea_n2/ipea_n2.qasm,/root/projects/QASMBench/small//hhl_n7/hhl_n7.qasm,/root/projects/QASMBench/small//variational_n4/variational_n4.qasm-FakeBrooklyn-4]
qcs/tst/qvm/integration/qvm_test.py::TestSelectMethods::test_select_methods[/root/projects/QASMBench/small//basis_change_n3/basis_change_n3.qasm,/root/projects/QASMBench/small//qft_n4/qft_n4.qasm,/root/projects/QASMBench/small//ipea_n2/ipea_n2.qasm,/root/projects/QASMBench/small//hhl_n7/hhl_n7.qasm,/root/projects/QASMBench/small//variational_n4/variational_n4.qasm-FakeBrooklyn-4]
qcs/tst/qvm/integration/qvm_test.py::TestSelectMethods::test_select_methods[/root/projects/QASMBench/small//basis_change_n3/basis_change_n3.qasm,/root/projects/QASMBench/small//qft_n4/qft_n4.qasm,/root/projects/QASMBench/small//ipea_n2/ipea_n2.qasm,/root/projects/QASMBench/small//hhl_n7/hhl_n7.qasm,/root/projects/QASMBench/small//variational_n4/variational_n4.qasm-FakeBrooklyn-4]
qcs/tst/qvm/integration/qvm_test.py::TestSelectMethods::test_select_methods[/root/projects/QASMBench/small//basis_change_n3/basis_change_n3.qasm,/root/projects/QASMBench/small//qft_n4/qft_n4.qasm,/root/projects/QASMBench/small//ipea_n2/ipea_n2.qasm,/root/projects/QASMBench/small//hhl_n7/hhl_n7.qasm,/root/projects/QASMBench/small//variational_n4/variational_n4.qasm-FakeBrooklyn-4]
  /root/anaconda3/envs/qcs-noise/lib/python3.10/site-packages/qiskit_aer/noise/device/models.py:365: UserWarning: Device model returned an invalid T_2 relaxation time greater than the theoretical maximum value 2 * T_1 (96966.20180926041 > 2 * 40591.82230473617). Truncating to maximum value.
    warn("Device model returned an invalid T_2 relaxation time greater than"

qcs/tst/qvm/integration/qvm_test.py::TestSelectMethods::test_select_methods[/root/projects/QASMBench/small//basis_change_n3/basis_change_n3.qasm,/root/projects/QASMBench/small//qft_n4/qft_n4.qasm,/root/projects/QASMBench/small//ipea_n2/ipea_n2.qasm,/root/projects/QASMBench/small//hhl_n7/hhl_n7.qasm,/root/projects/QASMBench/small//variational_n4/variational_n4.qasm-FakeBrooklyn-4]
  /root/anaconda3/envs/qcs-noise/lib/python3.10/site-packages/qiskit_aer/noise/device/models.py:365: UserWarning: Device model returned an invalid T_2 relaxation time greater than the theoretical maximum value 2 * T_1 (9.696620180926042e-05 > 2 * 4.059182230473617e-05). Truncating to maximum value.
    warn("Device model returned an invalid T_2 relaxation time greater than"

-- Docs: https://docs.pytest.org/en/stable/how-to/capture-warnings.html
=========================== short test summary info ============================
FAILED tst/qvm/integration/qvm_test.py::TestSelectMethods::test_select_methods[/root/projects/QASMBench/small/basis_change_n3/basis_change_n3.qasm,/root/projects/QASMBench/small/qft_n4/qft_n4.qasm,/root/projects/QASMBench/small/ipea_n2/ipea_n2.qasm,/root/projects/QASMBench/small/hhl_n7/hhl_n7.qasm,/root/projects/QASMBench/small/variational_n4/variational_n4.qasm-FakeBrooklyn-4]
=========== 1 failed, 6 deselected, 12 warnings in 168.76s (0:02:48) ===========
