Randomly selected files:
/root/projects/QASMBench/small//qec_sm_n5/qec_sm_n5.qasm,/root/projects/QASMBench/small//wstate_n3/wstate_n3.qasm,/root/projects/QASMBench/small//linearsolver_n3/linearsolver_n3.qasm
============================= test session starts ==============================
platform linux -- Python 3.10.6, pytest-7.2.0, pluggy-1.0.0
rootdir: /root/projects/qvm
plugins: anyio-3.6.2
collected 7 items / 6 deselected / 1 selected

tst/qvm/integration/qvm_test.py 
==== Testing ===

==== qasm_list ===

/root/projects/QASMBench/small//qec_sm_n5/qec_sm_n5.qasm,/root/projects/QASMBench/small//wstate_n3/wstate_n3.qasm,/root/projects/QASMBench/small//linearsolver_n3/linearsolver_n3.qasm
compute_unit_list	[{2}, {3}, {1, 12}]
naive selection time	4.7206878662109375e-05
F

=================================== FAILURES ===================================
_ TestSelectMethods.test_select_methods[/root/projects/QASMBench/small//qec_sm_n5/qec_sm_n5.qasm,/root/projects/QASMBench/small//wstate_n3/wstate_n3.qasm,/root/projects/QASMBench/small//linearsolver_n3/linearsolver_n3.qasm-FakeBrooklyn-4] _

self = <qvm_test.TestSelectMethods object at 0x7fe319567880>
qasm = '/root/projects/QASMBench/small//qec_sm_n5/qec_sm_n5.qasm,/root/projects/QASMBench/small//wstate_n3/wstate_n3.qasm,/root/projects/QASMBench/small//linearsolver_n3/linearsolver_n3.qasm'
backend = 'FakeBrooklyn', cu_size = '4'

    def test_select_methods(self, qasm, backend, cu_size):
        """
        Args:
            bench: List of qasm file paths
            backend: Backend name
        """
        self._backend = globals().get(backend)()
        back_manager = FrpBackendManagerV2(self._backend)
        back_manager.cu_size = int(cu_size)
        back_manager.init_helpers()
        back_manager.init_cus()
        proc_manager = QvmProcessManagerV2(self._backend)
    
        qasm_list = qasm.split(",")
        # circuit_list = [
        #     self.get_qiskit_circ("qasm", qasm_path=qasm_path) for qasm_path in qasm_list
        # ]
        # process_list = [back_manager.compile(circ) for circ in circuit_list]
    
        process_list = []
        circuit_list = []
        for qasm_path in qasm_list:
            # The format is "/path/to/the/qasm/file/name.qasm"
            qasm_name = qasm_path.split("/")[-1].split(".")[0]
            file_name = "_".join([backend, qasm_name, str(cu_size)]) + ".pkl"
            compilation_obj = os.path.join(self.data_dir, file_name)
            circ = self.get_qiskit_circ("qasm", qasm_path=qasm_path)
            circuit_list.append(circ)
            if not os.path.exists(compilation_obj):
                proc = back_manager.compile(circ)
                self.save_compilation_outcome(
                    self.data_dir, proc, qasm_name, backend, int(cu_size)
                )
            else:
                proc = self.load_compilation_outcome(
                    self.data_dir, qasm_name, backend, int(cu_size)
                )
            process_list.append(proc)
    
        print("\n==== Testing ===")
        print("\n==== qasm_list ===\n")
        print(qasm)
    
        # Naive
        st_time = time.time()
        naive_exes = proc_manager._select_naive(process_list)
        self.debug_exes(naive_exes)
        print(f"naive selection time\t{time.time() - st_time}")
        naive_exes = self.reconstruct_exes(naive_exes, process_list)
>       fid = self.get_fidelity(circuit_list, naive_exes)

tst/qvm/integration/qvm_test.py:228: 
_ _ _ _ _ _ _ _ _ _ _ _ _ _ _ _ _ _ _ _ _ _ _ _ _ _ _ _ _ _ _ _ _ _ _ _ _ _ _ _ 
tst/qvm/integration/qvm_test.py:166: in get_fidelity
    fid = fid_calculator.calc_fidelity(circ, results[i], shots=shots)
../qvm/util/circuit.py:247: in calc_fidelity
    pv_noise, _ = counts_to_vector(counts, num_qubits)
_ _ _ _ _ _ _ _ _ _ _ _ _ _ _ _ _ _ _ _ _ _ _ _ _ _ _ _ _ _ _ _ _ _ _ _ _ _ _ _ 

counts = {'10 010': 1, '11 100': 2, '00 011': 936, '00 111': 19, '11 000': 50, '01 101': 363, '00 101': 1724, '01 001': 16487, ...: 24, '01 011': 180, '10 011': 25, '00 010': 21, '10 111': 1050, '10 100': 26, '00 100': 40, '11 110': 38, '01 111': 3}
num_qubits = 5

    def counts_to_vector(counts: Counts, num_qubits: int) -> Tuple[np.ndarray, int]:
        """Transforms Counts to a probability vector"""
        vec = np.zeros(2**num_qubits, dtype=float)
        shots = 0
        for key, val in counts.items():
            shots += val
>           vec[int(key, 2)] = val
E           ValueError: invalid literal for int() with base 2: '10 010'

/root/anaconda3/envs/qcs-noise/lib/python3.10/site-packages/qiskit/result/mitigation/utils.py:93: ValueError
------------------------------ Captured log call -------------------------------
WARNING  root:graph.py:571 Failed to grow a subgraph from root: 26, current visited status: {0, 1, 3, 4, 5, 6, 8, 10, 12, 13, 18, 19, 20, 21, 22, 23, 25, 26, 34, 35, 36, 37, 42, 43, 44, 45, 49, 50, 51, 54}, error message is 'Cannot grow a graph that satisfy the subgraph size from current root: 26'
WARNING  root:graph.py:571 Failed to grow a subgraph from root: 40, current visited status: {0, 1, 3, 4, 5, 6, 8, 10, 12, 13, 18, 19, 20, 21, 22, 25, 26, 34, 35, 36, 37, 40, 42, 43, 44, 45, 49, 50, 51, 54}, error message is 'Cannot grow a graph that satisfy the subgraph size from current root: 40'
WARNING  root:graph.py:571 Failed to grow a subgraph from root: 9, current visited status: {0, 1, 3, 4, 5, 6, 8, 9, 10, 12, 13, 18, 19, 20, 21, 22, 25, 26, 27, 28, 30, 31, 32, 34, 35, 36, 37, 38, 39, 40, 41, 42, 43, 44, 45, 49, 50, 51, 52, 54, 55, 56, 57}, error message is 'Cannot grow a graph that satisfy the subgraph size from current root: 9'
WARNING  root:graph.py:571 Failed to grow a subgraph from root: 7, current visited status: {0, 1, 3, 4, 5, 6, 7, 8, 9, 10, 12, 13, 14, 15, 18, 19, 20, 21, 22, 24, 25, 26, 27, 28, 29, 30, 31, 32, 34, 35, 36, 37, 38, 39, 40, 41, 42, 43, 44, 45, 46, 47, 48, 49, 50, 51, 52, 53, 54, 55, 56, 57, 58, 59, 60, 61}, error message is 'Cannot grow a graph that satisfy the subgraph size from current root: 7'
WARNING  root:graph.py:571 Failed to grow a subgraph from root: 62, current visited status: {0, 1, 3, 4, 5, 6, 7, 8, 9, 10, 12, 13, 14, 15, 18, 19, 20, 21, 22, 24, 25, 26, 27, 28, 29, 30, 31, 32, 34, 35, 36, 37, 38, 39, 40, 41, 42, 43, 44, 45, 46, 47, 48, 49, 50, 51, 52, 53, 54, 55, 56, 57, 58, 59, 60, 61, 62, 63, 64}, error message is 'Cannot grow a graph that satisfy the subgraph size from current root: 62'
WARNING  root:graph.py:571 Failed to grow a subgraph from root: 16, current visited status: {0, 1, 3, 4, 5, 6, 7, 8, 9, 10, 11, 12, 13, 14, 15, 16, 17, 18, 19, 20, 21, 22, 24, 25, 26, 27, 28, 29, 30, 31, 32, 34, 35, 36, 37, 38, 39, 40, 41, 42, 43, 44, 45, 46, 47, 48, 49, 50, 51, 52, 53, 54, 55, 56, 57, 58, 59, 60, 61, 62}, error message is 'Cannot grow a graph that satisfy the subgraph size from current root: 16'
WARNING  root:graph.py:571 Failed to grow a subgraph from root: 23, current visited status: {0, 1, 3, 4, 5, 6, 7, 8, 9, 10, 12, 13, 14, 15, 16, 18, 19, 20, 21, 22, 23, 24, 25, 26, 27, 28, 29, 30, 31, 32, 34, 35, 36, 37, 38, 39, 40, 41, 42, 43, 44, 45, 46, 47, 48, 49, 50, 51, 52, 53, 54, 55, 56, 57, 58, 59, 60, 61, 62}, error message is 'Cannot grow a graph that satisfy the subgraph size from current root: 23'
WARNING  root:graph.py:571 Failed to grow a subgraph from root: 17, current visited status: {0, 1, 3, 4, 5, 6, 7, 8, 9, 10, 11, 12, 13, 14, 15, 16, 17, 18, 19, 20, 21, 22, 23, 24, 25, 26, 27, 28, 29, 30, 31, 32, 34, 35, 36, 37, 38, 39, 40, 41, 42, 43, 44, 45, 46, 47, 48, 49, 50, 51, 52, 53, 54, 55, 56, 57, 58, 59, 60, 61, 62}, error message is 'Cannot grow a graph that satisfy the subgraph size from current root: 17'
WARNING  root:graph.py:571 Failed to grow a subgraph from root: 63, current visited status: {0, 1, 3, 4, 5, 6, 7, 8, 9, 10, 12, 13, 14, 15, 16, 17, 18, 19, 20, 21, 22, 23, 24, 25, 26, 27, 28, 29, 30, 31, 32, 34, 35, 36, 37, 38, 39, 40, 41, 42, 43, 44, 45, 46, 47, 48, 49, 50, 51, 52, 53, 54, 55, 56, 57, 58, 59, 60, 61, 62, 63, 64}, error message is 'Cannot grow a graph that satisfy the subgraph size from current root: 63'
WARNING  root:graph.py:571 Failed to grow a subgraph from root: 64, current visited status: {0, 1, 3, 4, 5, 6, 7, 8, 9, 10, 12, 13, 14, 15, 16, 17, 18, 19, 20, 21, 22, 23, 24, 25, 26, 27, 28, 29, 30, 31, 32, 34, 35, 36, 37, 38, 39, 40, 41, 42, 43, 44, 45, 46, 47, 48, 49, 50, 51, 52, 53, 54, 55, 56, 57, 58, 59, 60, 61, 62, 63, 64}, error message is 'Cannot grow a graph that satisfy the subgraph size from current root: 64'
WARNING  root:graph.py:571 Failed to grow a subgraph from root: 11, current visited status: {0, 1, 3, 4, 5, 6, 7, 8, 9, 10, 11, 12, 13, 14, 15, 16, 17, 18, 19, 20, 21, 22, 23, 24, 25, 26, 27, 28, 29, 30, 31, 32, 34, 35, 36, 37, 38, 39, 40, 41, 42, 43, 44, 45, 46, 47, 48, 49, 50, 51, 52, 53, 54, 55, 56, 57, 58, 59, 60, 61, 62, 63, 64}, error message is 'Cannot grow a graph that satisfy the subgraph size from current root: 11'
WARNING  root:graph.py:571 Failed to grow a subgraph from root: 33, current visited status: {0, 1, 3, 4, 5, 6, 7, 8, 9, 10, 11, 12, 13, 14, 15, 16, 17, 18, 19, 20, 21, 22, 23, 24, 25, 26, 27, 28, 29, 30, 31, 32, 33, 34, 35, 36, 37, 38, 39, 40, 41, 42, 43, 44, 45, 46, 47, 48, 49, 50, 51, 52, 53, 54, 55, 56, 57, 58, 59, 60, 61, 62, 63, 64}, error message is 'Cannot grow a graph that satisfy the subgraph size from current root: 33'
WARNING  root:graph.py:571 Failed to grow a subgraph from root: 2, current visited status: {0, 1, 2, 3, 4, 5, 6, 7, 8, 9, 10, 11, 12, 13, 14, 15, 16, 17, 18, 19, 20, 21, 22, 23, 24, 25, 26, 27, 28, 29, 30, 31, 32, 33, 34, 35, 36, 37, 38, 39, 40, 41, 42, 43, 44, 45, 46, 47, 48, 49, 50, 51, 52, 53, 54, 55, 56, 57, 58, 59, 60, 61, 62, 63, 64}, error message is 'Cannot grow a graph that satisfy the subgraph size from current root: 2'
=============================== warnings summary ===============================
qcs/tst/qvm/integration/qvm_test.py::TestSelectMethods::test_select_methods[/root/projects/QASMBench/small//qec_sm_n5/qec_sm_n5.qasm,/root/projects/QASMBench/small//wstate_n3/wstate_n3.qasm,/root/projects/QASMBench/small//linearsolver_n3/linearsolver_n3.qasm-FakeBrooklyn-4]
qcs/tst/qvm/integration/qvm_test.py::TestSelectMethods::test_select_methods[/root/projects/QASMBench/small//qec_sm_n5/qec_sm_n5.qasm,/root/projects/QASMBench/small//wstate_n3/wstate_n3.qasm,/root/projects/QASMBench/small//linearsolver_n3/linearsolver_n3.qasm-FakeBrooklyn-4]
qcs/tst/qvm/integration/qvm_test.py::TestSelectMethods::test_select_methods[/root/projects/QASMBench/small//qec_sm_n5/qec_sm_n5.qasm,/root/projects/QASMBench/small//wstate_n3/wstate_n3.qasm,/root/projects/QASMBench/small//linearsolver_n3/linearsolver_n3.qasm-FakeBrooklyn-4]
  /root/anaconda3/envs/qcs-noise/lib/python3.10/site-packages/qiskit/providers/fake_provider/fake_backend.py:462: PendingDeprecationWarning: "warnings" argument will be deprecated as part of the qiskit-aer 0.12.0 and subsequently removed
    noise_model = NoiseModel.from_backend(self, warnings=False)

-- Docs: https://docs.pytest.org/en/stable/how-to/capture-warnings.html
=========================== short test summary info ============================
FAILED tst/qvm/integration/qvm_test.py::TestSelectMethods::test_select_methods[/root/projects/QASMBench/small/qec_sm_n5/qec_sm_n5.qasm,/root/projects/QASMBench/small/wstate_n3/wstate_n3.qasm,/root/projects/QASMBench/small/linearsolver_n3/linearsolver_n3.qasm-FakeBrooklyn-4]
================= 1 failed, 6 deselected, 3 warnings in 42.65s =================
